<?xml version="1.0" encoding="UTF-8"?>
<testsuites tests="6" failures="0" disabled="0" errors="0" timestamp="2020-04-28T17:30:39" time="0" name="AllTests">
  <testsuite name="AnEffectConfig" tests="6" failures="0" disabled="0" errors="0" time="0">
    <testcase name="canLoadCorrectlyWhenAllLinesAreValid" status="run" time="0" classname="AnEffectConfig" />
    <testcase name="isFineToLoadValidFiles" status="run" time="0" classname="AnEffectConfig" />
    <testcase name="reportsErrorWhenLoadANonExistFile" status="run" time="0" classname="AnEffectConfig" />
    <testcase name="reportsErrorWhenLoadAFileContainingInvalidUniformSemanticDefine" status="run" time="0" classname="AnEffectConfig" />
    <testcase name="reportsErrorWhenLoadAFileContainingInvalidAttributeSemanticDefine" status="run" time="0" classname="AnEffectConfig" />
    <testcase name="reportsErrorWhenLoadAFileContainingInvalidCompilerDefine" status="run" time="0" classname="AnEffectConfig" />
  </testsuite>
</testsuites>
