<?xml version="1.0" encoding="UTF-8"?>
<testsuites tests="2622" failures="0" disabled="7" errors="0" timestamp="2020-04-28T17:30:21" time="5.408" name="AllTests">
  <testsuite name="TypedArrayViewTestAndConst/0" tests="8" failures="0" disabled="0" errors="0" time="0">
    <testcase name="creationOfViewAndIterator" type_param="ramses_internal::ArrayView&lt;char&gt;" status="run" time="0" classname="TypedArrayViewTestAndConst/0" />
    <testcase name="beginAndEnd" type_param="ramses_internal::ArrayView&lt;char&gt;" status="run" time="0" classname="TypedArrayViewTestAndConst/0" />
    <testcase name="acceptsNullptr" type_param="ramses_internal::ArrayView&lt;char&gt;" status="run" time="0" classname="TypedArrayViewTestAndConst/0" />
    <testcase name="acceptsZeroSize" type_param="ramses_internal::ArrayView&lt;char&gt;" status="run" time="0" classname="TypedArrayViewTestAndConst/0" />
    <testcase name="constIteratorAccessOperatorTest" type_param="ramses_internal::ArrayView&lt;char&gt;" status="run" time="0" classname="TypedArrayViewTestAndConst/0" />
    <testcase name="iteratorIncreaseDecreaseOperatorTest" type_param="ramses_internal::ArrayView&lt;char&gt;" status="run" time="0" classname="TypedArrayViewTestAndConst/0" />
    <testcase name="iteratorArithmeticOperatorTest" type_param="ramses_internal::ArrayView&lt;char&gt;" status="run" time="0" classname="TypedArrayViewTestAndConst/0" />
    <testcase name="iteratorComparingOperatorTest" type_param="ramses_internal::ArrayView&lt;char&gt;" status="run" time="0" classname="TypedArrayViewTestAndConst/0" />
  </testsuite>
  <testsuite name="TypedArrayViewTestAndConst/1" tests="8" failures="0" disabled="0" errors="0" time="0">
    <testcase name="creationOfViewAndIterator" type_param="ramses_internal::ArrayView&lt;char&gt;" status="run" time="0" classname="TypedArrayViewTestAndConst/1" />
    <testcase name="beginAndEnd" type_param="ramses_internal::ArrayView&lt;char&gt;" status="run" time="0" classname="TypedArrayViewTestAndConst/1" />
    <testcase name="acceptsNullptr" type_param="ramses_internal::ArrayView&lt;char&gt;" status="run" time="0" classname="TypedArrayViewTestAndConst/1" />
    <testcase name="acceptsZeroSize" type_param="ramses_internal::ArrayView&lt;char&gt;" status="run" time="0" classname="TypedArrayViewTestAndConst/1" />
    <testcase name="constIteratorAccessOperatorTest" type_param="ramses_internal::ArrayView&lt;char&gt;" status="run" time="0" classname="TypedArrayViewTestAndConst/1" />
    <testcase name="iteratorIncreaseDecreaseOperatorTest" type_param="ramses_internal::ArrayView&lt;char&gt;" status="run" time="0" classname="TypedArrayViewTestAndConst/1" />
    <testcase name="iteratorArithmeticOperatorTest" type_param="ramses_internal::ArrayView&lt;char&gt;" status="run" time="0" classname="TypedArrayViewTestAndConst/1" />
    <testcase name="iteratorComparingOperatorTest" type_param="ramses_internal::ArrayView&lt;char&gt;" status="run" time="0" classname="TypedArrayViewTestAndConst/1" />
  </testsuite>
  <testsuite name="TypedArrayViewTestAndConst/2" tests="8" failures="0" disabled="0" errors="0" time="0">
    <testcase name="creationOfViewAndIterator" type_param="ramses_internal::ArrayView&lt;unsigned int&gt;" status="run" time="0" classname="TypedArrayViewTestAndConst/2" />
    <testcase name="beginAndEnd" type_param="ramses_internal::ArrayView&lt;unsigned int&gt;" status="run" time="0" classname="TypedArrayViewTestAndConst/2" />
    <testcase name="acceptsNullptr" type_param="ramses_internal::ArrayView&lt;unsigned int&gt;" status="run" time="0" classname="TypedArrayViewTestAndConst/2" />
    <testcase name="acceptsZeroSize" type_param="ramses_internal::ArrayView&lt;unsigned int&gt;" status="run" time="0" classname="TypedArrayViewTestAndConst/2" />
    <testcase name="constIteratorAccessOperatorTest" type_param="ramses_internal::ArrayView&lt;unsigned int&gt;" status="run" time="0" classname="TypedArrayViewTestAndConst/2" />
    <testcase name="iteratorIncreaseDecreaseOperatorTest" type_param="ramses_internal::ArrayView&lt;unsigned int&gt;" status="run" time="0" classname="TypedArrayViewTestAndConst/2" />
    <testcase name="iteratorArithmeticOperatorTest" type_param="ramses_internal::ArrayView&lt;unsigned int&gt;" status="run" time="0" classname="TypedArrayViewTestAndConst/2" />
    <testcase name="iteratorComparingOperatorTest" type_param="ramses_internal::ArrayView&lt;unsigned int&gt;" status="run" time="0" classname="TypedArrayViewTestAndConst/2" />
  </testsuite>
  <testsuite name="TypedArrayViewTestAndConst/3" tests="8" failures="0" disabled="0" errors="0" time="0">
    <testcase name="creationOfViewAndIterator" type_param="ramses_internal::ArrayView&lt;unsigned short&gt;" status="run" time="0" classname="TypedArrayViewTestAndConst/3" />
    <testcase name="beginAndEnd" type_param="ramses_internal::ArrayView&lt;unsigned short&gt;" status="run" time="0" classname="TypedArrayViewTestAndConst/3" />
    <testcase name="acceptsNullptr" type_param="ramses_internal::ArrayView&lt;unsigned short&gt;" status="run" time="0" classname="TypedArrayViewTestAndConst/3" />
    <testcase name="acceptsZeroSize" type_param="ramses_internal::ArrayView&lt;unsigned short&gt;" status="run" time="0" classname="TypedArrayViewTestAndConst/3" />
    <testcase name="constIteratorAccessOperatorTest" type_param="ramses_internal::ArrayView&lt;unsigned short&gt;" status="run" time="0" classname="TypedArrayViewTestAndConst/3" />
    <testcase name="iteratorIncreaseDecreaseOperatorTest" type_param="ramses_internal::ArrayView&lt;unsigned short&gt;" status="run" time="0" classname="TypedArrayViewTestAndConst/3" />
    <testcase name="iteratorArithmeticOperatorTest" type_param="ramses_internal::ArrayView&lt;unsigned short&gt;" status="run" time="0" classname="TypedArrayViewTestAndConst/3" />
    <testcase name="iteratorComparingOperatorTest" type_param="ramses_internal::ArrayView&lt;unsigned short&gt;" status="run" time="0" classname="TypedArrayViewTestAndConst/3" />
  </testsuite>
  <testsuite name="TypedArrayViewTest/0" tests="3" failures="0" disabled="0" errors="0" time="0">
    <testcase name="iteratorAccessOperatorTest" type_param="ramses_internal::ArrayView&lt;char&gt;" status="run" time="0" classname="TypedArrayViewTest/0" />
    <testcase name="ConstIteratorAccessOperatorTest" type_param="ramses_internal::ArrayView&lt;char&gt;" status="run" time="0" classname="TypedArrayViewTest/0" />
    <testcase name="simpleIteration" type_param="ramses_internal::ArrayView&lt;char&gt;" status="run" time="0" classname="TypedArrayViewTest/0" />
  </testsuite>
  <testsuite name="TypedArrayViewTest/1" tests="3" failures="0" disabled="0" errors="0" time="0">
    <testcase name="iteratorAccessOperatorTest" type_param="ramses_internal::ArrayView&lt;unsigned int&gt;" status="run" time="0" classname="TypedArrayViewTest/1" />
    <testcase name="ConstIteratorAccessOperatorTest" type_param="ramses_internal::ArrayView&lt;unsigned int&gt;" status="run" time="0" classname="TypedArrayViewTest/1" />
    <testcase name="simpleIteration" type_param="ramses_internal::ArrayView&lt;unsigned int&gt;" status="run" time="0" classname="TypedArrayViewTest/1" />
  </testsuite>
  <testsuite name="TypedArrayViewTest/2" tests="3" failures="0" disabled="0" errors="0" time="0">
    <testcase name="iteratorAccessOperatorTest" type_param="ramses_internal::ArrayView&lt;unsigned short&gt;" status="run" time="0" classname="TypedArrayViewTest/2" />
    <testcase name="ConstIteratorAccessOperatorTest" type_param="ramses_internal::ArrayView&lt;unsigned short&gt;" status="run" time="0" classname="TypedArrayViewTest/2" />
    <testcase name="simpleIteration" type_param="ramses_internal::ArrayView&lt;unsigned short&gt;" status="run" time="0" classname="TypedArrayViewTest/2" />
  </testsuite>
  <testsuite name="ArrayViewTest" tests="1" failures="0" disabled="0" errors="0" time="0">
    <testcase name="worksWithRandomIteratorAlgorithms" status="run" time="0" classname="ArrayViewTest" />
  </testsuite>
  <testsuite name="ABlockingQueue" tests="5" failures="0" disabled="0" errors="0" time="0.621">
    <testcase name="canPushAndPopValue" status="run" time="0" classname="ABlockingQueue" />
    <testcase name="canPushAndPopMultipleValuesAsFifo" status="run" time="0.001" classname="ABlockingQueue" />
    <testcase name="hasTimeoutWhenPoppingEmptyQueue" status="run" time="0.01" classname="ABlockingQueue" />
    <testcase name="isEmptyIfNoElementsInside" status="run" time="0" classname="ABlockingQueue" />
    <testcase name="confidence_canPushAndPopFromMultipleThreads" status="run" time="0.61" classname="ABlockingQueue" />
  </testsuite>
  <testsuite name="GuidTest" tests="28" failures="0" disabled="0" errors="0" time="0.001">
    <testcase name="TestNewAreNotEqual" status="run" time="0.001" classname="GuidTest" />
    <testcase name="TestParseAreEqual1" status="run" time="0" classname="GuidTest" />
    <testcase name="TestParseInvalidGuid1" status="run" time="0" classname="GuidTest" />
    <testcase name="TestParseInvalidGuid2" status="run" time="0" classname="GuidTest" />
    <testcase name="TestParseInvalidGuid3" status="run" time="0" classname="GuidTest" />
    <testcase name="TestParseToString1" status="run" time="0" classname="GuidTest" />
    <testcase name="TestParseToString2" status="run" time="0" classname="GuidTest" />
    <testcase name="TestCopyConstructor" status="run" time="0" classname="GuidTest" />
    <testcase name="TestAssignmentOperator1" status="run" time="0" classname="GuidTest" />
    <testcase name="TestParse1" status="run" time="0" classname="GuidTest" />
    <testcase name="TestParse2" status="run" time="0" classname="GuidTest" />
    <testcase name="CopyConstructor" status="run" time="0" classname="GuidTest" />
    <testcase name="ExpectUuidStructPacked" status="run" time="0" classname="GuidTest" />
    <testcase name="HashGuid" status="run" time="0" classname="GuidTest" />
    <testcase name="HashersForGuidEqual" status="run" time="0" classname="GuidTest" />
    <testcase name="createsRandom" status="run" time="0" classname="GuidTest" />
    <testcase name="copyConstructor" status="run" time="0" classname="GuidTest" />
    <testcase name="createFromString" status="run" time="0" classname="GuidTest" />
    <testcase name="canCreateAlwaysSameInvalidGuid" status="run" time="0" classname="GuidTest" />
    <testcase name="InvalidGuidIsInvalidOthersNot" status="run" time="0" classname="GuidTest" />
    <testcase name="writeToStringOutputStream_full" status="run" time="0" classname="GuidTest" />
    <testcase name="writeToStringOutputStream_leading_zeros" status="run" time="0" classname="GuidTest" />
    <testcase name="writeToStringOutputStream_zero" status="run" time="0" classname="GuidTest" />
    <testcase name="writeToStringOutputStream_specialNumber" status="run" time="0" classname="GuidTest" />
    <testcase name="get64" status="run" time="0" classname="GuidTest" />
    <testcase name="initFrom64" status="run" time="0" classname="GuidTest" />
    <testcase name="writeReadToBinaryStream" status="run" time="0" classname="GuidTest" />
    <testcase name="readBinaryStreamWithUpperBytesSet" status="run" time="0" classname="GuidTest" />
  </testsuite>
  <testsuite name="AHeapArray" tests="9" failures="0" disabled="0" errors="0" time="0">
    <testcase name="DefaultCtorCreatesEmpty" status="run" time="0" classname="AHeapArray" />
    <testcase name="CanCreateWithSize" status="run" time="0" classname="AHeapArray" />
    <testcase name="CanCreateWithSizeAndData" status="run" time="0" classname="AHeapArray" />
    <testcase name="CanGetConstData" status="run" time="0" classname="AHeapArray" />
    <testcase name="IsZeroAfterSetZero" status="run" time="0" classname="AHeapArray" />
    <testcase name="CanMoveConstruct" status="run" time="0" classname="AHeapArray" />
    <testcase name="CanMoveAssign" status="run" time="0" classname="AHeapArray" />
    <testcase name="canBeStronglyTyped" status="run" time="0" classname="AHeapArray" />
    <testcase name="canBeReconstructedWithOtherSize" status="run" time="0" classname="AHeapArray" />
  </testsuite>
  <testsuite name="AIInutOutputStream" tests="12" failures="0" disabled="0" errors="0" time="0">
    <testcase name="verifyUint32" status="run" time="0" classname="AIInutOutputStream" />
    <testcase name="verifyInt32" status="run" time="0" classname="AIInutOutputStream" />
    <testcase name="verifyUint64" status="run" time="0" classname="AIInutOutputStream" />
    <testcase name="verifyInt64" status="run" time="0" classname="AIInutOutputStream" />
    <testcase name="verifyUint16" status="run" time="0" classname="AIInutOutputStream" />
    <testcase name="verifyInt16" status="run" time="0" classname="AIInutOutputStream" />
    <testcase name="verifyUint8" status="run" time="0" classname="AIInutOutputStream" />
    <testcase name="verifyInt8" status="run" time="0" classname="AIInutOutputStream" />
    <testcase name="verifyBool" status="run" time="0" classname="AIInutOutputStream" />
    <testcase name="verifyFloat" status="run" time="0" classname="AIInutOutputStream" />
    <testcase name="verifyEnum" status="run" time="0" classname="AIInutOutputStream" />
    <testcase name="verifyEnum8" status="run" time="0" classname="AIInutOutputStream" />
  </testsuite>
  <testsuite name="PlatformMath" tests="3" failures="0" disabled="0" errors="0" time="0">
    <testcase name="PI" status="run" time="0" classname="PlatformMath" />
    <testcase name="Rad2Deg" status="run" time="0" classname="PlatformMath" />
    <testcase name="Deg2Rad" status="run" time="0" classname="PlatformMath" />
  </testsuite>
  <testsuite name="NumericLimits" tests="2" failures="0" disabled="0" errors="0" time="0">
    <testcase name="ensureAvailableForAlltypes" status="run" time="0" classname="NumericLimits" />
    <testcase name="testLimits" status="run" time="0" classname="NumericLimits" />
  </testsuite>
  <testsuite name="Endianess" tests="1" failures="0" disabled="0" errors="0" time="0">
    <testcase name="isLittleEndianOnAllRamsesSystems" status="run" time="0" classname="Endianess" />
  </testsuite>
  <testsuite name="EnvironmentVariables" tests="4" failures="0" disabled="0" errors="0" time="0">
    <testcase name="getTest" status="run" time="0" classname="EnvironmentVariables" />
    <testcase name="hasTest" status="run" time="0" classname="EnvironmentVariables" />
    <testcase name="setTest" status="run" time="0" classname="EnvironmentVariables" />
    <testcase name="unsetTest" status="run" time="0" classname="EnvironmentVariables" />
  </testsuite>
  <testsuite name="PlatformSignal" tests="1" failures="0" disabled="0" errors="0" time="0">
    <testcase name="signalAndRaise" status="run" time="0" classname="PlatformSignal" />
  </testsuite>
  <testsuite name="APlatformThread" tests="7" failures="0" disabled="0" errors="0" time="0.011">
    <testcase name="Constructor" status="run" time="0" classname="APlatformThread" />
    <testcase name="TwoThreadsAtOnce" status="run" time="0.001" classname="APlatformThread" />
    <testcase name="reuseThread" status="run" time="0" classname="APlatformThread" />
    <testcase name="startAndCancelTest" status="run" time="0" classname="APlatformThread" />
    <testcase name="joinWithoutStartingIsOK" status="run" time="0" classname="APlatformThread" />
    <testcase name="cancelWithoutRunnable" status="run" time="0" classname="APlatformThread" />
    <testcase name="stateLifecycle" status="run" time="0.01" classname="APlatformThread" />
  </testsuite>
  <testsuite name="Thread" tests="1" failures="0" disabled="0" errors="0" time="0">
    <testcase name="getId" status="run" time="0" classname="Thread" />
  </testsuite>
  <testsuite name="PlatformTimeSynchronized" tests="5" failures="0" disabled="1" errors="0" time="0.06">
    <testcase name="nowNotZero" status="run" time="0" classname="PlatformTimeSynchronized" />
    <testcase name="expectTimeProgressed" status="run" time="0.06" classname="PlatformTimeSynchronized" />
    <testcase name="non_ptp_behavesAsSystemClock" status="run" time="0" classname="PlatformTimeSynchronized" />
    <testcase name="integralConversionsWork" status="run" time="0" classname="PlatformTimeSynchronized" />
    <testcase name="DISABLED_longerTimeDiffTest" status="notrun" time="0" classname="PlatformTimeSynchronized" />
  </testsuite>
  <testsuite name="PlatformTimeMonotonic" tests="6" failures="0" disabled="1" errors="0" time="0.181">
    <testcase name="notZero" status="run" time="0" classname="PlatformTimeMonotonic" />
    <testcase name="doesNotMoveBackward" status="run" time="0.06" classname="PlatformTimeMonotonic" />
    <testcase name="expectTimeProgressed_Milliseconds" status="run" time="0.061" classname="PlatformTimeMonotonic" />
    <testcase name="expectTimeProgressed_Microseconds" status="run" time="0.06" classname="PlatformTimeMonotonic" />
    <testcase name="integralConversionsWork" status="run" time="0" classname="PlatformTimeMonotonic" />
    <testcase name="DISABLED_getMicrosecondsTestLongTime_Monotonic" status="notrun" time="0" classname="PlatformTimeMonotonic" />
  </testsuite>
  <testsuite name="PlatformTimeAbsolute" tests="4" failures="0" disabled="1" errors="0" time="0">
    <testcase name="notZero" status="run" time="0" classname="PlatformTimeAbsolute" />
    <testcase name="isBiggerThanSomeReferenceTime" status="run" time="0" classname="PlatformTimeAbsolute" />
    <testcase name="integralConversionsWork" status="run" time="0" classname="PlatformTimeAbsolute" />
    <testcase name="DISABLED_getMicrosecondsTestLongTime_Absolute" status="notrun" time="0" classname="PlatformTimeAbsolute" />
  </testsuite>
  <testsuite name="AStringOutputStream" tests="48" failures="0" disabled="0" errors="0" time="0">
    <testcase name="WriteFloatWithDefaultPrecision" status="run" time="0" classname="AStringOutputStream" />
    <testcase name="WriteFloatMaximumNegativeWithDefaultPrecision" status="run" time="0" classname="AStringOutputStream" />
    <testcase name="WriteFloatZeroWithMaximumPrecision" status="run" time="0" classname="AStringOutputStream" />
    <testcase name="WriteFloatZeroWithCappedToMaximumPrecision" status="run" time="0" classname="AStringOutputStream" />
    <testcase name="WriteFloatSmallestNegativeWithMaximumPrecision" status="run" time="0" classname="AStringOutputStream" />
    <testcase name="WriteInt32" status="run" time="0" classname="AStringOutputStream" />
    <testcase name="WriteUInt32" status="run" time="0" classname="AStringOutputStream" />
    <testcase name="WriteInt64" status="run" time="0" classname="AStringOutputStream" />
    <testcase name="WriteUInt64" status="run" time="0" classname="AStringOutputStream" />
    <testcase name="WriteString" status="run" time="0" classname="AStringOutputStream" />
    <testcase name="WriteStdString" status="run" time="0" classname="AStringOutputStream" />
    <testcase name="WriteBoolTrue" status="run" time="0" classname="AStringOutputStream" />
    <testcase name="WriteBoolFalse" status="run" time="0" classname="AStringOutputStream" />
    <testcase name="WriteCharArray" status="run" time="0" classname="AStringOutputStream" />
    <testcase name="WriteChar" status="run" time="0" classname="AStringOutputStream" />
    <testcase name="WriteUInt16" status="run" time="0" classname="AStringOutputStream" />
    <testcase name="WriteFixed" status="run" time="0" classname="AStringOutputStream" />
    <testcase name="Clear" status="run" time="0" classname="AStringOutputStream" />
    <testcase name="AutoFlush" status="run" time="0" classname="AStringOutputStream" />
    <testcase name="Flush" status="run" time="0" classname="AStringOutputStream" />
    <testcase name="MultipleData" status="run" time="0" classname="AStringOutputStream" />
    <testcase name="Resize" status="run" time="0" classname="AStringOutputStream" />
    <testcase name="C_StrIsNullTerminatedForConstStreams" status="run" time="0" classname="AStringOutputStream" />
    <testcase name="WriteUInt32HexNoLeadingZero" status="run" time="0" classname="AStringOutputStream" />
    <testcase name="WriteUInt32HexLeadingZero" status="run" time="0" classname="AStringOutputStream" />
    <testcase name="WriteInt32HexNoLeadingZero" status="run" time="0" classname="AStringOutputStream" />
    <testcase name="WriteInt32HexLeadingZero" status="run" time="0" classname="AStringOutputStream" />
    <testcase name="WriteInt32HexNegativeValue" status="run" time="0" classname="AStringOutputStream" />
    <testcase name="WriteUInt64HexNoLeadingZero" status="run" time="0" classname="AStringOutputStream" />
    <testcase name="WriteUInt64HexLeadingZero" status="run" time="0" classname="AStringOutputStream" />
    <testcase name="WriteInt64HexNoLeadingZero" status="run" time="0" classname="AStringOutputStream" />
    <testcase name="WriteInt64HexLeadingZero" status="run" time="0" classname="AStringOutputStream" />
    <testcase name="WriteInt64HexNegativeValue" status="run" time="0" classname="AStringOutputStream" />
    <testcase name="WriteUInt16HexLeadingZero" status="run" time="0" classname="AStringOutputStream" />
    <testcase name="WriteUInt16HexNoLeadingZero" status="run" time="0" classname="AStringOutputStream" />
    <testcase name="WriteInt16HexLeadingZero" status="run" time="0" classname="AStringOutputStream" />
    <testcase name="WriteInt16HexNoLeadingZero" status="run" time="0" classname="AStringOutputStream" />
    <testcase name="WriteInt16HexNegativeValue" status="run" time="0" classname="AStringOutputStream" />
    <testcase name="hasLengthZeroIntially" status="run" time="0" classname="AStringOutputStream" />
    <testcase name="returnsCorrectLength" status="run" time="0" classname="AStringOutputStream" />
    <testcase name="PrintsNullVoidPointerAsHex" status="run" time="0" classname="AStringOutputStream" />
    <testcase name="PrintsNonNullVoidPointerAsHex" status="run" time="0" classname="AStringOutputStream" />
    <testcase name="Matrix44f" status="run" time="0" classname="AStringOutputStream" />
    <testcase name="releaseReturnsStringAndClearsStream" status="run" time="0" classname="AStringOutputStream" />
    <testcase name="ToStringWorksForStreamableTypes" status="run" time="0" classname="AStringOutputStream" />
    <testcase name="CanGetUnderlayingString" status="run" time="0" classname="AStringOutputStream" />
    <testcase name="CanConstructWithString" status="run" time="0" classname="AStringOutputStream" />
    <testcase name="CanConstructWithStdString" status="run" time="0" classname="AStringOutputStream" />
  </testsuite>
  <testsuite name="String" tests="75" failures="0" disabled="0" errors="0" time="0.001">
    <testcase name="TestCTor" status="run" time="0" classname="String" />
    <testcase name="TestCStr" status="run" time="0" classname="String" />
    <testcase name="TestCopyConstructor" status="run" time="0" classname="String" />
    <testcase name="InitialSizeConstructor" status="run" time="0" classname="String" />
    <testcase name="ConstructWithEmptyStringIsEmpty" status="run" time="0" classname="String" />
    <testcase name="TestAssignOperator1" status="run" time="0" classname="String" />
    <testcase name="MoveConstructor" status="run" time="0" classname="String" />
    <testcase name="MoveAssignment" status="run" time="0" classname="String" />
    <testcase name="TestToLowerCase1" status="run" time="0" classname="String" />
    <testcase name="TestToLowerCase2" status="run" time="0" classname="String" />
    <testcase name="TestToLowerCase3" status="run" time="0" classname="String" />
    <testcase name="TestToLowerCase4" status="run" time="0" classname="String" />
    <testcase name="TestToLowerCase5" status="run" time="0" classname="String" />
    <testcase name="TestToUpperCase1" status="run" time="0" classname="String" />
    <testcase name="TestToUpperCase2" status="run" time="0" classname="String" />
    <testcase name="TestToUpperCase3" status="run" time="0" classname="String" />
    <testcase name="TestToUpperCase4" status="run" time="0" classname="String" />
    <testcase name="TestToUpperCase5" status="run" time="0" classname="String" />
    <testcase name="TestAssignOperator2" status="run" time="0" classname="String" />
    <testcase name="TestAssignOperator3" status="run" time="0" classname="String" />
    <testcase name="TestAssignOperator4" status="run" time="0" classname="String" />
    <testcase name="TestAssignOperator5" status="run" time="0" classname="String" />
    <testcase name="TestAssignOperator6" status="run" time="0" classname="String" />
    <testcase name="TestAppend1" status="run" time="0" classname="String" />
    <testcase name="TestAppend2" status="run" time="0" classname="String" />
    <testcase name="TestAppend3" status="run" time="0" classname="String" />
    <testcase name="TestAppend4" status="run" time="0" classname="String" />
    <testcase name="TestAppend5" status="run" time="0" classname="String" />
    <testcase name="TestPlusOperator1" status="run" time="0" classname="String" />
    <testcase name="TestPlusOperator2" status="run" time="0" classname="String" />
    <testcase name="TestPlusOperator3" status="run" time="0" classname="String" />
    <testcase name="TestPlusOperator4" status="run" time="0" classname="String" />
    <testcase name="TestPlusOperator5" status="run" time="0" classname="String" />
    <testcase name="TestAddition" status="run" time="0" classname="String" />
    <testcase name="TestAddAssignString" status="run" time="0" classname="String" />
    <testcase name="TestAddAssignChar" status="run" time="0" classname="String" />
    <testcase name="TestSubStringCTor1" status="run" time="0" classname="String" />
    <testcase name="TestSubStringCTor4" status="run" time="0" classname="String" />
    <testcase name="TestSubStringCTor5" status="run" time="0" classname="String" />
    <testcase name="TestSubStringCTor6" status="run" time="0" classname="String" />
    <testcase name="TestSubStringCTorWithoutNullTermintor" status="run" time="0" classname="String" />
    <testcase name="AccessOperator" status="run" time="0" classname="String" />
    <testcase name="AutoCast" status="run" time="0" classname="String" />
    <testcase name="Equals1" status="run" time="0" classname="String" />
    <testcase name="Equals2" status="run" time="0" classname="String" />
    <testcase name="Equals3" status="run" time="0" classname="String" />
    <testcase name="Equals4" status="run" time="0" classname="String" />
    <testcase name="NotEquals1" status="run" time="0" classname="String" />
    <testcase name="NotEquals2" status="run" time="0" classname="String" />
    <testcase name="NotEquals3" status="run" time="0" classname="String" />
    <testcase name="SmallerGreater1" status="run" time="0" classname="String" />
    <testcase name="SmallerGreater2" status="run" time="0" classname="String" />
    <testcase name="SmallerGreater3" status="run" time="0" classname="String" />
    <testcase name="SmallerGreater4" status="run" time="0" classname="String" />
    <testcase name="FindChar" status="run" time="0" classname="String" />
    <testcase name="FindCharOffset" status="run" time="0" classname="String" />
    <testcase name="FindStringOffset" status="run" time="0" classname="String" />
    <testcase name="RFindChar" status="run" time="0" classname="String" />
    <testcase name="FindSubstring" status="run" time="0" classname="String" />
    <testcase name="GetSubstring" status="run" time="0" classname="String" />
    <testcase name="StartsWith" status="run" time="0" classname="String" />
    <testcase name="EndsWith" status="run" time="0" classname="String" />
    <testcase name="TestDataGetterOnEmptyString" status="run" time="0" classname="String" />
    <testcase name="TestDataGetterOnNonEmptyString" status="run" time="0" classname="String" />
    <testcase name="ResizeAnEmptyString" status="run" time="0" classname="String" />
    <testcase name="ResizeToSmaller" status="run" time="0" classname="String" />
    <testcase name="IsNullterminatedAlsoAfterResizing" status="run" time="0" classname="String" />
    <testcase name="IsNullterminatedAlsoAfterResizingToZero" status="run" time="0" classname="String" />
    <testcase name="ResizeReallyAllocatesEnough" status="run" time="0" classname="String" />
    <testcase name="ReservePreventReallocAndCapacityChange" status="run" time="0" classname="String" />
    <testcase name="reserveOnEmptyStringSetCapacityOnAtLeastThisValue" status="run" time="0" classname="String" />
    <testcase name="reserveMoreOnNonOnEmptyStringSetCapacityOnAtLeastThisValue" status="run" time="0" classname="String" />
    <testcase name="reserveLessThanSizeDoesNothing" status="run" time="0" classname="String" />
    <testcase name="HashMapWithString" status="run" time="0" classname="String" />
    <testcase name="HashMapWithStdString" status="run" time="0" classname="String" />
  </testsuite>
  <testsuite name="AString" tests="4" failures="0" disabled="0" errors="0" time="0">
    <testcase name="serializeDeserializeString" status="run" time="0" classname="AString" />
    <testcase name="serializeDeserializeStdString" status="run" time="0" classname="AString" />
    <testcase name="serializeDeserializeRamsesToStdString" status="run" time="0" classname="AString" />
    <testcase name="serializeDeserializeStdToRamsesString" status="run" time="0" classname="AString" />
  </testsuite>
  <testsuite name="AVector" tests="8" failures="0" disabled="0" errors="0" time="0">
    <testcase name="isInitiallyEmpty" status="run" time="0" classname="AVector" />
    <testcase name="canBeConstructedWithDefaultValues" status="run" time="0" classname="AVector" />
    <testcase name="canBeConstructedWithGivenValue" status="run" time="0" classname="AVector" />
    <testcase name="canBeInitializedFromInitializerList" status="run" time="0" classname="AVector" />
    <testcase name="canBeCopyConstructed" status="run" time="0" classname="AVector" />
    <testcase name="canBeAssignTo" status="run" time="0" classname="AVector" />
    <testcase name="canBeMoveConstructed" status="run" time="0" classname="AVector" />
    <testcase name="canBeMoveAssigned" status="run" time="0" classname="AVector" />
  </testsuite>
  <testsuite name="APILoggingHelperTest" tests="3" failures="0" disabled="0" errors="0" time="0">
    <testcase name="emptyArgumentsTest" status="run" time="0" classname="APILoggingHelperTest" />
    <testcase name="singleArgumentTest" status="run" time="0" classname="APILoggingHelperTest" />
    <testcase name="multiArgumentsTest" status="run" time="0" classname="APILoggingHelperTest" />
  </testsuite>
  <testsuite name="ACommandContainer" tests="4" failures="0" disabled="0" errors="0" time="0">
    <testcase name="isEmptyAfterCreation" status="run" time="0" classname="ACommandContainer" />
    <testcase name="canAddAndGetCommand" status="run" time="0" classname="ACommandContainer" />
    <testcase name="canClearCommands" status="run" time="0" classname="ACommandContainer" />
    <testcase name="canSwapContent" status="run" time="0" classname="ACommandContainer" />
  </testsuite>
  <testsuite name="ACommand" tests="2" failures="0" disabled="0" errors="0" time="0">
    <testcase name="CanBeCreated" status="run" time="0" classname="ACommand" />
    <testcase name="canConvertToItsType" status="run" time="0" classname="ACommand" />
  </testsuite>
  <testsuite name="DcsmApiTypes" tests="2" failures="0" disabled="0" errors="0" time="0">
    <testcase name="hasSizeInfoComparison" status="run" time="0" classname="DcsmApiTypes" />
    <testcase name="hasAnimationInformationComparison" status="run" time="0" classname="DcsmApiTypes" />
  </testsuite>
  <testsuite name="ADcsmConsumer" tests="7" failures="0" disabled="0" errors="0" time="0.003">
    <testcase name="canCreateAndDestroy" status="run" time="0.001" classname="ADcsmConsumer" />
    <testcase name="canCreateAndLetFrameworkDestroy" status="run" time="0" classname="ADcsmConsumer" />
    <testcase name="cannotCreateTwiceOnSameFramework" status="run" time="0" classname="ADcsmConsumer" />
    <testcase name="cannotDestroyConsumerFromOtherFramework" status="run" time="0.001" classname="ADcsmConsumer" />
    <testcase name="canCreateAndDestroyConsumerOnDifferentFrameworksSimultaneously" status="run" time="0.001" classname="ADcsmConsumer" />
    <testcase name="emptyDispatchSucceeds" status="run" time="0" classname="ADcsmConsumer" />
    <testcase name="sendCallWithUnknownContentFails" status="run" time="0" classname="ADcsmConsumer" />
  </testsuite>
  <testsuite name="ADcsmMetadataCreator" tests="10" failures="0" disabled="0" errors="0" time="0">
    <testcase name="initiallyEmpty" status="run" time="0" classname="ADcsmMetadataCreator" />
    <testcase name="canSetPreviewImagePng" status="run" time="0" classname="ADcsmMetadataCreator" />
    <testcase name="failsForInvalidPreviewImagePng" status="run" time="0" classname="ADcsmMetadataCreator" />
    <testcase name="canSetPreviewDescription" status="run" time="0" classname="ADcsmMetadataCreator" />
    <testcase name="canSetWidgetOrder" status="run" time="0" classname="ADcsmMetadataCreator" />
    <testcase name="canSetWidgetBackgroundID" status="run" time="0" classname="ADcsmMetadataCreator" />
    <testcase name="canSetWidgetHUDLineID" status="run" time="0" classname="ADcsmMetadataCreator" />
    <testcase name="canSetCarModel" status="run" time="0" classname="ADcsmMetadataCreator" />
    <testcase name="canSetCarModelView" status="run" time="0" classname="ADcsmMetadataCreator" />
    <testcase name="canSetCarModelVisibility" status="run" time="0" classname="ADcsmMetadataCreator" />
  </testsuite>
  <testsuite name="ADcsmMetadataUpdate" tests="9" failures="0" disabled="0" errors="0" time="0">
    <testcase name="emptyObjectReturnsEmptyMetadata" status="run" time="0" classname="ADcsmMetadataUpdate" />
    <testcase name="returnsPreviewImagePng" status="run" time="0" classname="ADcsmMetadataUpdate" />
    <testcase name="returnsPreviewDescription" status="run" time="0" classname="ADcsmMetadataUpdate" />
    <testcase name="returnsWidgetOrder" status="run" time="0" classname="ADcsmMetadataUpdate" />
    <testcase name="returnsWidgetBackgroundID" status="run" time="0" classname="ADcsmMetadataUpdate" />
    <testcase name="returnsWidgetHUDLineID" status="run" time="0" classname="ADcsmMetadataUpdate" />
    <testcase name="returnsCarModel" status="run" time="0" classname="ADcsmMetadataUpdate" />
    <testcase name="returnsCarModelView" status="run" time="0" classname="ADcsmMetadataUpdate" />
    <testcase name="returnsCarModelVisibility" status="run" time="0" classname="ADcsmMetadataUpdate" />
  </testsuite>
  <testsuite name="ADcsmProvider" tests="47" failures="0" disabled="0" errors="0" time="0.005">
    <testcase name="callsLocalProviderAvailabilityOnConstructionAndDestruction" status="run" time="0" classname="ADcsmProvider" />
    <testcase name="callsDispatchOnDcsmClientWhenDispatchIsCalledAndReturnsOK" status="run" time="0" classname="ADcsmProvider" />
    <testcase name="canOfferContent" status="run" time="0" classname="ADcsmProvider" />
    <testcase name="canOfferContentWithMetadata" status="run" time="0" classname="ADcsmProvider" />
    <testcase name="willIgnoreAllButOneOfferContent" status="run" time="0" classname="ADcsmProvider" />
    <testcase name="willIgnoreAllButOneOfferContentAfterOfferWithMetadata" status="run" time="0" classname="ADcsmProvider" />
    <testcase name="willAcceptSameSceneIDForDifferentContents" status="run" time="0" classname="ADcsmProvider" />
    <testcase name="willAutomaticallyReplyContentReadyIfContentIsMarkedReadyAndNotCallCallback" status="run" time="0" classname="ADcsmProvider" />
    <testcase name="willCallCallbackIfContentNotMarkedReady" status="run" time="0" classname="ADcsmProvider" />
    <testcase name="willReplyContentReadyOnceContentIsMarkedReady" status="run" time="0" classname="ADcsmProvider" />
    <testcase name="ignoresStateChangeRequestToSameState" status="run" time="0" classname="ADcsmProvider" />
    <testcase name="callsCallbackForEachSizeChangedWithCorrectSizeInfoAndAnimInformation" status="run" time="0" classname="ADcsmProvider" />
    <testcase name="callsCallbackForEachStatusChangedWithCorrectAnimInformation" status="run" time="0.001" classname="ADcsmProvider" />
    <testcase name="callsSizeChangedCallbackOnStatusChangedToAssignedFromOffered" status="run" time="0" classname="ADcsmProvider" />
    <testcase name="doesNotCallSizeChangedCallbackOnStatusChangedToAssignedFromAboveButContentReleasedCallback" status="run" time="0" classname="ADcsmProvider" />
    <testcase name="doesNotCallSizeChangedCallbackOnStatusChangedToAnyOtherStateThanAssignedUpwards" status="run" time="0" classname="ADcsmProvider" />
    <testcase name="sendsRequestStopOfferMessageAndCallsStopOfferAcceptedOnStatusChange" status="run" time="0" classname="ADcsmProvider" />
    <testcase name="sendsRequestContentFacosMessageToConsumerIfUserCallsRequestContentFocus" status="run" time="0" classname="ADcsmProvider" />
    <testcase name="doesNothingIfUserUsesWrongContentIDOnStopOfferContent" status="run" time="0" classname="ADcsmProvider" />
    <testcase name="doesNothingIfUserUsesWrongContentIDOnRequestContentFocus" status="run" time="0" classname="ADcsmProvider" />
    <testcase name="doesNothingIfUserUsesWrongContentIDOnMarkContentReady" status="run" time="0.001" classname="ADcsmProvider" />
    <testcase name="marksContentReadyOnlyOnce" status="run" time="0" classname="ADcsmProvider" />
    <testcase name="callsNoCanvasSizeCallbackIfDcsmSizeMessageHasUnknownContentID" status="run" time="0" classname="ADcsmProvider" />
    <testcase name="doesNothingIfContentStateMessageHasWrongContentID" status="run" time="0" classname="ADcsmProvider" />
    <testcase name="allowsToReofferContentWithSameOrDifferentParameters" status="run" time="0" classname="ADcsmProvider" />
    <testcase name="offerContentFailsIfSendOfferContentFails" status="run" time="0" classname="ADcsmProvider" />
    <testcase name="offerContentWithMetadataFailsIfSendOfferContentFails" status="run" time="0" classname="ADcsmProvider" />
    <testcase name="offerContentWithMetadataFailsIfSendMetadataFails" status="run" time="0" classname="ADcsmProvider" />
    <testcase name="requestStopOfferContentFailsIfSendRequestUnregisterContentFails" status="run" time="0" classname="ADcsmProvider" />
    <testcase name="markContentReadyFailsIfsendContentReadyFails" status="run" time="0" classname="ADcsmProvider" />
    <testcase name="requestContentFocusFailsIfSendContentFocusRequestFails" status="run" time="0" classname="ADcsmProvider" />
    <testcase name="dispatchesToTheHandlerProvidedByUser" status="run" time="0.001" classname="ADcsmProvider" />
    <testcase name="callsShowCallbackIfNewStateIsShown" status="run" time="0" classname="ADcsmProvider" />
    <testcase name="callsHideCallbackIfNewStateIsReadyAndWasShown" status="run" time="0" classname="ADcsmProvider" />
    <testcase name="callsReleaseCallbackIfNewStateIsAssignedAndWasShown" status="run" time="0" classname="ADcsmProvider" />
    <testcase name="callsReleaseCallbackIfNewStateIsAssignedAndWasReady" status="run" time="0" classname="ADcsmProvider" />
    <testcase name="callsStopOfferCallbackIfNewStateIsUnregisteredAndWasShown" status="run" time="0" classname="ADcsmProvider" />
    <testcase name="callsStopOfferCallbackIfNewStateIsUnregisteredAndWasReady" status="run" time="0" classname="ADcsmProvider" />
    <testcase name="callsStopOfferCallbackIfNewStateIsUnregisteredAndWasAssigned" status="run" time="0" classname="ADcsmProvider" />
    <testcase name="needsANewMarkReadyAfterContentHasBeenSetToAssigned" status="run" time="0.001" classname="ADcsmProvider" />
    <testcase name="needsANewMarkReadyAfterContentHasBeenSetToOffered" status="run" time="0" classname="ADcsmProvider" />
    <testcase name="allowsUserToCallMarkReadyWithinContentReleaseCallback" status="run" time="0" classname="ADcsmProvider" />
    <testcase name="doesNotCallSendContentReadyWhenContentHasBeenMarkedReadyButNotRequestedAfterUnreadying" status="run" time="0" classname="ADcsmProvider" />
    <testcase name="doesNotCallSendContentReadyWhenContentHasBeenMarkedReadyButNotRequestedAfterReassigning" status="run" time="0" classname="ADcsmProvider" />
    <testcase name="canUpdateContentMetadata" status="run" time="0" classname="ADcsmProvider" />
    <testcase name="updateContentMetadataFailsWithoutOffer" status="run" time="0" classname="ADcsmProvider" />
    <testcase name="updateContentMetadataFailsWhenSendUpdateContentMetadataFails" status="run" time="0" classname="ADcsmProvider" />
  </testsuite>
  <testsuite name="ADcsmProviderFromFramework" tests="6" failures="0" disabled="0" errors="0" time="0.002">
    <testcase name="canCreateAndDestroy" status="run" time="0.001" classname="ADcsmProviderFromFramework" />
    <testcase name="canCreateAndLetFrameworkDestroy" status="run" time="0" classname="ADcsmProviderFromFramework" />
    <testcase name="cannotCreateTwiceOnSameFramework" status="run" time="0" classname="ADcsmProviderFromFramework" />
    <testcase name="cannotDestroyProviderFromOtherFramework" status="run" time="0.001" classname="ADcsmProviderFromFramework" />
    <testcase name="canCreateAndDestroyProviderOnDifferentFrameworksSimultaneously" status="run" time="0" classname="ADcsmProviderFromFramework" />
    <testcase name="emptyDispatchSucceeds" status="run" time="0" classname="ADcsmProviderFromFramework" />
  </testsuite>
  <testsuite name="ADcsmSystem" tests="6" failures="0" disabled="0" errors="0" time="0.004">
    <testcase name="canDoAFullContentLifecycle" status="run" time="0.001" classname="ADcsmSystem" />
    <testcase name="canDoAFullContentLifecycleLateMarkReady" status="run" time="0.001" classname="ADcsmSystem" />
    <testcase name="allowsToAssignAndUnassignToSameContentRepeatedly" status="run" time="0" classname="ADcsmSystem" />
    <testcase name="allowsToRereadyTheSameContentRepeatedly" status="run" time="0.001" classname="ADcsmSystem" />
    <testcase name="canDoOfferWithMetadata" status="run" time="0.001" classname="ADcsmSystem" />
    <testcase name="canUpdateMetadataAfterOffer" status="run" time="0" classname="ADcsmSystem" />
  </testsuite>
  <testsuite name="ARamsesFrameworkConfig" tests="6" failures="0" disabled="0" errors="0" time="0">
    <testcase name="IsInitializedCorrectly" status="run" time="0" classname="ARamsesFrameworkConfig" />
    <testcase name="CanSetShellConsoleType" status="run" time="0" classname="ARamsesFrameworkConfig" />
    <testcase name="CanSetShellTypeNone" status="run" time="0" classname="ARamsesFrameworkConfig" />
    <testcase name="CanSetShellTypeDefault" status="run" time="0" classname="ARamsesFrameworkConfig" />
    <testcase name="CanEnableRamshFromCommandLine" status="run" time="0" classname="ARamsesFrameworkConfig" />
    <testcase name="TestSetandGetApplicationInformation" status="run" time="0" classname="ARamsesFrameworkConfig" />
  </testsuite>
  <testsuite name="ARamsesFrameworkImpl" tests="2" failures="0" disabled="0" errors="0" time="0.001">
    <testcase name="canCreateFrameworkImplFromDefaultConfig" status="run" time="0" classname="ARamsesFrameworkImpl" />
    <testcase name="defaultConfigGeneratesGuidNotStartingWithZeros" status="run" time="0.001" classname="ARamsesFrameworkImpl" />
  </testsuite>
  <testsuite name="AStatusObject" tests="4" failures="0" disabled="0" errors="0" time="0">
    <testcase name="allValidationLevelsContainObjectNames" status="run" time="0" classname="AStatusObject" />
    <testcase name="filteresValidationInfosCorrectly" status="run" time="0" classname="AStatusObject" />
    <testcase name="filteresValidationWarningsCorrectly" status="run" time="0" classname="AStatusObject" />
    <testcase name="filteresValidationErrorsCorrectly" status="run" time="0" classname="AStatusObject" />
  </testsuite>
  <testsuite name="AStronglyTypedValue" tests="28" failures="0" disabled="0" errors="0" time="0">
    <testcase name="CanBeCreatedWithDefaultValue" status="run" time="0" classname="AStronglyTypedValue" />
    <testcase name="ReturnsInvalidValueFromInvalid" status="run" time="0" classname="AStronglyTypedValue" />
    <testcase name="CanBeCreatedWithUInt32" status="run" time="0" classname="AStronglyTypedValue" />
    <testcase name="ReturnsCorrectUInt32Value" status="run" time="0" classname="AStronglyTypedValue" />
    <testcase name="ReturnsCorrectUInt32Reference" status="run" time="0" classname="AStronglyTypedValue" />
    <testcase name="ReturnedReferenceChangeEffectsValue_UInt32" status="run" time="0" classname="AStronglyTypedValue" />
    <testcase name="EqualsToOtherIfSameUInt32Value" status="run" time="0" classname="AStronglyTypedValue" />
    <testcase name="DoesNotEqualToOtherIfDifferentUInt32Value" status="run" time="0" classname="AStronglyTypedValue" />
    <testcase name="CanBeCopiedWithUInt32AsValue" status="run" time="0" classname="AStronglyTypedValue" />
    <testcase name="CanBeCopyAssignedWithUInt32AsValue" status="run" time="0" classname="AStronglyTypedValue" />
    <testcase name="canBeUsedWithPointer" status="run" time="0" classname="AStronglyTypedValue" />
    <testcase name="canBeUsedInStdHashContainerWithIntegral" status="run" time="0" classname="AStronglyTypedValue" />
    <testcase name="canBeUsedInStdHashContainerWithPointer" status="run" time="0" classname="AStronglyTypedValue" />
    <testcase name="canBeCheckedForValid" status="run" time="0" classname="AStronglyTypedValue" />
    <testcase name="CanBeCreatedWithDefaultValue" status="run" time="0" classname="AStronglyTypedValue" />
    <testcase name="ReturnsInvalidValueFromInvalid" status="run" time="0" classname="AStronglyTypedValue" />
    <testcase name="CanBeCreatedWithUInt32" status="run" time="0" classname="AStronglyTypedValue" />
    <testcase name="ReturnsCorrectUInt32Value" status="run" time="0" classname="AStronglyTypedValue" />
    <testcase name="ReturnsCorrectUInt32Reference" status="run" time="0" classname="AStronglyTypedValue" />
    <testcase name="ReturnedReferenceChangeEffectsValue_UInt32" status="run" time="0" classname="AStronglyTypedValue" />
    <testcase name="EqualsToOtherIfSameUInt32Value" status="run" time="0" classname="AStronglyTypedValue" />
    <testcase name="DoesNotEqualToOtherIfDifferentUInt32Value" status="run" time="0" classname="AStronglyTypedValue" />
    <testcase name="CanBeCopiedWithUInt32AsValue" status="run" time="0" classname="AStronglyTypedValue" />
    <testcase name="CanBeCopyAssignedWithUInt32AsValue" status="run" time="0" classname="AStronglyTypedValue" />
    <testcase name="canBeUsedWithPointer" status="run" time="0" classname="AStronglyTypedValue" />
    <testcase name="canBeUsedInStdHashContainerWithIntegral" status="run" time="0" classname="AStronglyTypedValue" />
    <testcase name="canBeUsedInStdHashContainerWithPointer" status="run" time="0" classname="AStronglyTypedValue" />
    <testcase name="canBeCheckedForValid" status="run" time="0" classname="AStronglyTypedValue" />
  </testsuite>
  <testsuite name="ACameraMatrixHelper" tests="2" failures="0" disabled="0" errors="0" time="0">
    <testcase name="ComputesProjectionMatrix" status="run" time="0" classname="ACameraMatrixHelper" />
    <testcase name="ComputesOrthographicMatrix" status="run" time="0" classname="ACameraMatrixHelper" />
  </testsuite>
  <testsuite name="APerspectiveProjectionMatrix" tests="1" failures="0" disabled="0" errors="0" time="0">
    <testcase name="ProjectsPointsCloserToViewerFartherFromCenterInNormalizedDeviceSpace" status="run" time="0" classname="APerspectiveProjectionMatrix" />
  </testsuite>
  <testsuite name="AOrthographicProjectionMatrix" tests="1" failures="0" disabled="0" errors="0" time="0">
    <testcase name="ProjectsPointsWithDifferentDepthToTheSamePixelInNormalizedDeviceSpace" status="run" time="0" classname="AOrthographicProjectionMatrix" />
  </testsuite>
  <testsuite name="Matrix22fTest" tests="12" failures="0" disabled="0" errors="0" time="0">
    <testcase name="DefaultConstructor" status="run" time="0" classname="Matrix22fTest" />
    <testcase name="CopyConstructor" status="run" time="0" classname="Matrix22fTest" />
    <testcase name="ValueConstructor" status="run" time="0" classname="Matrix22fTest" />
    <testcase name="VectorConstructor" status="run" time="0" classname="Matrix22fTest" />
    <testcase name="IdentityMatrix" status="run" time="0" classname="Matrix22fTest" />
    <testcase name="EmptyMatrix" status="run" time="0" classname="Matrix22fTest" />
    <testcase name="MatrixMultiplication" status="run" time="0" classname="Matrix22fTest" />
    <testcase name="MatrixMultiplicationAndAssign" status="run" time="0" classname="Matrix22fTest" />
    <testcase name="Equality" status="run" time="0" classname="Matrix22fTest" />
    <testcase name="UnEquality" status="run" time="0" classname="Matrix22fTest" />
    <testcase name="SetSingleValues" status="run" time="0" classname="Matrix22fTest" />
    <testcase name="SetValues" status="run" time="0" classname="Matrix22fTest" />
  </testsuite>
  <testsuite name="Matrix33fTest" tests="12" failures="0" disabled="0" errors="0" time="0">
    <testcase name="DefaultConstructor" status="run" time="0" classname="Matrix33fTest" />
    <testcase name="CopyConstructor" status="run" time="0" classname="Matrix33fTest" />
    <testcase name="ValueConstructor" status="run" time="0" classname="Matrix33fTest" />
    <testcase name="VectorConstructor" status="run" time="0" classname="Matrix33fTest" />
    <testcase name="IdentityMatrix" status="run" time="0" classname="Matrix33fTest" />
    <testcase name="EmptyMatrix" status="run" time="0" classname="Matrix33fTest" />
    <testcase name="MatrixMultiplication" status="run" time="0" classname="Matrix33fTest" />
    <testcase name="MatrixMultiplicationAndAssign" status="run" time="0" classname="Matrix33fTest" />
    <testcase name="Equality" status="run" time="0" classname="Matrix33fTest" />
    <testcase name="UnEquality" status="run" time="0" classname="Matrix33fTest" />
    <testcase name="SetSingleValues" status="run" time="0" classname="Matrix33fTest" />
    <testcase name="SetValues" status="run" time="0" classname="Matrix33fTest" />
  </testsuite>
  <testsuite name="Matrix44Test" tests="24" failures="0" disabled="0" errors="0" time="0.001">
    <testcase name="DefaultConstructor" status="run" time="0.001" classname="Matrix44Test" />
    <testcase name="CopyConstructor" status="run" time="0" classname="Matrix44Test" />
    <testcase name="ValueConstructor" status="run" time="0" classname="Matrix44Test" />
    <testcase name="ValueArrayConstructor" status="run" time="0" classname="Matrix44Test" />
    <testcase name="VectorConstructor" status="run" time="0" classname="Matrix44Test" />
    <testcase name="IdentityMatrix" status="run" time="0" classname="Matrix44Test" />
    <testcase name="EulerRotationMatrixZYX" status="run" time="0" classname="Matrix44Test" />
    <testcase name="EulerRotationXMatrixZYX" status="run" time="0" classname="Matrix44Test" />
    <testcase name="EulerRotationYMatrixZYX" status="run" time="0" classname="Matrix44Test" />
    <testcase name="EulerRotationZMatrixZYX" status="run" time="0" classname="Matrix44Test" />
    <testcase name="EmptyMatrix" status="run" time="0" classname="Matrix44Test" />
    <testcase name="VectorMultiplication" status="run" time="0" classname="Matrix44Test" />
    <testcase name="MatrixMultiplication" status="run" time="0" classname="Matrix44Test" />
    <testcase name="MatrixMultiplicationAndAssign" status="run" time="0" classname="Matrix44Test" />
    <testcase name="Equality" status="run" time="0" classname="Matrix44Test" />
    <testcase name="UnEquality" status="run" time="0" classname="Matrix44Test" />
    <testcase name="Transpose" status="run" time="0" classname="Matrix44Test" />
    <testcase name="SetSingleValues" status="run" time="0" classname="Matrix44Test" />
    <testcase name="SetValues" status="run" time="0" classname="Matrix44Test" />
    <testcase name="AccessByIndex" status="run" time="0" classname="Matrix44Test" />
    <testcase name="Determinant" status="run" time="0" classname="Matrix44Test" />
    <testcase name="Inverse" status="run" time="0" classname="Matrix44Test" />
    <testcase name="GetScalingMatrix" status="run" time="0" classname="Matrix44Test" />
    <testcase name="RotateUsingMatrix44ZYX" status="run" time="0" classname="Matrix44Test" />
  </testsuite>
  <testsuite name="AProjectionParams" tests="12" failures="0" disabled="0" errors="0" time="0">
    <testcase name="EqualsToSimilarPerspectiveProjParams" status="run" time="0" classname="AProjectionParams" />
    <testcase name="EqualsToSimilarOrthographicProjParams" status="run" time="0" classname="AProjectionParams" />
    <testcase name="PerspectiveDoesNotEqualOrthographicWithSameCalculatedPlaneValues" status="run" time="0" classname="AProjectionParams" />
    <testcase name="PerspectiveDoesNotEqualOrthographicWithSamePlaneValues" status="run" time="0" classname="AProjectionParams" />
    <testcase name="CanBeConstructedFromOrthographicParameters" status="run" time="0" classname="AProjectionParams" />
    <testcase name="CanUpdateOrthographicParameters" status="run" time="0" classname="AProjectionParams" />
    <testcase name="CanBeConstructedFromPerspectiveParameters" status="run" time="0" classname="AProjectionParams" />
    <testcase name="CanUpdateAspectRatioOnPerspectiveProjection" status="run" time="0" classname="AProjectionParams" />
    <testcase name="CanUpdateFovYOnPerspectiveProjection" status="run" time="0" classname="AProjectionParams" />
    <testcase name="GetFovYOnNonSymmectricPerspectiveProjection" status="run" time="0" classname="AProjectionParams" />
    <testcase name="GetAspectRatioOnOrthographicProjection" status="run" time="0" classname="AProjectionParams" />
    <testcase name="GetAspectRatioOnUnsymmetricPerspectiveProjection" status="run" time="0" classname="AProjectionParams" />
  </testsuite>
  <testsuite name="QuadTest" tests="10" failures="0" disabled="0" errors="0" time="0">
    <testcase name="CanCreateQuad_DefaultConstructor" status="run" time="0" classname="QuadTest" />
    <testcase name="CanCreateQuad_AllParamsSet" status="run" time="0" classname="QuadTest" />
    <testcase name="CanCompareQuads" status="run" time="0" classname="QuadTest" />
    <testcase name="CanGetArea" status="run" time="0" classname="QuadTest" />
    <testcase name="CanGetBoundingQuad_EmptyQuad" status="run" time="0" classname="QuadTest" />
    <testcase name="CanGetBoundingQuad_ZeroWidth" status="run" time="0" classname="QuadTest" />
    <testcase name="CanGetBoundingQuad_ZeroHeight" status="run" time="0" classname="QuadTest" />
    <testcase name="CanGetBoundingQuad_OneInsideOther" status="run" time="0" classname="QuadTest" />
    <testcase name="CanGetBoundingQuad_OverlappingQuads" status="run" time="0" classname="QuadTest" />
    <testcase name="CanGetBoundingQuad_NonOverlappingQuads" status="run" time="0" classname="QuadTest" />
  </testsuite>
  <testsuite name="Vector2Test" tests="23" failures="0" disabled="0" errors="0" time="0.001">
    <testcase name="DefaultConstructor" status="run" time="0" classname="Vector2Test" />
    <testcase name="CopyConstructor" status="run" time="0" classname="Vector2Test" />
    <testcase name="ValueConstructor" status="run" time="0" classname="Vector2Test" />
    <testcase name="ScalarValueConstructor" status="run" time="0" classname="Vector2Test" />
    <testcase name="AssignmentOperator" status="run" time="0" classname="Vector2Test" />
    <testcase name="AddOperator" status="run" time="0" classname="Vector2Test" />
    <testcase name="AddAssignOperator" status="run" time="0" classname="Vector2Test" />
    <testcase name="SubOperator" status="run" time="0" classname="Vector2Test" />
    <testcase name="SubAssignOperator" status="run" time="0" classname="Vector2Test" />
    <testcase name="MulOperator" status="run" time="0" classname="Vector2Test" />
    <testcase name="MulFriendOperator" status="run" time="0" classname="Vector2Test" />
    <testcase name="MulAssignOperator" status="run" time="0" classname="Vector2Test" />
    <testcase name="MulVector" status="run" time="0" classname="Vector2Test" />
    <testcase name="MulAssignVector" status="run" time="0" classname="Vector2Test" />
    <testcase name="Dot" status="run" time="0" classname="Vector2Test" />
    <testcase name="Length" status="run" time="0" classname="Vector2Test" />
    <testcase name="Angle" status="run" time="0" classname="Vector2Test" />
    <testcase name="Equality" status="run" time="0" classname="Vector2Test" />
    <testcase name="UnEquality" status="run" time="0" classname="Vector2Test" />
    <testcase name="Empty" status="run" time="0" classname="Vector2Test" />
    <testcase name="SetSingleValues" status="run" time="0" classname="Vector2Test" />
    <testcase name="SetAllValues" status="run" time="0" classname="Vector2Test" />
    <testcase name="Normalize" status="run" time="0" classname="Vector2Test" />
  </testsuite>
  <testsuite name="Vector2iTest" tests="22" failures="0" disabled="0" errors="0" time="0">
    <testcase name="DefaultConstructor" status="run" time="0" classname="Vector2iTest" />
    <testcase name="CopyConstructor" status="run" time="0" classname="Vector2iTest" />
    <testcase name="ValueConstructor" status="run" time="0" classname="Vector2iTest" />
    <testcase name="ScalarValueConstructor" status="run" time="0" classname="Vector2iTest" />
    <testcase name="AssignmentOperator" status="run" time="0" classname="Vector2iTest" />
    <testcase name="AddOperator" status="run" time="0" classname="Vector2iTest" />
    <testcase name="AddAssignOperator" status="run" time="0" classname="Vector2iTest" />
    <testcase name="SubOperator" status="run" time="0" classname="Vector2iTest" />
    <testcase name="SubAssignOperator" status="run" time="0" classname="Vector2iTest" />
    <testcase name="MulOperator" status="run" time="0" classname="Vector2iTest" />
    <testcase name="MulFriendOperator" status="run" time="0" classname="Vector2iTest" />
    <testcase name="MulAssignOperator" status="run" time="0" classname="Vector2iTest" />
    <testcase name="MulVector" status="run" time="0" classname="Vector2iTest" />
    <testcase name="MulAssignVector" status="run" time="0" classname="Vector2iTest" />
    <testcase name="Dot" status="run" time="0" classname="Vector2iTest" />
    <testcase name="Length" status="run" time="0" classname="Vector2iTest" />
    <testcase name="Angle" status="run" time="0" classname="Vector2iTest" />
    <testcase name="Equality" status="run" time="0" classname="Vector2iTest" />
    <testcase name="UnEquality" status="run" time="0" classname="Vector2iTest" />
    <testcase name="Empty" status="run" time="0" classname="Vector2iTest" />
    <testcase name="SetSingleValues" status="run" time="0" classname="Vector2iTest" />
    <testcase name="SetAllValues" status="run" time="0" classname="Vector2iTest" />
  </testsuite>
  <testsuite name="Vector3Test" tests="25" failures="0" disabled="0" errors="0" time="0">
    <testcase name="DefaultConstructor" status="run" time="0" classname="Vector3Test" />
    <testcase name="CopyConstructor" status="run" time="0" classname="Vector3Test" />
    <testcase name="ValueConstructor" status="run" time="0" classname="Vector3Test" />
    <testcase name="ScalarValueConstructor" status="run" time="0" classname="Vector3Test" />
    <testcase name="ConstructorFromvector4" status="run" time="0" classname="Vector3Test" />
    <testcase name="AssignmentOperator" status="run" time="0" classname="Vector3Test" />
    <testcase name="AddOperator" status="run" time="0" classname="Vector3Test" />
    <testcase name="AddAssignOperator" status="run" time="0" classname="Vector3Test" />
    <testcase name="SubOperator" status="run" time="0" classname="Vector3Test" />
    <testcase name="SubAssignOperator" status="run" time="0" classname="Vector3Test" />
    <testcase name="MulOperator" status="run" time="0" classname="Vector3Test" />
    <testcase name="MulFriendOperator" status="run" time="0" classname="Vector3Test" />
    <testcase name="MulAssignOperator" status="run" time="0" classname="Vector3Test" />
    <testcase name="MulVector" status="run" time="0" classname="Vector3Test" />
    <testcase name="MulAssignVector" status="run" time="0" classname="Vector3Test" />
    <testcase name="Dot" status="run" time="0" classname="Vector3Test" />
    <testcase name="Cross" status="run" time="0" classname="Vector3Test" />
    <testcase name="Length" status="run" time="0" classname="Vector3Test" />
    <testcase name="Angle" status="run" time="0" classname="Vector3Test" />
    <testcase name="Equality" status="run" time="0" classname="Vector3Test" />
    <testcase name="UnEquality" status="run" time="0" classname="Vector3Test" />
    <testcase name="Empty" status="run" time="0" classname="Vector3Test" />
    <testcase name="SetSingleValues" status="run" time="0" classname="Vector3Test" />
    <testcase name="SetAllValues" status="run" time="0" classname="Vector3Test" />
    <testcase name="Normalize" status="run" time="0" classname="Vector3Test" />
  </testsuite>
  <testsuite name="Vector3iTest" tests="23" failures="0" disabled="0" errors="0" time="0">
    <testcase name="DefaultConstructor" status="run" time="0" classname="Vector3iTest" />
    <testcase name="CopyConstructor" status="run" time="0" classname="Vector3iTest" />
    <testcase name="ValueConstructor" status="run" time="0" classname="Vector3iTest" />
    <testcase name="ScalarValueConstructor" status="run" time="0" classname="Vector3iTest" />
    <testcase name="AssignmentOperator" status="run" time="0" classname="Vector3iTest" />
    <testcase name="AddOperator" status="run" time="0" classname="Vector3iTest" />
    <testcase name="AddAssignOperator" status="run" time="0" classname="Vector3iTest" />
    <testcase name="SubOperator" status="run" time="0" classname="Vector3iTest" />
    <testcase name="SubAssignOperator" status="run" time="0" classname="Vector3iTest" />
    <testcase name="MulOperator" status="run" time="0" classname="Vector3iTest" />
    <testcase name="MulFriendOperator" status="run" time="0" classname="Vector3iTest" />
    <testcase name="MulAssignOperator" status="run" time="0" classname="Vector3iTest" />
    <testcase name="MulVector" status="run" time="0" classname="Vector3iTest" />
    <testcase name="MulAssignVector" status="run" time="0" classname="Vector3iTest" />
    <testcase name="Dot" status="run" time="0" classname="Vector3iTest" />
    <testcase name="Cross" status="run" time="0" classname="Vector3iTest" />
    <testcase name="Length" status="run" time="0" classname="Vector3iTest" />
    <testcase name="Angle" status="run" time="0" classname="Vector3iTest" />
    <testcase name="Equality" status="run" time="0" classname="Vector3iTest" />
    <testcase name="UnEquality" status="run" time="0" classname="Vector3iTest" />
    <testcase name="Empty" status="run" time="0" classname="Vector3iTest" />
    <testcase name="SetSingleValues" status="run" time="0" classname="Vector3iTest" />
    <testcase name="SetAllValues" status="run" time="0" classname="Vector3iTest" />
  </testsuite>
  <testsuite name="Vector4Test" tests="25" failures="0" disabled="0" errors="0" time="0.001">
    <testcase name="DefaultConstructor" status="run" time="0" classname="Vector4Test" />
    <testcase name="CopyConstructor" status="run" time="0" classname="Vector4Test" />
    <testcase name="ValueConstructor" status="run" time="0" classname="Vector4Test" />
    <testcase name="ScalarValueConstructor" status="run" time="0" classname="Vector4Test" />
    <testcase name="AssignmentOperator" status="run" time="0" classname="Vector4Test" />
    <testcase name="AddOperator" status="run" time="0" classname="Vector4Test" />
    <testcase name="AddAssignOperator" status="run" time="0" classname="Vector4Test" />
    <testcase name="SubOperator" status="run" time="0" classname="Vector4Test" />
    <testcase name="SubAssignOperator" status="run" time="0" classname="Vector4Test" />
    <testcase name="MulOperator" status="run" time="0" classname="Vector4Test" />
    <testcase name="DivOperator" status="run" time="0" classname="Vector4Test" />
    <testcase name="MulFriendOperator" status="run" time="0" classname="Vector4Test" />
    <testcase name="MulAssignOperator" status="run" time="0" classname="Vector4Test" />
    <testcase name="MulVector" status="run" time="0" classname="Vector4Test" />
    <testcase name="MulAssignVector" status="run" time="0" classname="Vector4Test" />
    <testcase name="DivAssignVectorByScalar" status="run" time="0" classname="Vector4Test" />
    <testcase name="Equality" status="run" time="0" classname="Vector4Test" />
    <testcase name="UnEquality" status="run" time="0" classname="Vector4Test" />
    <testcase name="Dot" status="run" time="0" classname="Vector4Test" />
    <testcase name="Cross" status="run" time="0" classname="Vector4Test" />
    <testcase name="Length" status="run" time="0" classname="Vector4Test" />
    <testcase name="Angle" status="run" time="0" classname="Vector4Test" />
    <testcase name="Empty" status="run" time="0" classname="Vector4Test" />
    <testcase name="SetSingleValues" status="run" time="0" classname="Vector4Test" />
    <testcase name="SetAllValues" status="run" time="0" classname="Vector4Test" />
  </testsuite>
  <testsuite name="Vector4iTest" tests="23" failures="0" disabled="0" errors="0" time="0">
    <testcase name="DefaultConstructor" status="run" time="0" classname="Vector4iTest" />
    <testcase name="CopyConstructor" status="run" time="0" classname="Vector4iTest" />
    <testcase name="ValueConstructor" status="run" time="0" classname="Vector4iTest" />
    <testcase name="ScalarValueConstructor" status="run" time="0" classname="Vector4iTest" />
    <testcase name="AssignmentOperator" status="run" time="0" classname="Vector4iTest" />
    <testcase name="AddOperator" status="run" time="0" classname="Vector4iTest" />
    <testcase name="AddAssignOperator" status="run" time="0" classname="Vector4iTest" />
    <testcase name="SubOperator" status="run" time="0" classname="Vector4iTest" />
    <testcase name="SubAssignOperator" status="run" time="0" classname="Vector4iTest" />
    <testcase name="MulOperator" status="run" time="0" classname="Vector4iTest" />
    <testcase name="MulFriendOperator" status="run" time="0" classname="Vector4iTest" />
    <testcase name="MulAssignOperator" status="run" time="0" classname="Vector4iTest" />
    <testcase name="MulVector" status="run" time="0" classname="Vector4iTest" />
    <testcase name="MulAssignVector" status="run" time="0" classname="Vector4iTest" />
    <testcase name="Equality" status="run" time="0" classname="Vector4iTest" />
    <testcase name="UnEquality" status="run" time="0" classname="Vector4iTest" />
    <testcase name="Dot" status="run" time="0" classname="Vector4iTest" />
    <testcase name="Cross" status="run" time="0" classname="Vector4iTest" />
    <testcase name="Length" status="run" time="0" classname="Vector4iTest" />
    <testcase name="Angle" status="run" time="0" classname="Vector4iTest" />
    <testcase name="Empty" status="run" time="0" classname="Vector4iTest" />
    <testcase name="SetSingleValues" status="run" time="0" classname="Vector4iTest" />
    <testcase name="SetAllValues" status="run" time="0" classname="Vector4iTest" />
  </testsuite>
  <testsuite name="BinaryFileInputStreamTest" tests="3" failures="0" disabled="0" errors="0" time="0">
    <testcase name="ReadSomeData" status="run" time="0" classname="BinaryFileInputStreamTest" />
    <testcase name="BadFileObj" status="run" time="0" classname="BinaryFileInputStreamTest" />
    <testcase name="Matrix44f" status="run" time="0" classname="BinaryFileInputStreamTest" />
  </testsuite>
  <testsuite name="BinaryFileOutputStreamTest" tests="3" failures="0" disabled="0" errors="0" time="0">
    <testcase name="WriteSomeData" status="run" time="0" classname="BinaryFileOutputStreamTest" />
    <testcase name="BadFileObj" status="run" time="0" classname="BinaryFileOutputStreamTest" />
    <testcase name="Matrix44f" status="run" time="0" classname="BinaryFileOutputStreamTest" />
  </testsuite>
  <testsuite name="BinaryInputStreamTest" tests="15" failures="0" disabled="0" errors="0" time="0">
    <testcase name="ReadInt32Value" status="run" time="0" classname="BinaryInputStreamTest" />
    <testcase name="ReadUInt32Value" status="run" time="0" classname="BinaryInputStreamTest" />
    <testcase name="ReadInt64Value" status="run" time="0" classname="BinaryInputStreamTest" />
    <testcase name="ReadUInt64Value" status="run" time="0" classname="BinaryInputStreamTest" />
    <testcase name="ReadUInt16Value" status="run" time="0" classname="BinaryInputStreamTest" />
    <testcase name="ReadStringValue" status="run" time="0" classname="BinaryInputStreamTest" />
    <testcase name="ReadEmptyStringValue" status="run" time="0" classname="BinaryInputStreamTest" />
    <testcase name="ReadBoolValue" status="run" time="0" classname="BinaryInputStreamTest" />
    <testcase name="ReadFloatValue" status="run" time="0" classname="BinaryInputStreamTest" />
    <testcase name="ReadMultipleData" status="run" time="0" classname="BinaryInputStreamTest" />
    <testcase name="Matrix44f" status="run" time="0" classname="BinaryInputStreamTest" />
    <testcase name="ReadStronglyTypedEnum" status="run" time="0" classname="BinaryInputStreamTest" />
    <testcase name="GetReadPosition" status="run" time="0" classname="BinaryInputStreamTest" />
    <testcase name="CanSkipForward" status="run" time="0" classname="BinaryInputStreamTest" />
    <testcase name="CanSkipBackward" status="run" time="0" classname="BinaryInputStreamTest" />
  </testsuite>
  <testsuite name="BinaryOutputStreamTest" tests="15" failures="0" disabled="0" errors="0" time="0">
    <testcase name="Constructor" status="run" time="0" classname="BinaryOutputStreamTest" />
    <testcase name="ConstructorWithCapacity" status="run" time="0" classname="BinaryOutputStreamTest" />
    <testcase name="InsertUInt16" status="run" time="0" classname="BinaryOutputStreamTest" />
    <testcase name="InsertBool" status="run" time="0" classname="BinaryOutputStreamTest" />
    <testcase name="InsertInt" status="run" time="0" classname="BinaryOutputStreamTest" />
    <testcase name="InsertUInt" status="run" time="0" classname="BinaryOutputStreamTest" />
    <testcase name="InsertInt64" status="run" time="0" classname="BinaryOutputStreamTest" />
    <testcase name="InsertUInt64" status="run" time="0" classname="BinaryOutputStreamTest" />
    <testcase name="InsertFloat" status="run" time="0" classname="BinaryOutputStreamTest" />
    <testcase name="InsertGuid" status="run" time="0" classname="BinaryOutputStreamTest" />
    <testcase name="InsertMultipleData" status="run" time="0" classname="BinaryOutputStreamTest" />
    <testcase name="InsertString" status="run" time="0" classname="BinaryOutputStreamTest" />
    <testcase name="Matrix44f" status="run" time="0" classname="BinaryOutputStreamTest" />
    <testcase name="InserStronglyTypedEnum" status="run" time="0" classname="BinaryOutputStreamTest" />
    <testcase name="Release" status="run" time="0" classname="BinaryOutputStreamTest" />
  </testsuite>
  <testsuite name="CommandLineParserTest" tests="32" failures="0" disabled="0" errors="0" time="0.001">
    <testcase name="NoArguments" status="run" time="0" classname="CommandLineParserTest" />
    <testcase name="GetProgramName" status="run" time="0" classname="CommandLineParserTest" />
    <testcase name="shortStringArg" status="run" time="0" classname="CommandLineParserTest" />
    <testcase name="stripsWhiteSpacesFromArgumentsWithDashPrefix" status="run" time="0" classname="CommandLineParserTest" />
    <testcase name="doesNotTrimArgumentsWithQuotes" status="run" time="0" classname="CommandLineParserTest" />
    <testcase name="LongStringArg" status="run" time="0" classname="CommandLineParserTest" />
    <testcase name="BoolSwitchArguments" status="run" time="0" classname="CommandLineParserTest" />
    <testcase name="onlyFileTarget" status="run" time="0" classname="CommandLineParserTest" />
    <testcase name="fileTargetAtTheEnd" status="run" time="0" classname="CommandLineParserTest" />
    <testcase name="multipleFileTargets" status="run" time="0" classname="CommandLineParserTest" />
    <testcase name="BoolOptionFollowedByFile" status="run" time="0" classname="CommandLineParserTest" />
    <testcase name="BoolOption" status="run" time="0" classname="CommandLineParserTest" />
    <testcase name="MixedArgumentsAndFileTargets" status="run" time="0" classname="CommandLineParserTest" />
    <testcase name="NegativeFloatArguments" status="run" time="0" classname="CommandLineParserTest" />
    <testcase name="IntegerArguments" status="run" time="0" classname="CommandLineParserTest" />
    <testcase name="UInt16Arguments" status="run" time="0" classname="CommandLineParserTest" />
    <testcase name="UInt32Arguments" status="run" time="0" classname="CommandLineParserTest" />
    <testcase name="Vec3Arguments" status="run" time="0" classname="CommandLineParserTest" />
    <testcase name="DelayedParsingArgumentBool" status="run" time="0" classname="CommandLineParserTest" />
    <testcase name="DelayedParsingArgumentString" status="run" time="0" classname="CommandLineParserTest" />
    <testcase name="DelayedParsingArgumentFloat" status="run" time="0" classname="CommandLineParserTest" />
    <testcase name="DelayedParsingArgumentInt32" status="run" time="0" classname="CommandLineParserTest" />
    <testcase name="DelayedParsingArgumentUInt16" status="run" time="0" classname="CommandLineParserTest" />
    <testcase name="DelayedParsingArgumentUInt32" status="run" time="0" classname="CommandLineParserTest" />
    <testcase name="OptionCanBeSetSeveralTimes" status="run" time="0" classname="CommandLineParserTest" />
    <testcase name="OptionCanParsedSeveralTimes" status="run" time="0" classname="CommandLineParserTest" />
    <testcase name="OptionCanBeSetSeveralTimes_DoesNotChangeValueIfNoMoreCanBeFound" status="run" time="0" classname="CommandLineParserTest" />
    <testcase name="OptionCanBeSetSeveralTimes_BoolOptionIsSetToTrue" status="run" time="0" classname="CommandLineParserTest" />
    <testcase name="OptionCanBeSetSeveralTimes_WithouMixingOptions" status="run" time="0" classname="CommandLineParserTest" />
    <testcase name="OptionCanBeSetSeveralTimes_WithMixingOptions" status="run" time="0" classname="CommandLineParserTest" />
    <testcase name="OptionCanBeSetSeveralTimes_WithMixingOptions_AccessInDifferentOrder" status="run" time="0" classname="CommandLineParserTest" />
    <testcase name="OptionCanBeSetSeveralTimes_IgnoresErroneousOptionsWithNoValueSet" status="run" time="0" classname="CommandLineParserTest" />
  </testsuite>
  <testsuite name="CommandLineArgumentsTest" tests="2" failures="0" disabled="0" errors="0" time="0">
    <testcase name="ArgumentProvidesGetHelpStringMethod" status="run" time="0" classname="CommandLineArgumentsTest" />
    <testcase name="ArgumentBoolProvidesGetHelpStringMethod" status="run" time="0" classname="CommandLineArgumentsTest" />
  </testsuite>
  <testsuite name="AnImage" tests="19" failures="0" disabled="0" errors="0" time="0.001">
    <testcase name="canGetResolution" status="run" time="0" classname="AnImage" />
    <testcase name="canSaveAndLoadPNG" status="run" time="0.001" classname="AnImage" />
    <testcase name="ReportsTheSumOfAllItsPixels" status="run" time="0" classname="AnImage" />
    <testcase name="CanBeSubtractedFromOtherBitmapWithSameSize" status="run" time="0" classname="AnImage" />
    <testcase name="YieldsBlackImageWhenSubtractedFromItself" status="run" time="0" classname="AnImage" />
    <testcase name="GivesEmptyImageIfEnlargingToSmallerSize" status="run" time="0" classname="AnImage" />
    <testcase name="GivesImageCopyIfEnlargingToSameSize" status="run" time="0" classname="AnImage" />
    <testcase name="CreatesEnlargedImageContainingOriginalAndRestFilledWithGivenValue_extendedWidth" status="run" time="0" classname="AnImage" />
    <testcase name="CreatesEnlargedImageContainingOriginalAndRestFilledWithGivenValue_extendedHeight" status="run" time="0" classname="AnImage" />
    <testcase name="CreatesEnlargedImageContainingOriginalAndRestFilledWithGivenValue_extendedWidthAndHeight" status="run" time="0" classname="AnImage" />
    <testcase name="CopyConstructedBitmapIsSame" status="run" time="0" classname="AnImage" />
    <testcase name="AssignedBitmapIsSame" status="run" time="0" classname="AnImage" />
    <testcase name="MoveAssignedBitmapIsSame" status="run" time="0" classname="AnImage" />
    <testcase name="UnequalSizeBitmapsAreDifferent" status="run" time="0" classname="AnImage" />
    <testcase name="FlipsImage2x1" status="run" time="0" classname="AnImage" />
    <testcase name="FlipsImage2x2" status="run" time="0" classname="AnImage" />
    <testcase name="FlipsImage2x3" status="run" time="0" classname="AnImage" />
    <testcase name="FlipsImage4x4" status="run" time="0" classname="AnImage" />
    <testcase name="getsNumOfNonBlackPixels" status="run" time="0" classname="AnImage" />
  </testsuite>
  <testsuite name="AInplaceStringTokenizer" tests="8" failures="0" disabled="0" errors="0" time="0">
    <testcase name="CanHandleEmptyString" status="run" time="0" classname="AInplaceStringTokenizer" />
    <testcase name="ReturnsOneStringWhenFits" status="run" time="0" classname="AInplaceStringTokenizer" />
    <testcase name="SplitsBasedOnLengthOnly" status="run" time="0" classname="AInplaceStringTokenizer" />
    <testcase name="SplitsBasedOnLengthWhenLastExactlyFits" status="run" time="0" classname="AInplaceStringTokenizer" />
    <testcase name="SplitsBasedOnSeparator" status="run" time="0" classname="AInplaceStringTokenizer" />
    <testcase name="SplitsBasedOnSeparatorWhenLastExactlyFits" status="run" time="0" classname="AInplaceStringTokenizer" />
    <testcase name="SkipsSeparatorInLastPosition" status="run" time="0" classname="AInplaceStringTokenizer" />
    <testcase name="SplitsOnMixedLengthAndSeparator" status="run" time="0" classname="AInplaceStringTokenizer" />
  </testsuite>
  <testsuite name="ALogHelper_StringToLogLevel" tests="4" failures="0" disabled="0" errors="0" time="0">
    <testcase name="GivesCorrectLevels" status="run" time="0" classname="ALogHelper_StringToLogLevel" />
    <testcase name="IgnoresCase" status="run" time="0" classname="ALogHelper_StringToLogLevel" />
    <testcase name="TrimsString" status="run" time="0" classname="ALogHelper_StringToLogLevel" />
    <testcase name="ReturnFalseOnInvalidLogLevels" status="run" time="0" classname="ALogHelper_StringToLogLevel" />
  </testsuite>
  <testsuite name="ALogHelper_ParseContextFilters" tests="6" failures="0" disabled="0" errors="0" time="0">
    <testcase name="canExtractSingleCommandCorrectly" status="run" time="0" classname="ALogHelper_ParseContextFilters" />
    <testcase name="canExtractMultipleCommandsCorrectly" status="run" time="0" classname="ALogHelper_ParseContextFilters" />
    <testcase name="canHandleDescriptiveLoglevelNames" status="run" time="0" classname="ALogHelper_ParseContextFilters" />
    <testcase name="skipsUnknownLogLevelStrings" status="run" time="0" classname="ALogHelper_ParseContextFilters" />
    <testcase name="canExtractCommandCorrectlyWhenPassedZeroString" status="run" time="0" classname="ALogHelper_ParseContextFilters" />
[...]
    <testcase name="disconnectFromNetworkBroadcastsScenesUnavailableOnNetworkForAllRemoteScenes" status="run" time="0" classname="ASceneGraphComponent" />
    <testcase name="sendsPublishForNewParticipantsAfterDisconnect" status="run" time="0" classname="ASceneGraphComponent" />
    <testcase name="disconnectDoesNotAffectLocalScenesAtAllButUnpublishesAndResetsCountersForRemoteScenes" status="run" time="0.001" classname="ASceneGraphComponent" />
  </testsuite>
  <testsuite name="ASceneGraphProviderAndConsumerTest" tests="1" failures="0" disabled="0" errors="0" time="0">
    <testcase name="sceneactionlistCounterStartsWith1" status="run" time="0" classname="ASceneGraphProviderAndConsumerTest" />
  </testsuite>
  <testsuite name="ASingleResourceSerializationTyped/0" tests="3" failures="0" disabled="0" errors="0" time="0">
    <testcase name="canSerializeDeserializeToSameResource" type_param="ramses_internal::TextureResource" status="run" time="0" classname="ASingleResourceSerializationTyped/0" />
    <testcase name="calculatesSameHashAfterDeserializationIfNoneGiven" type_param="ramses_internal::TextureResource" status="run" time="0" classname="ASingleResourceSerializationTyped/0" />
    <testcase name="canSerializeCompressedResourceAndResultsInSameResourceAfterDecompression" type_param="ramses_internal::TextureResource" status="run" time="0" classname="ASingleResourceSerializationTyped/0" />
  </testsuite>
  <testsuite name="ASingleResourceSerializationTyped/1" tests="3" failures="0" disabled="0" errors="0" time="0">
    <testcase name="canSerializeDeserializeToSameResource" type_param="ramses_internal::ArrayResource" status="run" time="0" classname="ASingleResourceSerializationTyped/1" />
    <testcase name="calculatesSameHashAfterDeserializationIfNoneGiven" type_param="ramses_internal::ArrayResource" status="run" time="0" classname="ASingleResourceSerializationTyped/1" />
    <testcase name="canSerializeCompressedResourceAndResultsInSameResourceAfterDecompression" type_param="ramses_internal::ArrayResource" status="run" time="0" classname="ASingleResourceSerializationTyped/1" />
  </testsuite>
  <testsuite name="ASingleResourceSerializationTyped/2" tests="3" failures="0" disabled="0" errors="0" time="0">
    <testcase name="canSerializeDeserializeToSameResource" type_param="ramses_internal::EffectResource" status="run" time="0" classname="ASingleResourceSerializationTyped/2" />
    <testcase name="calculatesSameHashAfterDeserializationIfNoneGiven" type_param="ramses_internal::EffectResource" status="run" time="0" classname="ASingleResourceSerializationTyped/2" />
    <testcase name="canSerializeCompressedResourceAndResultsInSameResourceAfterDecompression" type_param="ramses_internal::EffectResource" status="run" time="0" classname="ASingleResourceSerializationTyped/2" />
  </testsuite>
  <testsuite name="DltAdapter" tests="3" failures="0" disabled="0" errors="0" time="0">
    <testcase name="RegisterAndUnregisterApplication" status="run" time="0" classname="DltAdapter" />
    <testcase name="RegisterApplicationWithAppNameTooLarge" status="run" time="0" classname="DltAdapter" />
    <testcase name="SingletonNotNull" status="run" time="0" classname="DltAdapter" />
  </testsuite>
  <testsuite name="DltAdapterWithRegisteredApplication" tests="3" failures="0" disabled="0" errors="0" time="0">
    <testcase name="DltInitialized" status="run" time="0" classname="DltAdapterWithRegisteredApplication" />
    <testcase name="RegisterandUnregisterContext" status="run" time="0" classname="DltAdapterWithRegisteredApplication" />
    <testcase name="LogMessageInDltAdapter" status="run" time="0" classname="DltAdapterWithRegisteredApplication" />
  </testsuite>
  <testsuite name="PlatformWatchDogTest" tests="4" failures="0" disabled="0" errors="0" time="0.5">
    <testcase name="callsRegisterAndUnregister" status="run" time="0" classname="PlatformWatchDogTest" />
    <testcase name="callsThePlatformFunctionRightAway" status="run" time="0" classname="PlatformWatchDogTest" />
    <testcase name="debouncesCallsToPlatformWatchdog" status="run" time="0" classname="PlatformWatchDogTest" />
    <testcase name="againCallsPlatformAfterDebounceTime" status="run" time="0.5" classname="PlatformWatchDogTest" />
  </testsuite>
  <testsuite name="ATCPConnectionSystem" tests="1" failures="0" disabled="0" errors="0" time="1.004">
    <testcase name="threadStressTest" status="run" time="1.004" classname="ATCPConnectionSystem" />
  </testsuite>
  <testsuite name="TestRotationConsistency/Matrix33fParamTest" tests="10" failures="0" disabled="0" errors="0" time="0">
    <testcase name="SetAndRecreateRotationXYZ/0" value_param="12-byte object &lt;00-00 34-42 00-00 AA-42 00-00 70-41&gt;" status="run" time="0" classname="TestRotationConsistency/Matrix33fParamTest" />
    <testcase name="SetAndRecreateRotationXYZ/1" value_param="12-byte object &lt;00-00 34-C2 00-00 AA-C2 00-00 70-C1&gt;" status="run" time="0" classname="TestRotationConsistency/Matrix33fParamTest" />
    <testcase name="SetAndRecreateRotationXYZ/2" value_param="12-byte object &lt;00-00 34-C2 00-00 1B-43 00-80 AC-43&gt;" status="run" time="0" classname="TestRotationConsistency/Matrix33fParamTest" />
    <testcase name="SetAndRecreateRotationXYZ/3" value_param="12-byte object &lt;00-00 A0-43 00-00 1B-C3 00-00 70-C1&gt;" status="run" time="0" classname="TestRotationConsistency/Matrix33fParamTest" />
    <testcase name="SetAndRecreateRotationXYZ/4" value_param="12-byte object &lt;00-00 B4-42 00-00 1B-C3 00-00 70-C1&gt;" status="run" time="0" classname="TestRotationConsistency/Matrix33fParamTest" />
    <testcase name="SetAndRecreateRotationZYX/0" value_param="12-byte object &lt;00-00 34-42 00-00 AA-42 00-00 70-41&gt;" status="run" time="0" classname="TestRotationConsistency/Matrix33fParamTest" />
    <testcase name="SetAndRecreateRotationZYX/1" value_param="12-byte object &lt;00-00 34-C2 00-00 AA-C2 00-00 70-C1&gt;" status="run" time="0" classname="TestRotationConsistency/Matrix33fParamTest" />
    <testcase name="SetAndRecreateRotationZYX/2" value_param="12-byte object &lt;00-00 34-C2 00-00 1B-43 00-80 AC-43&gt;" status="run" time="0" classname="TestRotationConsistency/Matrix33fParamTest" />
    <testcase name="SetAndRecreateRotationZYX/3" value_param="12-byte object &lt;00-00 A0-43 00-00 1B-C3 00-00 70-C1&gt;" status="run" time="0" classname="TestRotationConsistency/Matrix33fParamTest" />
    <testcase name="SetAndRecreateRotationZYX/4" value_param="12-byte object &lt;00-00 B4-42 00-00 1B-C3 00-00 70-C1&gt;" status="run" time="0" classname="TestRotationConsistency/Matrix33fParamTest" />
  </testsuite>
  <testsuite name="AResourceTest/ResourceCompression" tests="4" failures="0" disabled="0" errors="0" time="0.025">
    <testcase name="compressUncompressGivesInitialDataForSmallSizes/0" value_param="1-byte object &lt;01&gt;" status="run" time="0.004" classname="AResourceTest/ResourceCompression" />
    <testcase name="compressUncompressGivesInitialDataForSmallSizes/1" value_param="1-byte object &lt;02&gt;" status="run" time="0.019" classname="AResourceTest/ResourceCompression" />
    <testcase name="noCompressionForSmallSizes/0" value_param="1-byte object &lt;01&gt;" status="run" time="0.001" classname="AResourceTest/ResourceCompression" />
    <testcase name="noCompressionForSmallSizes/1" value_param="1-byte object &lt;02&gt;" status="run" time="0.001" classname="AResourceTest/ResourceCompression" />
  </testsuite>
  <testsuite name="TypedCommunicationTest/ACommunicationSystem" tests="4" failures="0" disabled="0" errors="0" time="0">
    <testcase name="canStartStopDiscoveryDaemon/0" value_param="1 (ECommunicationSystemType_Tcp)" status="run" time="0" classname="TypedCommunicationTest/ACommunicationSystem" />
    <testcase name="canRegisterAndUnregisterForConnectionUpdates/0" value_param="1 (ECommunicationSystemType_Tcp)" status="run" time="0" classname="TypedCommunicationTest/ACommunicationSystem" />
    <testcase name="sendFunctionsFailWhenNotYetConnected/0" value_param="1 (ECommunicationSystemType_Tcp)" status="run" time="0" classname="TypedCommunicationTest/ACommunicationSystem" />
    <testcase name="sendFunctionsFailAfterCallingDisconnect/0" value_param="1 (ECommunicationSystemType_Tcp)" status="run" time="0" classname="TypedCommunicationTest/ACommunicationSystem" />
  </testsuite>
  <testsuite name="TypedCommunicationTest/ACommunicationSystemWithDaemon" tests="2" failures="0" disabled="0" errors="0" time="0.001">
    <testcase name="canConnectAndDisconnectWithoutBlocking/0" value_param="(1 (ECommunicationSystemType_Tcp), 4-byte object &lt;00-00 00-00&gt;)" status="run" time="0" classname="TypedCommunicationTest/ACommunicationSystemWithDaemon" />
    <testcase name="canSendMessageToConnectedParticipant/0" value_param="(1 (ECommunicationSystemType_Tcp), 4-byte object &lt;00-00 00-00&gt;)" status="run" time="0.001" classname="TypedCommunicationTest/ACommunicationSystemWithDaemon" />
  </testsuite>
  <testsuite name="TypedCommunicationTest_ramses/ACommunicationSystemWithDaemonConnectionSetup" tests="2" failures="0" disabled="0" errors="0" time="0.002">
    <testcase name="receivedParticipantConnectedAndDisconnectedNotifications/0" value_param="(1 (ECommunicationSystemType_Tcp), 4-byte object &lt;00-00 00-00&gt;)" status="run" time="0" classname="TypedCommunicationTest_ramses/ACommunicationSystemWithDaemonConnectionSetup" />
    <testcase name="doesNotReceiveNotificationsAfterUnregistering/0" value_param="(1 (ECommunicationSystemType_Tcp), 4-byte object &lt;00-00 00-00&gt;)" status="run" time="0.001" classname="TypedCommunicationTest_ramses/ACommunicationSystemWithDaemonConnectionSetup" />
  </testsuite>
  <testsuite name="TypedCommunicationTest_dcsm/ACommunicationSystemWithDaemonConnectionSetup" tests="2" failures="0" disabled="0" errors="0" time="0.002">
    <testcase name="receivedParticipantConnectedAndDisconnectedNotifications/0" value_param="(1 (ECommunicationSystemType_Tcp), 4-byte object &lt;01-00 00-00&gt;)" status="run" time="0.001" classname="TypedCommunicationTest_dcsm/ACommunicationSystemWithDaemonConnectionSetup" />
    <testcase name="doesNotReceiveNotificationsAfterUnregistering/0" value_param="(1 (ECommunicationSystemType_Tcp), 4-byte object &lt;01-00 00-00&gt;)" status="run" time="0.001" classname="TypedCommunicationTest_dcsm/ACommunicationSystemWithDaemonConnectionSetup" />
  </testsuite>
  <testsuite name="TypedCommunicationTest/ACommunicationSystemWithDaemonMultiParticipant" tests="8" failures="0" disabled="3" errors="0" time="0.207">
    <testcase name="canConnectAndDisconnectMultipleTimes/0" value_param="(1 (ECommunicationSystemType_Tcp), 4-byte object &lt;00-00 00-00&gt;)" status="run" time="0" classname="TypedCommunicationTest/ACommunicationSystemWithDaemonMultiParticipant" />
    <testcase name="canSendMessageInBothDirectionBetweenTwoParticipants/0" value_param="(1 (ECommunicationSystemType_Tcp), 4-byte object &lt;00-00 00-00&gt;)" status="run" time="0.101" classname="TypedCommunicationTest/ACommunicationSystemWithDaemonMultiParticipant" />
    <testcase name="canSendMessageToOnlyOneOutOfTwoParticipants/0" value_param="(1 (ECommunicationSystemType_Tcp), 4-byte object &lt;00-00 00-00&gt;)" status="run" time="0.102" classname="TypedCommunicationTest/ACommunicationSystemWithDaemonMultiParticipant" />
    <testcase name="canSendAndReceiveLargeMessageInOneChunk/0" value_param="(1 (ECommunicationSystemType_Tcp), 4-byte object &lt;00-00 00-00&gt;)" status="run" time="0.003" classname="TypedCommunicationTest/ACommunicationSystemWithDaemonMultiParticipant" />
    <testcase name="DISABLED_canBroadcastMessageToTwoOthers/0" value_param="(1 (ECommunicationSystemType_Tcp), 4-byte object &lt;00-00 00-00&gt;)" status="notrun" time="0" classname="TypedCommunicationTest/ACommunicationSystemWithDaemonMultiParticipant" />
    <testcase name="DISABLED_getsParticipantConnectedNotificationsAfterConnectAndDisconnectMultipleTimes/0" value_param="(1 (ECommunicationSystemType_Tcp), 4-byte object &lt;00-00 00-00&gt;)" status="notrun" time="0" classname="TypedCommunicationTest/ACommunicationSystemWithDaemonMultiParticipant" />
    <testcase name="DISABLED_canSendMessageAfterConnectAndDisconnectMultipleTimes/0" value_param="(1 (ECommunicationSystemType_Tcp), 4-byte object &lt;00-00 00-00&gt;)" status="notrun" time="0" classname="TypedCommunicationTest/ACommunicationSystemWithDaemonMultiParticipant" />
    <testcase name="canEstablishConnectionToNewParticipantWithSameGuid/0" value_param="(1 (ECommunicationSystemType_Tcp), 4-byte object &lt;00-00 00-00&gt;)" status="run" time="0.001" classname="TypedCommunicationTest/ACommunicationSystemWithDaemonMultiParticipant" />
  </testsuite>
  <testsuite name="TypedCommunicationTest/ACommunicationSystemWithDaemonTcpOnly" tests="1" failures="0" disabled="0" errors="0" time="0.016">
    <testcase name="canSendAndReceiveLargeMessageInMultipleChunks/0" value_param="(1 (ECommunicationSystemType_Tcp), 4-byte object &lt;00-00 00-00&gt;)" status="run" time="0.016" classname="TypedCommunicationTest/ACommunicationSystemWithDaemonTcpOnly" />
  </testsuite>
  <testsuite name="TypedCommunicationTest/ADcsmSenderAndReceiverTest" tests="8" failures="0" disabled="0" errors="0" time="0.007">
    <testcase name="broadcastOfferContent/0" value_param="1 (ECommunicationSystemType_Tcp)" status="run" time="0.001" classname="TypedCommunicationTest/ADcsmSenderAndReceiverTest" />
    <testcase name="sendOfferContent/0" value_param="1 (ECommunicationSystemType_Tcp)" status="run" time="0.001" classname="TypedCommunicationTest/ADcsmSenderAndReceiverTest" />
    <testcase name="sendContentReady/0" value_param="1 (ECommunicationSystemType_Tcp)" status="run" time="0.001" classname="TypedCommunicationTest/ADcsmSenderAndReceiverTest" />
    <testcase name="sendBroadcastRequestStopOfferContent/0" value_param="1 (ECommunicationSystemType_Tcp)" status="run" time="0.001" classname="TypedCommunicationTest/ADcsmSenderAndReceiverTest" />
    <testcase name="sendBroadcastForceStopOfferContent/0" value_param="1 (ECommunicationSystemType_Tcp)" status="run" time="0.001" classname="TypedCommunicationTest/ADcsmSenderAndReceiverTest" />
    <testcase name="sendContentFocusRequest/0" value_param="1 (ECommunicationSystemType_Tcp)" status="run" time="0.001" classname="TypedCommunicationTest/ADcsmSenderAndReceiverTest" />
    <testcase name="sendCanvasSizeChange/0" value_param="1 (ECommunicationSystemType_Tcp)" status="run" time="0" classname="TypedCommunicationTest/ADcsmSenderAndReceiverTest" />
    <testcase name="sendContentStateChange/0" value_param="1 (ECommunicationSystemType_Tcp)" status="run" time="0.001" classname="TypedCommunicationTest/ADcsmSenderAndReceiverTest" />
  </testsuite>
  <testsuite name="TypedCommunicationTest/ADcsmSenderAndReceiverTestTcp" tests="1" failures="0" disabled="0" errors="0" time="0.001">
    <testcase name="sendUpdateContentMetadata/0" value_param="1 (ECommunicationSystemType_Tcp)" status="run" time="0.001" classname="TypedCommunicationTest/ADcsmSenderAndReceiverTestTcp" />
  </testsuite>
  <testsuite name="TypedCommunicationTest/AResourceManagementSenderAndReceiverTest" tests="1" failures="0" disabled="0" errors="0" time="0.001">
    <testcase name="RequestResources/0" value_param="1 (ECommunicationSystemType_Tcp)" status="run" time="0.001" classname="TypedCommunicationTest/AResourceManagementSenderAndReceiverTest" />
  </testsuite>
  <testsuite name="TypedCommunicationTest/AResourceSenderAndReceiverTest" tests="9" failures="0" disabled="0" errors="0" time="0.007">
    <testcase name="ReceivesTheSameTexture2DSentByTheSender/0" value_param="1 (ECommunicationSystemType_Tcp)" status="run" time="0.001" classname="TypedCommunicationTest/AResourceSenderAndReceiverTest" />
    <testcase name="ReceivesTheSameTexture3DSentByTheSender/0" value_param="1 (ECommunicationSystemType_Tcp)" status="run" time="0" classname="TypedCommunicationTest/AResourceSenderAndReceiverTest" />
    <testcase name="ReceivesTheSameTextureCubeSentByTheSender/0" value_param="1 (ECommunicationSystemType_Tcp)" status="run" time="0.001" classname="TypedCommunicationTest/AResourceSenderAndReceiverTest" />
    <testcase name="ReceivesTheSameVertexArraySentByTheSender/0" value_param="1 (ECommunicationSystemType_Tcp)" status="run" time="0.001" classname="TypedCommunicationTest/AResourceSenderAndReceiverTest" />
    <testcase name="ReceivesTheSameEffectResourceSentByTheSender/0" value_param="1 (ECommunicationSystemType_Tcp)" status="run" time="0.001" classname="TypedCommunicationTest/AResourceSenderAndReceiverTest" />
    <testcase name="SendResourceNotAvailable/0" value_param="1 (ECommunicationSystemType_Tcp)" status="run" time="0" classname="TypedCommunicationTest/AResourceSenderAndReceiverTest" />
    <testcase name="ResourceRequestIsSplitInSeveralMessages/0" value_param="1 (ECommunicationSystemType_Tcp)" status="run" time="0.002" classname="TypedCommunicationTest/AResourceSenderAndReceiverTest" />
    <testcase name="sendingResourceVectorResultsInCorrectNumberOfReceiveCallbacks/0" value_param="1 (ECommunicationSystemType_Tcp)" status="run" time="0" classname="TypedCommunicationTest/AResourceSenderAndReceiverTest" />
    <testcase name="sendingResourceVectorWithDifferenttypeOfResourcesResultsInMultipleReceiveCallbacks/0" value_param="1 (ECommunicationSystemType_Tcp)" status="run" time="0.001" classname="TypedCommunicationTest/AResourceSenderAndReceiverTest" />
  </testsuite>
  <testsuite name="TypedCommunicationTest/ASceneGraphProtocolSenderAndReceiverTest" tests="11" failures="0" disabled="1" errors="0" time="0.008">
    <testcase name="broadcastNewScenesAvailable/0" value_param="1 (ECommunicationSystemType_Tcp)" status="run" time="0.001" classname="TypedCommunicationTest/ASceneGraphProtocolSenderAndReceiverTest" />
    <testcase name="sendInitializeScene/0" value_param="1 (ECommunicationSystemType_Tcp)" status="run" time="0" classname="TypedCommunicationTest/ASceneGraphProtocolSenderAndReceiverTest" />
    <testcase name="DISABLED_broadcastScenesBecameUnavailable/0" value_param="1 (ECommunicationSystemType_Tcp)" status="notrun" time="0" classname="TypedCommunicationTest/ASceneGraphProtocolSenderAndReceiverTest" />
    <testcase name="sendSceneActionList/0" value_param="1 (ECommunicationSystemType_Tcp)" status="run" time="0.001" classname="TypedCommunicationTest/ASceneGraphProtocolSenderAndReceiverTest" />
    <testcase name="sendScenesAvailable/0" value_param="1 (ECommunicationSystemType_Tcp)" status="run" time="0.001" classname="TypedCommunicationTest/ASceneGraphProtocolSenderAndReceiverTest" />
    <testcase name="sendSubscribeScene/0" value_param="1 (ECommunicationSystemType_Tcp)" status="run" time="0.001" classname="TypedCommunicationTest/ASceneGraphProtocolSenderAndReceiverTest" />
    <testcase name="sendUnsubscribeScene/0" value_param="1 (ECommunicationSystemType_Tcp)" status="run" time="0.001" classname="TypedCommunicationTest/ASceneGraphProtocolSenderAndReceiverTest" />
    <testcase name="sendSceneNotAvailable/0" value_param="1 (ECommunicationSystemType_Tcp)" status="run" time="0" classname="TypedCommunicationTest/ASceneGraphProtocolSenderAndReceiverTest" />
    <testcase name="sendSceneActionListIsSplitUpIfMaxNumberIsExceeded/0" value_param="1 (ECommunicationSystemType_Tcp)" status="run" time="0.001" classname="TypedCommunicationTest/ASceneGraphProtocolSenderAndReceiverTest" />
    <testcase name="sendSceneActionListIsSplitUpIfMaxSizeIsExceeded/0" value_param="1 (ECommunicationSystemType_Tcp)" status="run" time="0.001" classname="TypedCommunicationTest/ASceneGraphProtocolSenderAndReceiverTest" />
    <testcase name="SendCorrectCounterValuesViaAllCommunicationSystems/0" value_param="1 (ECommunicationSystemType_Tcp)" status="run" time="0.001" classname="TypedCommunicationTest/ASceneGraphProtocolSenderAndReceiverTest" />
  </testsuite>
</testsuites>
