<?xml version="1.0" encoding="UTF-8"?>
<testsuites tests="2440" failures="0" disabled="2" errors="0" timestamp="2020-04-28T17:30:27" time="11.113" name="AllTests">
  <testsuite name="AAppearanceTest" tests="54" failures="0" disabled="0" errors="0" time="0.001">
    <testcase name="getsTheSameEffectUsedToCreateIt" status="run" time="0" classname="AAppearanceTest" />
    <testcase name="setGetBlendingFactors" status="run" time="0" classname="AAppearanceTest" />
    <testcase name="setGetDepthWrite" status="run" time="0" classname="AAppearanceTest" />
    <testcase name="setGetDepthFunction" status="run" time="0" classname="AAppearanceTest" />
    <testcase name="setGetScissorTest" status="run" time="0" classname="AAppearanceTest" />
    <testcase name="setGetStencilFunc" status="run" time="0" classname="AAppearanceTest" />
    <testcase name="setGetStencilOperation" status="run" time="0" classname="AAppearanceTest" />
    <testcase name="setGetBlendOperations" status="run" time="0" classname="AAppearanceTest" />
    <testcase name="setGetCullMode" status="run" time="0" classname="AAppearanceTest" />
    <testcase name="setGetDrawMode" status="run" time="0" classname="AAppearanceTest" />
    <testcase name="setGetColorWriteMask" status="run" time="0" classname="AAppearanceTest" />
    <testcase name="reportsErrorWhenGetSetMismatchingInputTypeScalar" status="run" time="0" classname="AAppearanceTest" />
    <testcase name="reportsErrorWhenGetSetMismatchingInputTypeArray" status="run" time="0" classname="AAppearanceTest" />
    <testcase name="reportsErrorWhenGetSetMismatchingInputTypeTexture" status="run" time="0" classname="AAppearanceTest" />
    <testcase name="reportsErrorWhenSetInputTextureFromADifferentScene" status="run" time="0" classname="AAppearanceTest" />
    <testcase name="getsSamplerSetToUniformInput" status="run" time="0" classname="AAppearanceTest" />
    <testcase name="getsNullSamplerIfNoneSetToUniformInput" status="run" time="0" classname="AAppearanceTest" />
    <testcase name="failsToGetSamplerSetToUniformIfInputHasWrongType" status="run" time="0" classname="AAppearanceTest" />
    <testcase name="canHandleUniformInputsOfTypeInt32" status="run" time="0" classname="AAppearanceTest" />
    <testcase name="canHandleUniformInputsOfTypeInt32Array" status="run" time="0" classname="AAppearanceTest" />
    <testcase name="canHandleUniformInputsOfTypeFloat" status="run" time="0" classname="AAppearanceTest" />
    <testcase name="canHandleUniformInputsOfTypeFloatArray" status="run" time="0" classname="AAppearanceTest" />
    <testcase name="canHandleUniformInputsOfTypeVector2i" status="run" time="0" classname="AAppearanceTest" />
    <testcase name="canHandleUniformInputsOfTypeVector2iArray" status="run" time="0" classname="AAppearanceTest" />
    <testcase name="canHandleUniformInputsOfTypeVector3i" status="run" time="0" classname="AAppearanceTest" />
    <testcase name="canHandleUniformInputsOfTypeVector3iArray" status="run" time="0" classname="AAppearanceTest" />
    <testcase name="canHandleUniformInputsOfTypeVector4i" status="run" time="0" classname="AAppearanceTest" />
    <testcase name="canHandleUniformInputsOfTypeVector4iArray" status="run" time="0.001" classname="AAppearanceTest" />
    <testcase name="canHandleUniformInputsOfTypeVector2f" status="run" time="0" classname="AAppearanceTest" />
    <testcase name="canHandleUniformInputsOfTypeVector2fArray" status="run" time="0" classname="AAppearanceTest" />
    <testcase name="canHandleUniformInputsOfTypeVector3f" status="run" time="0" classname="AAppearanceTest" />
    <testcase name="canHandleUniformInputsOfTypeVector3fArray" status="run" time="0" classname="AAppearanceTest" />
    <testcase name="canHandleUniformInputsOfTypeVector4f" status="run" time="0" classname="AAppearanceTest" />
    <testcase name="canHandleUniformInputsOfTypeVector4fArray" status="run" time="0" classname="AAppearanceTest" />
    <testcase name="canHandleUniformInputsOfTypeMatrix22f" status="run" time="0" classname="AAppearanceTest" />
    <testcase name="canHandleUniformInputsOfTypeMatrix22fArray" status="run" time="0" classname="AAppearanceTest" />
    <testcase name="canHandleUniformInputsOfTypeMatrix33f" status="run" time="0" classname="AAppearanceTest" />
    <testcase name="canHandleUniformInputsOfTypeMatrix33fArray" status="run" time="0" classname="AAppearanceTest" />
    <testcase name="canHandleUniformInputsOfTypeMatrix44f" status="run" time="0" classname="AAppearanceTest" />
    <testcase name="canHandleUniformInputsOfTypeMatrix44fArray" status="run" time="0" classname="AAppearanceTest" />
    <testcase name="canHandleUniformInputsOfTypeTexture2D" status="run" time="0" classname="AAppearanceTest" />
    <testcase name="canHandleUniformInputsOfTypeTextureCube" status="run" time="0" classname="AAppearanceTest" />
    <testcase name="uniformInputIsNotBoundInitially" status="run" time="0" classname="AAppearanceTest" />
    <testcase name="canBindDataObjectToUniformInput" status="run" time="0" classname="AAppearanceTest" />
    <testcase name="failsToSetOrGetValueIfInputBound" status="run" time="0" classname="AAppearanceTest" />
    <testcase name="failsToBindDataObjectToArrayUniformInput" status="run" time="0" classname="AAppearanceTest" />
    <testcase name="failsToBindDataObjectFromADifferentScene" status="run" time="0" classname="AAppearanceTest" />
    <testcase name="failsToBindDataObjectOfMismatchingType" status="run" time="0" classname="AAppearanceTest" />
    <testcase name="unbindingDataObjectFallsBackToPreviouslySetValue" status="run" time="0" classname="AAppearanceTest" />
    <testcase name="failsToUnbindIfInputIsNotBound" status="run" time="0" classname="AAppearanceTest" />
    <testcase name="reportsErrorWhenValidatedWithInvalidTextureSampler" status="run" time="0" classname="AAppearanceTest" />
    <testcase name="reportsErrorWhenValidatedWithInvalidTexture" status="run" time="0" classname="AAppearanceTest" />
    <testcase name="reportsErrorWhenValidatedWithBoundDataObjectThatWasDestroyed" status="run" time="0" classname="AAppearanceTest" />
    <testcase name="failsWhenWrongBlendingOperationsSet" status="run" time="0" classname="AAppearanceTest" />
  </testsuite>
  <testsuite name="AAppearanceTestWithSemanticUniforms" tests="1" failures="0" disabled="0" errors="0" time="0">
    <testcase name="failsToBindDataObjectIfInputHasSemantics" status="run" time="0" classname="AAppearanceTestWithSemanticUniforms" />
  </testsuite>
  <testsuite name="ABlitPass" tests="7" failures="0" disabled="0" errors="0" time="0.037">
    <testcase name="CanGetSourceAndDestinationBuffers" status="run" time="0.005" classname="ABlitPass" />
    <testcase name="BlittingRegionIsSetToCompleteBufferByDefault" status="run" time="0.006" classname="ABlitPass" />
    <testcase name="CanSetAndGetBlittingRegions" status="run" time="0.005" classname="ABlitPass" />
    <testcase name="CannotSetInvalidBlittingRegion" status="run" time="0.005" classname="ABlitPass" />
    <testcase name="canValidate" status="run" time="0.005" classname="ABlitPass" />
    <testcase name="failsValidationIfSourceRenderBufferGetsDestroyed" status="run" time="0.006" classname="ABlitPass" />
    <testcase name="failsValidationIfDestinationRenderBufferGetsDestroyed" status="run" time="0.005" classname="ABlitPass" />
  </testsuite>
  <testsuite name="ACamera/0" tests="21" failures="0" disabled="0" errors="0" time="0.112">
    <testcase name="hasDefaultParams" type_param="ramses::PerspectiveCamera" status="run" time="0.005" classname="ACamera/0" />
    <testcase name="reportsErrorWhenValidatingInitialState" type_param="ramses::PerspectiveCamera" status="run" time="0.005" classname="ACamera/0" />
    <testcase name="canSetItsViewport" type_param="ramses::PerspectiveCamera" status="run" time="0.006" classname="ACamera/0" />
    <testcase name="validatesWhenAllParamsSet" type_param="ramses::PerspectiveCamera" status="run" time="0.005" classname="ACamera/0" />
    <testcase name="reportsErrorIfTryingToRetrieveProjectionMatrixWithoutBeingInitialized" type_param="ramses::PerspectiveCamera" status="run" time="0.005" classname="ACamera/0" />
    <testcase name="canSetFrustum" type_param="ramses::PerspectiveCamera" status="run" time="0.005" classname="ACamera/0" />
    <testcase name="failsToSetFrustumIfInvalid" type_param="ramses::PerspectiveCamera" status="run" time="0.006" classname="ACamera/0" />
    <testcase name="failsToSetViewportIfInvalid" type_param="ramses::PerspectiveCamera" status="run" time="0.005" classname="ACamera/0" />
    <testcase name="returnsProjectionMatrix" type_param="ramses::PerspectiveCamera" status="run" time="0.005" classname="ACamera/0" />
    <testcase name="viewportDataNotBoundInitially" type_param="ramses::PerspectiveCamera" status="run" time="0.005" classname="ACamera/0" />
    <testcase name="canBindViewportData" type_param="ramses::PerspectiveCamera" status="run" time="0.006" classname="ACamera/0" />
    <testcase name="canUnbindViewportData" type_param="ramses::PerspectiveCamera" status="run" time="0.005" classname="ACamera/0" />
    <testcase name="getsReferencedViewportValuesWhenBound" type_param="ramses::PerspectiveCamera" status="run" time="0.005" classname="ACamera/0" />
    <testcase name="getsCorrectViewportValuesWhenBoundFromOneDataObjectToAnother" type_param="ramses::PerspectiveCamera" status="run" time="0.005" classname="ACamera/0" />
    <testcase name="getsReferencedViewportValuesWhenBound_alsoWhenChangedInDataObject" type_param="ramses::PerspectiveCamera" status="run" time="0.005" classname="ACamera/0" />
    <testcase name="canBindDataToTwoCamerasViewports" type_param="ramses::PerspectiveCamera" status="run" time="0.006" classname="ACamera/0" />
    <testcase name="getsOriginalViewportValuesWhenUnbound" type_param="ramses::PerspectiveCamera" status="run" time="0.005" classname="ACamera/0" />
    <testcase name="viewportValueSetIfBoundOnlyAffectsOriginalValueThatBecomesActiveAfterUnbound" type_param="ramses::PerspectiveCamera" status="run" time="0.005" classname="ACamera/0" />
    <testcase name="doesNotReportValidationErrorWhenViewportNotInitializedButBoundToValidData" type_param="ramses::PerspectiveCamera" status="run" time="0.006" classname="ACamera/0" />
    <testcase name="reportsValidationErrorWhenViewportNotInitializedAndBoundToValidDataButUnboundAfterwards" type_param="ramses::PerspectiveCamera" status="run" time="0.005" classname="ACamera/0" />
    <testcase name="reportsValidationErrorWhenViewportNotInitializedAndBoundToInvalidData" type_param="ramses::PerspectiveCamera" status="run" time="0.005" classname="ACamera/0" />
  </testsuite>
  <testsuite name="ACamera/1" tests="21" failures="0" disabled="0" errors="0" time="0.111">
    <testcase name="hasDefaultParams" type_param="ramses::OrthographicCamera" status="run" time="0.005" classname="ACamera/1" />
    <testcase name="reportsErrorWhenValidatingInitialState" type_param="ramses::OrthographicCamera" status="run" time="0.005" classname="ACamera/1" />
    <testcase name="canSetItsViewport" type_param="ramses::OrthographicCamera" status="run" time="0.006" classname="ACamera/1" />
    <testcase name="validatesWhenAllParamsSet" type_param="ramses::OrthographicCamera" status="run" time="0.005" classname="ACamera/1" />
    <testcase name="reportsErrorIfTryingToRetrieveProjectionMatrixWithoutBeingInitialized" type_param="ramses::OrthographicCamera" status="run" time="0.005" classname="ACamera/1" />
    <testcase name="canSetFrustum" type_param="ramses::OrthographicCamera" status="run" time="0.005" classname="ACamera/1" />
    <testcase name="failsToSetFrustumIfInvalid" type_param="ramses::OrthographicCamera" status="run" time="0.005" classname="ACamera/1" />
    <testcase name="failsToSetViewportIfInvalid" type_param="ramses::OrthographicCamera" status="run" time="0.005" classname="ACamera/1" />
    <testcase name="returnsProjectionMatrix" type_param="ramses::OrthographicCamera" status="run" time="0.005" classname="ACamera/1" />
    <testcase name="viewportDataNotBoundInitially" type_param="ramses::OrthographicCamera" status="run" time="0.006" classname="ACamera/1" />
    <testcase name="canBindViewportData" type_param="ramses::OrthographicCamera" status="run" time="0.005" classname="ACamera/1" />
    <testcase name="canUnbindViewportData" type_param="ramses::OrthographicCamera" status="run" time="0.005" classname="ACamera/1" />
    <testcase name="getsReferencedViewportValuesWhenBound" type_param="ramses::OrthographicCamera" status="run" time="0.006" classname="ACamera/1" />
    <testcase name="getsCorrectViewportValuesWhenBoundFromOneDataObjectToAnother" type_param="ramses::OrthographicCamera" status="run" time="0.005" classname="ACamera/1" />
    <testcase name="getsReferencedViewportValuesWhenBound_alsoWhenChangedInDataObject" type_param="ramses::OrthographicCamera" status="run" time="0.005" classname="ACamera/1" />
    <testcase name="canBindDataToTwoCamerasViewports" type_param="ramses::OrthographicCamera" status="run" time="0.006" classname="ACamera/1" />
    <testcase name="getsOriginalViewportValuesWhenUnbound" type_param="ramses::OrthographicCamera" status="run" time="0.005" classname="ACamera/1" />
    <testcase name="viewportValueSetIfBoundOnlyAffectsOriginalValueThatBecomesActiveAfterUnbound" type_param="ramses::OrthographicCamera" status="run" time="0.005" classname="ACamera/1" />
    <testcase name="doesNotReportValidationErrorWhenViewportNotInitializedButBoundToValidData" type_param="ramses::OrthographicCamera" status="run" time="0.006" classname="ACamera/1" />
    <testcase name="reportsValidationErrorWhenViewportNotInitializedAndBoundToValidDataButUnboundAfterwards" type_param="ramses::OrthographicCamera" status="run" time="0.005" classname="ACamera/1" />
    <testcase name="reportsValidationErrorWhenViewportNotInitializedAndBoundToInvalidData" type_param="ramses::OrthographicCamera" status="run" time="0.005" classname="ACamera/1" />
  </testsuite>
  <testsuite name="APerspectiveCamera" tests="2" failures="0" disabled="0" errors="0" time="0.011">
    <testcase name="canSetFrustum" status="run" time="0.006" classname="APerspectiveCamera" />
    <testcase name="failsToSetFrustumIfInvalid" status="run" time="0.005" classname="APerspectiveCamera" />
  </testsuite>
  <testsuite name="AClientApplicationLogic" tests="10" failures="0" disabled="0" errors="0" time="0.001">
    <testcase name="sceneDistributionIsDisabledInitially" status="run" time="0" classname="AClientApplicationLogic" />
    <testcase name="canEnableLocalOnlySceneDistribution" status="run" time="0" classname="AClientApplicationLogic" />
    <testcase name="canEnableSceneDistribution" status="run" time="0" classname="AClientApplicationLogic" />
    <testcase name="canDisableLocalOnlySceneDistribution" status="run" time="0" classname="AClientApplicationLogic" />
    <testcase name="canDisableSceneDistribution" status="run" time="0" classname="AClientApplicationLogic" />
    <testcase name="forwardsAddingOfResourceFileToResourceComponent" status="run" time="0" classname="AClientApplicationLogic" />
    <testcase name="triesToGetRequestedResourceFromResourceComponent" status="run" time="0" classname="AClientApplicationLogic" />
    <testcase name="triesToGetHashUsageFromResourceComponent" status="run" time="0" classname="AClientApplicationLogic" />
    <testcase name="triesToGetResourcesFromResourceComponent" status="run" time="0" classname="AClientApplicationLogic" />
    <testcase name="addsAndRemovesResourceFilesFromComponent" status="run" time="0" classname="AClientApplicationLogic" />
  </testsuite>
  <testsuite name="ClientPersistationTest/0" tests="2" failures="0" disabled="0" errors="0" time="0.011">
    <testcase name="canReadWriteResources" type_param="ramses::FloatArray" status="run" time="0.005" classname="ClientPersistationTest/0" />
    <testcase name="canReadWriteResourcesWithMultipleFiles" type_param="ramses::FloatArray" status="run" time="0.006" classname="ClientPersistationTest/0" />
  </testsuite>
  <testsuite name="ClientPersistationTest/1" tests="2" failures="0" disabled="0" errors="0" time="0.012">
    <testcase name="canReadWriteResources" type_param="ramses::Vector2fArray" status="run" time="0.006" classname="ClientPersistationTest/1" />
    <testcase name="canReadWriteResourcesWithMultipleFiles" type_param="ramses::Vector2fArray" status="run" time="0.006" classname="ClientPersistationTest/1" />
  </testsuite>
  <testsuite name="ClientPersistationTest/2" tests="2" failures="0" disabled="0" errors="0" time="0.011">
    <testcase name="canReadWriteResources" type_param="ramses::Vector3fArray" status="run" time="0.006" classname="ClientPersistationTest/2" />
    <testcase name="canReadWriteResourcesWithMultipleFiles" type_param="ramses::Vector3fArray" status="run" time="0.005" classname="ClientPersistationTest/2" />
  </testsuite>
  <testsuite name="ClientPersistationTest/3" tests="2" failures="0" disabled="0" errors="0" time="0.012">
    <testcase name="canReadWriteResources" type_param="ramses::Vector4fArray" status="run" time="0.006" classname="ClientPersistationTest/3" />
    <testcase name="canReadWriteResourcesWithMultipleFiles" type_param="ramses::Vector4fArray" status="run" time="0.006" classname="ClientPersistationTest/3" />
  </testsuite>
  <testsuite name="ClientPersistationTest/4" tests="2" failures="0" disabled="0" errors="0" time="0.012">
    <testcase name="canReadWriteResources" type_param="ramses::Texture2D" status="run" time="0.006" classname="ClientPersistationTest/4" />
    <testcase name="canReadWriteResourcesWithMultipleFiles" type_param="ramses::Texture2D" status="run" time="0.006" classname="ClientPersistationTest/4" />
  </testsuite>
  <testsuite name="ClientPersistationTest/5" tests="2" failures="0" disabled="0" errors="0" time="0.011">
    <testcase name="canReadWriteResources" type_param="ramses::Texture3D" status="run" time="0.006" classname="ClientPersistationTest/5" />
    <testcase name="canReadWriteResourcesWithMultipleFiles" type_param="ramses::Texture3D" status="run" time="0.005" classname="ClientPersistationTest/5" />
  </testsuite>
  <testsuite name="ClientPersistationTest/6" tests="2" failures="0" disabled="0" errors="0" time="0.012">
    <testcase name="canReadWriteResources" type_param="ramses::TextureCube" status="run" time="0.006" classname="ClientPersistationTest/6" />
    <testcase name="canReadWriteResourcesWithMultipleFiles" type_param="ramses::TextureCube" status="run" time="0.006" classname="ClientPersistationTest/6" />
  </testsuite>
  <testsuite name="ClientPersistationTest/7" tests="2" failures="0" disabled="0" errors="0" time="0.011">
    <testcase name="canReadWriteResources" type_param="ramses::UInt16Array" status="run" time="0.006" classname="ClientPersistationTest/7" />
    <testcase name="canReadWriteResourcesWithMultipleFiles" type_param="ramses::UInt16Array" status="run" time="0.005" classname="ClientPersistationTest/7" />
  </testsuite>
  <testsuite name="ClientPersistationTest/8" tests="2" failures="0" disabled="0" errors="0" time="0.012">
    <testcase name="canReadWriteResources" type_param="ramses::UInt32Array" status="run" time="0.006" classname="ClientPersistationTest/8" />
    <testcase name="canReadWriteResourcesWithMultipleFiles" type_param="ramses::UInt32Array" status="run" time="0.006" classname="ClientPersistationTest/8" />
  </testsuite>
  <testsuite name="ClientPersistationTest/9" tests="2" failures="0" disabled="0" errors="0" time="0.016">
    <testcase name="canReadWriteResources" type_param="ramses::Effect" status="run" time="0.006" classname="ClientPersistationTest/9" />
    <testcase name="canReadWriteResourcesWithMultipleFiles" type_param="ramses::Effect" status="run" time="0.009" classname="ClientPersistationTest/9" />
  </testsuite>
  <testsuite name="ClientPersistation" tests="20" failures="0" disabled="0" errors="0" time="0.144">
    <testcase name="canReadSameResourceMultipleTimes" status="run" time="0.006" classname="ClientPersistation" />
    <testcase name="canReadWriteIndexArray16" status="run" time="0.006" classname="ClientPersistation" />
    <testcase name="canReadWriteTexture2D" status="run" time="0.005" classname="ClientPersistation" />
    <testcase name="canReadWriteTexture2DwithNonDefaultSwizzle" status="run" time="0.006" classname="ClientPersistation" />
    <testcase name="canReadWriteTexture3D" status="run" time="0.006" classname="ClientPersistation" />
    <testcase name="canReadWriteTextureCube" status="run" time="0.005" classname="ClientPersistation" />
    <testcase name="canReadWriteEffect" status="run" time="0.006" classname="ClientPersistation" />
    <testcase name="canLoadFromEffectFileAndSaveOutDirectly" status="run" time="0.007" classname="ClientPersistation" />
    <testcase name="canReadWriteIndexArray32" status="run" time="0.006" classname="ClientPersistation" />
    <testcase name="saveResourcesToFile_InvalidFilename" status="run" time="0.005" classname="ClientPersistation" />
    <testcase name="saveResourcesToFile_NoFilename" status="run" time="0.006" classname="ClientPersistation" />
    <testcase name="saveResourcesToFile_FileExists" status="run" time="0.006" classname="ClientPersistation" />
    <testcase name="loadResourcesFromFile_InvalidFilename" status="run" time="0.006" classname="ClientPersistation" />
    <testcase name="loadResourcesFromFile_NoFilename" status="run" time="0.005" classname="ClientPersistation" />
    <testcase name="loadResourcesFromFile_NonexistantFilename" status="run" time="0.006" classname="ClientPersistation" />
    <testcase name="storesRamsesVersionToSceneFile" status="run" time="0.006" classname="ClientPersistation" />
    <testcase name="shareResourcesBetweenScenes" status="run" time="0.009" classname="ClientPersistation" />
    <testcase name="compressedFileIsSmallerThanUncompressed" status="run" time="0.006" classname="ClientPersistation" />
    <testcase name="compressedFileIsSmallerThanUncompressedWhenUsingSaveSceneToFile" status="run" time="0.006" classname="ClientPersistation" />
    <testcase name="savedFilesAreConsistent" status="run" time="0.029" classname="ClientPersistation" />
  </testsuite>
  <testsuite name="ADataBuffer/0" tests="13" failures="0" disabled="0" errors="0" time="0.072">
    <testcase name="IsAllocatedOnInternalSceneAfterCreation" type_param="ramses::IndexDataBuffer" status="run" time="0.005" classname="ADataBuffer/0" />
    <testcase name="PropagatesDataChangesToInternalScene" type_param="ramses::IndexDataBuffer" status="run" time="0.005" classname="ADataBuffer/0" />
    <testcase name="CanNotBeUpdatedWhenDataSizeBiggerThanMaximumSize" type_param="ramses::IndexDataBuffer" status="run" time="0.006" classname="ADataBuffer/0" />
    <testcase name="CanNotBeUpdatdWhenDataSizeAndOffsetBiggerThanMaximumSize" type_param="ramses::IndexDataBuffer" status="run" time="0.005" classname="ADataBuffer/0" />
    <testcase name="CanBeValidated" type_param="ramses::IndexDataBuffer" status="run" time="0.007" classname="ADataBuffer/0" />
    <testcase name="IsValidIfNotUsedByAnyMeshButUsedByPickableObject" type_param="ramses::IndexDataBuffer" status="run" time="0.005" classname="ADataBuffer/0" />
    <testcase name="ReportsWarningIfNotUsedInGeometry" type_param="ramses::IndexDataBuffer" status="run" time="0.006" classname="ADataBuffer/0" />
    <testcase name="ReportsWarningIfUsedInGeometryButNotInitialized" type_param="ramses::IndexDataBuffer" status="run" time="0.006" classname="ADataBuffer/0" />
    <testcase name="CanGetDataType" type_param="ramses::IndexDataBuffer" status="run" time="0.006" classname="ADataBuffer/0" />
    <testcase name="CanGetMaximumSize" type_param="ramses::IndexDataBuffer" status="run" time="0.005" classname="ADataBuffer/0" />
    <testcase name="CanGetUsedSize" type_param="ramses::IndexDataBuffer" status="run" time="0.005" classname="ADataBuffer/0" />
    <testcase name="CanGetData" type_param="ramses::IndexDataBuffer" status="run" time="0.006" classname="ADataBuffer/0" />
    <testcase name="CanGetPartialData" type_param="ramses::IndexDataBuffer" status="run" time="0.005" classname="ADataBuffer/0" />
  </testsuite>
  <testsuite name="ADataBuffer/1" tests="13" failures="0" disabled="0" errors="0" time="0.072">
    <testcase name="IsAllocatedOnInternalSceneAfterCreation" type_param="ramses::VertexDataBuffer" status="run" time="0.005" classname="ADataBuffer/1" />
    <testcase name="PropagatesDataChangesToInternalScene" type_param="ramses::VertexDataBuffer" status="run" time="0.006" classname="ADataBuffer/1" />
    <testcase name="CanNotBeUpdatedWhenDataSizeBiggerThanMaximumSize" type_param="ramses::VertexDataBuffer" status="run" time="0.005" classname="ADataBuffer/1" />
    <testcase name="CanNotBeUpdatdWhenDataSizeAndOffsetBiggerThanMaximumSize" type_param="ramses::VertexDataBuffer" status="run" time="0.005" classname="ADataBuffer/1" />
    <testcase name="CanBeValidated" type_param="ramses::VertexDataBuffer" status="run" time="0.006" classname="ADataBuffer/1" />
    <testcase name="IsValidIfNotUsedByAnyMeshButUsedByPickableObject" type_param="ramses::VertexDataBuffer" status="run" time="0.006" classname="ADataBuffer/1" />
    <testcase name="ReportsWarningIfNotUsedInGeometry" type_param="ramses::VertexDataBuffer" status="run" time="0.005" classname="ADataBuffer/1" />
    <testcase name="ReportsWarningIfUsedInGeometryButNotInitialized" type_param="ramses::VertexDataBuffer" status="run" time="0.006" classname="ADataBuffer/1" />
    <testcase name="CanGetDataType" type_param="ramses::VertexDataBuffer" status="run" time="0.006" classname="ADataBuffer/1" />
    <testcase name="CanGetMaximumSize" type_param="ramses::VertexDataBuffer" status="run" time="0.005" classname="ADataBuffer/1" />
    <testcase name="CanGetUsedSize" type_param="ramses::VertexDataBuffer" status="run" time="0.006" classname="ADataBuffer/1" />
    <testcase name="CanGetData" type_param="ramses::VertexDataBuffer" status="run" time="0.005" classname="ADataBuffer/1" />
    <testcase name="CanGetPartialData" type_param="ramses::VertexDataBuffer" status="run" time="0.005" classname="ADataBuffer/1" />
  </testsuite>
  <testsuite name="ADataObject" tests="33" failures="0" disabled="0" errors="0" time="0.183">
    <testcase name="isInitializedOnCreationOfDataFloat" status="run" time="0.006" classname="ADataObject" />
    <testcase name="canSetAndGetAFloatValue" status="run" time="0.005" classname="ADataObject" />
    <testcase name="canConvertDataFloatToDataObjectAndBack" status="run" time="0.006" classname="ADataObject" />
    <testcase name="isInitializedOnCreationOfDataVector2f" status="run" time="0.005" classname="ADataObject" />
    <testcase name="canSetAndGetAVector2fValue" status="run" time="0.006" classname="ADataObject" />
    <testcase name="canConvertDataVector2fToDataObjectAndBack" status="run" time="0.005" classname="ADataObject" />
    <testcase name="isInitializedOnCreationOfDataVector3f" status="run" time="0.006" classname="ADataObject" />
    <testcase name="canSetAndGetAVector3fValue" status="run" time="0.005" classname="ADataObject" />
    <testcase name="canConvertDataVector3fToDataObjectAndBack" status="run" time="0.006" classname="ADataObject" />
    <testcase name="isInitializedOnCreationOfDataVector4f" status="run" time="0.006" classname="ADataObject" />
    <testcase name="canSetAndGetAVector4fValue" status="run" time="0.005" classname="ADataObject" />
    <testcase name="canConvertDataVector4fToDataObjectAndBack" status="run" time="0.006" classname="ADataObject" />
    <testcase name="isInitializedOnCreationOfDataMatrix22f" status="run" time="0.005" classname="ADataObject" />
    <testcase name="canSetAndGetAMatrix22fValue" status="run" time="0.006" classname="ADataObject" />
    <testcase name="canConvertDataMatrix22fToDataObjectAndBack" status="run" time="0.005" classname="ADataObject" />
    <testcase name="isInitializedOnCreationOfDataMatrix33f" status="run" time="0.006" classname="ADataObject" />
    <testcase name="canSetAndGetAMatrix33fValue" status="run" time="0.005" classname="ADataObject" />
    <testcase name="canConvertDataMatrix33fToDataObjectAndBack" status="run" time="0.006" classname="ADataObject" />
    <testcase name="isInitializedOnCreationOfDataMatrix44f" status="run" time="0.005" classname="ADataObject" />
    <testcase name="canSetAndGetAMatrix44fValue" status="run" time="0.006" classname="ADataObject" />
    <testcase name="canConvertDataMatrix44fToDataObjectAndBack" status="run" time="0.005" classname="ADataObject" />
    <testcase name="isInitializedOnCreationOfDataInt32" status="run" time="0.006" classname="ADataObject" />
    <testcase name="canSetAndGetAInt32Value" status="run" time="0.005" classname="ADataObject" />
    <testcase name="canConvertDataInt32ToDataObjectAndBack" status="run" time="0.006" classname="ADataObject" />
    <testcase name="isInitializedOnCreationOfDataVector2i" status="run" time="0.005" classname="ADataObject" />
    <testcase name="canSetAndGetAVector2iValue" status="run" time="0.006" classname="ADataObject" />
    <testcase name="canConvertDataVector2iToDataObjectAndBack" status="run" time="0.005" classname="ADataObject" />
    <testcase name="isInitializedOnCreationOfDataVector3i" status="run" time="0.005" classname="ADataObject" />
    <testcase name="canSetAndGetAVector3iValue" status="run" time="0.006" classname="ADataObject" />
    <testcase name="canConvertDataVector3iToDataObjectAndBack" status="run" time="0.005" classname="ADataObject" />
    <testcase name="isInitializedOnCreationOfDataVector4i" status="run" time="0.006" classname="ADataObject" />
    <testcase name="canSetAndGetAVector4iValue" status="run" time="0.005" classname="ADataObject" />
    <testcase name="canConvertDataVector4iToDataObjectAndBack" status="run" time="0.006" classname="ADataObject" />
  </testsuite>
  <testsuite name="EffectDescriptionTest" tests="12" failures="0" disabled="0" errors="0" time="0">
    <testcase name="initialState" status="run" time="0" classname="EffectDescriptionTest" />
    <testcase name="setShaderWithNULLRetrievesEmptyString" status="run" time="0" classname="EffectDescriptionTest" />
    <testcase name="retrievesSetVertexShader" status="run" time="0" classname="EffectDescriptionTest" />
    <testcase name="retrievesSetFragmentShader" status="run" time="0" classname="EffectDescriptionTest" />
    <testcase name="addDefineAsNULLReportsError" status="run" time="0" classname="EffectDescriptionTest" />
    <testcase name="canAddAndRetrieveDefineInOrder" status="run" time="0" classname="EffectDescriptionTest" />
    <testcase name="addSemanticNameAsNULLReportsError" status="run" time="0" classname="EffectDescriptionTest" />
    <testcase name="canAddAndRetrieveSemanticInput" status="run" time="0" classname="EffectDescriptionTest" />
    <testcase name="retrievesUnknownTypeForSemanticNotAdded" status="run" time="0" classname="EffectDescriptionTest" />
    <testcase name="setVertexShaderFromFile" status="run" time="0" classname="EffectDescriptionTest" />
    <testcase name="setFragmentShaderFromFile" status="run" time="0" classname="EffectDescriptionTest" />
    <testcase name="reportsErrorWhenLoadingNonexistingFile" status="run" time="0" classname="EffectDescriptionTest" />
  </testsuite>
  <testsuite name="AnEffectInput" tests="7" failures="0" disabled="0" errors="0" time="0">
    <testcase name="UniformInputIsInitializedToDefaultUponCreation" status="run" time="0" classname="AnEffectInput" />
    <testcase name="AttributeInputIsInitializedToDefaultUponCreation" status="run" time="0" classname="AnEffectInput" />
    <testcase name="UniformInputIsInitializedToGivenValues" status="run" time="0" classname="AnEffectInput" />
    <testcase name="AttributeInputIsInitializedToGivenValues" status="run" time="0" classname="AnEffectInput" />
    <testcase name="CanBeSerialized" status="run" time="0" classname="AnEffectInput" />
    <testcase name="CanBeComparedForEquality" status="run" time="0" classname="AnEffectInput" />
    <testcase name="ReturnsCorrectDataType" status="run" time="0" classname="AnEffectInput" />
  </testsuite>
  <testsuite name="AnEffect" tests="16" failures="0" disabled="0" errors="0" time="0.002">
    <testcase name="hasProperNumberOfInputs" status="run" time="0" classname="AnEffect" />
    <testcase name="reportsErrorWhenAskingForNonExistingUniformInput" status="run" time="0" classname="AnEffect" />
    <testcase name="reportsErrorWhenAskingForNonExistingAttributeInput" status="run" time="0" classname="AnEffect" />
    <testcase name="reportsErrorWhenAskingForNonExistingUniformName" status="run" time="0" classname="AnEffect" />
    <testcase name="reportsErrorWhenAskingForNonExistingAttributeName" status="run" time="0" classname="AnEffect" />
    <testcase name="reportsErrorWhenAskingForNonExistingUniformSemantic" status="run" time="0" classname="AnEffect" />
    <testcase name="reportsErrorWhenAskingForNonExistingAttributeSemantic" status="run" time="0" classname="AnEffect" />
    <testcase name="getsUniformInputByIndex" status="run" time="0" classname="AnEffect" />
    <testcase name="getsAttributeInputByIndex" status="run" time="0" classname="AnEffect" />
    <testcase name="findsUniformInputByName" status="run" time="0" classname="AnEffect" />
    <testcase name="findsAttributeInputByName" status="run" time="0" classname="AnEffect" />
    <testcase name="canNotCreateEffectWhenTextPositionsSemanticsHasWrongType" status="run" time="0.001" classname="AnEffect" />
    <testcase name="canRetrieveGLSLErrorMessageFromClient" status="run" time="0" classname="AnEffect" />
    <testcase name="clientDeletesEffectErrorMessagesOfLastEffect" status="run" time="0" classname="AnEffect" />
    <testcase name="canNotCreateEffectWhenTextTextureCoordinatesSemanticsHasWrongType" status="run" time="0" classname="AnEffect" />
    <testcase name="canNotCreateEffectWhenTextTextureSemanticsHasWrongType" status="run" time="0.001" classname="AnEffect" />
  </testsuite>
  <testsuite name="AnEffectWithSemantics" tests="5" failures="0" disabled="0" errors="0" time="0">
    <testcase name="findsUniformInputBySemantic" status="run" time="0" classname="AnEffectWithSemantics" />
    <testcase name="getsAttributeInputByIndex" status="run" time="0" classname="AnEffectWithSemantics" />
    <testcase name="findsAttributeInputBySemantic" status="run" time="0" classname="AnEffectWithSemantics" />
    <testcase name="findsAttributeInputByName" status="run" time="0" classname="AnEffectWithSemantics" />
    <testcase name="findsTextureInputWithSemantics" status="run" time="0" classname="AnEffectWithSemantics" />
  </testsuite>
  <testsuite name="AFontRegistry" tests="14" failures="0" disabled="0" errors="0" time="0.001">
    <testcase name="CreatesAndDestroysFreetype2FontInstanceFromFile" status="run" time="0" classname="AFontRegistry" />
    <testcase name="CreatesAndDestroysMultipleFreetype2FontInstancesFromFile" status="run" time="0" classname="AFontRegistry" />
    <testcase name="ReturnsNULLFontInstanceIfNotRegistered" status="run" time="0" classname="AFontRegistry" />
    <testcase name="FailsToCreateFontFromWrongPath" status="run" time="0" classname="AFontRegistry" />
    <testcase name="FailsToCreateFontInstanceFromInvalidFont" status="run" time="0" classname="AFontRegistry" />
    <testcase name="FailsToCreateFontInstanceFromDeletedFont" status="run" time="0" classname="AFontRegistry" />
    <testcase name="FailsToDestroyInvalidFont" status="run" time="0.001" classname="AFontRegistry" />
    <testcase name="FailsToDestroyInvalidFontInstance" status="run" time="0" classname="AFontRegistry" />
    <testcase name="InstantiatesSecondFontRegistryAndCreatesAnotherFontInstance" status="run" time="0" classname="AFontRegistry" />
    <testcase name="CreatesAndDestroysHBFontInstanceFromFile" status="run" time="0" classname="AFontRegistry" />
    <testcase name="CreatesAndDestroysMultipleHBFontInstancesFromFile" status="run" time="0" classname="AFontRegistry" />
    <testcase name="CreatesAndDestroysBothFT2AndHBFontInstancesFromFile" status="run" time="0" classname="AFontRegistry" />
    <testcase name="FailsToCreateHBFontInstanceFromInvalidFont" status="run" time="0" classname="AFontRegistry" />
    <testcase name="FailsToCreateHBFontInstanceFromDeletedFont" status="run" time="0" classname="AFontRegistry" />
  </testsuite>
  <testsuite name="AFreetype2FontInstance" tests="10" failures="0" disabled="0" errors="0" time="0.001">
    <testcase name="ComputesHeightFromFontData" status="run" time="0" classname="AFreetype2FontInstance" />
    <testcase name="ComputesAscenderFromFontData" status="run" time="0" classname="AFreetype2FontInstance" />
    <testcase name="ComputesDescenderFromFontData" status="run" time="0" classname="AFreetype2FontInstance" />
    <testcase name="ObtainsGlyphMetrics" status="run" time="0" classname="AFreetype2FontInstance" />
    <testcase name="ObtainsMultipleGlyphMetrics" status="run" time="0" classname="AFreetype2FontInstance" />
    <testcase name="ObtainsMultipleGlyphMetricsFromInstancesWithDifferentSizes" status="run" time="0.001" classname="AFreetype2FontInstance" />
    <testcase name="CanLoadACharacterGlyphBitmapData" status="run" time="0" classname="AFreetype2FontInstance" />
    <testcase name="ReportsSupportedCharCodes" status="run" time="0" classname="AFreetype2FontInstance" />
    <testcase name="ReportsSupportedCharCodesAfterAlreadyLoadedTheirMetrics" status="run" time="0" classname="AFreetype2FontInstance" />
    <testcase name="ReportsUnsupportedCharCode" status="run" time="0" classname="AFreetype2FontInstance" />
  </testsuite>
  <testsuite name="GeometryBindingTest" tests="31" failures="0" disabled="0" errors="0" time="0.004">
    <testcase name="CanGetEffect" status="run" time="0.001" classname="GeometryBindingTest" />
    <testcase name="dataLayoutHasOnlyIndicesForEmptyEffect" status="run" time="0" classname="GeometryBindingTest" />
    <testcase name="dataLayoutHasRightEffectHash" status="run" time="0.001" classname="GeometryBindingTest" />
    <testcase name="indicesFieldIsCreatedAtFixedSlot" status="run" time="0" classname="GeometryBindingTest" />
    <testcase name="canSetResource" status="run" time="0" classname="GeometryBindingTest" />
    <testcase name="reportsErrorWhenSettingResourceToInvalidInput" status="run" time="0" classname="GeometryBindingTest" />
    <testcase name="reportsErrorWhenSettingResourceWithMismatchingTypeInEffect" status="run" time="0" classname="GeometryBindingTest" />
    <testcase name="reportsErrorWhenSettingVec2ArrayResourceFromAnotherClient" status="run" time="0" classname="GeometryBindingTest" />
    <testcase name="reportsErrorWhenSettingVec3ArrayResourceFromAnotherClient" status="run" time="0" classname="GeometryBindingTest" />
    <testcase name="reportsErrorWhenSettingVec4ArrayResourceFromAnotherClient" status="run" time="0" classname="GeometryBindingTest" />
    <testcase name="reportsErrorWhenSettingIndexDataBufferFromAnotherScene" status="run" time="0" classname="GeometryBindingTest" />
    <testcase name="reportsErrorWhenSettingVertexDataBufferFromAnotherScene" status="run" time="0" classname="GeometryBindingTest" />
    <testcase name="reportsErrorWhenSettingFloatArrayResourceFromAnotherClient" status="run" time="0" classname="GeometryBindingTest" />
    <testcase name="reportsErrorWhenSettingUint16ArrayIndicesFromAnotherClient" status="run" time="0" classname="GeometryBindingTest" />
    <testcase name="reportsErrorWhenSettingUint32ArrayIndicesFromAnotherClient" status="run" time="0" classname="GeometryBindingTest" />
    <testcase name="canSetIndicesResource16" status="run" time="0" classname="GeometryBindingTest" />
    <testcase name="canSetIndicesResource32" status="run" time="0" classname="GeometryBindingTest" />
    <testcase name="canSetIndicesDataBuffer16" status="run" time="0.001" classname="GeometryBindingTest" />
    <testcase name="canSetIndicesDataBuffer32" status="run" time="0" classname="GeometryBindingTest" />
    <testcase name="canSetAttributeResourceInput" status="run" time="0" classname="GeometryBindingTest" />
    <testcase name="canSetAttributeVertexDataBufferInput" status="run" time="0" classname="GeometryBindingTest" />
    <testcase name="reportsErrorWhenSettingAttributeResourceInputWithWrongType" status="run" time="0" classname="GeometryBindingTest" />
    <testcase name="reportsErrorWhenSettingAttributeVertexDataBufferInputWithWrongType" status="run" time="0" classname="GeometryBindingTest" />
    <testcase name="reportsErrorWhenValidatedWithInvalidEffectReference" status="run" time="0.001" classname="GeometryBindingTest" />
    <testcase name="reportsErrorWhenValidatedWithInvalidIndicesReference" status="run" time="0" classname="GeometryBindingTest" />
    <testcase name="reportsErrorWhenValidatedWithInvalidInputFloatArrayResource" status="run" time="0" classname="GeometryBindingTest" />
    <testcase name="reportsErrorWhenValidatedWithInvalidInputVec2ArrayResource" status="run" time="0" classname="GeometryBindingTest" />
    <testcase name="reportsErrorWhenValidatedWithInvalidInputVec3ArrayResource" status="run" time="0" classname="GeometryBindingTest" />
    <testcase name="reportsErrorWhenValidatedWithInvalidInputVec4ArrayResource" status="run" time="0" classname="GeometryBindingTest" />
    <testcase name="reportsErrorWhenValidatedWithDestroyedVertexDataBuffer" status="run" time="0" classname="GeometryBindingTest" />
    <testcase name="reportsErrorWhenValidatedWithVertexDataBufferThatHasWrongType" status="run" time="0" classname="GeometryBindingTest" />
  </testsuite>
  <testsuite name="AGlslEffect" tests="37" failures="0" disabled="1" errors="0" time="0.046">
    <testcase name="canParseBasicShaders" status="run" time="0" classname="AGlslEffect" />
    <testcase name="usesPassedName" status="run" time="0.001" classname="AGlslEffect" />
    <testcase name="rejectsEmptyVertexShader" status="run" time="0" classname="AGlslEffect" />
    <testcase name="rejectsBrokenVertexShader" status="run" time="0.001" classname="AGlslEffect" />
    <testcase name="rejectsEmptyFragmentShader" status="run" time="0" classname="AGlslEffect" />
    <testcase name="rejectsBrokenFragmentShader" status="run" time="0.001" classname="AGlslEffect" />
    <testcase name="usesProvidedDefines" status="run" time="0" classname="AGlslEffect" />
    <testcase name="generatedShaderWithDefaultVersionAndDefinesEmbedded" status="run" time="0" classname="AGlslEffect" />
    <testcase name="acceptsGLSLES30Shaders" status="run" time="0.013" classname="AGlslEffect" />
    <testcase name="doesNotAcceptMixedES2VertexAndES3FragmentShaders" status="run" time="0" classname="AGlslEffect" />
    <testcase name="doesNotAcceptMixedES3VertexAndES2FragmentShaders" status="run" time="0.001" classname="AGlslEffect" />
    <testcase name="doesNotAcceptOtherGLSLVersionsThan100And300" status="run" time="0.019" classname="AGlslEffect" />
    <testcase name="canParseShaderInputs" status="run" time="0" classname="AGlslEffect" />
    <testcase name="canParseSamplerInputsGLSLES2" status="run" time="0.001" classname="AGlslEffect" />
    <testcase name="canParseSamplerInputsGLSLES3" status="run" time="0" classname="AGlslEffect" />
    <testcase name="canParseArrayInputs" status="run" time="0" classname="AGlslEffect" />
    <testcase name="failsWithWrongSemanticForType" status="run" time="0.001" classname="AGlslEffect" />
    <testcase name="ignoresNormalGlobalsAndVaryings" status="run" time="0" classname="AGlslEffect" />
    <testcase name="canParseStructUniform" status="run" time="0.001" classname="AGlslEffect" />
    <testcase name="canParseArrayOfStructUniform" status="run" time="0" classname="AGlslEffect" />
    <testcase name="canParseNestedStructUniform" status="run" time="0" classname="AGlslEffect" />
    <testcase name="canParseArrayOfNestedStructUniforms" status="run" time="0.001" classname="AGlslEffect" />
    <testcase name="UseGlslEffectFromDifferentThread" status="run" time="0.001" classname="AGlslEffect" />
    <testcase name="UseGlslEffectFromMainThread" status="run" time="0" classname="AGlslEffect" />
    <testcase name="hasDefaultShaderVersion100" status="run" time="0.001" classname="AGlslEffect" />
    <testcase name="isAbleToParseShadersWithVersionString" status="run" time="0" classname="AGlslEffect" />
    <testcase name="rejectsShadersWithVersionStringWithoutNewline" status="run" time="0" classname="AGlslEffect" />
    <testcase name="rejectsShadersWithUnsupportedVersions" status="run" time="0.001" classname="AGlslEffect" />
    <testcase name="acceptsReturnStatementsEveryWhere" status="run" time="0.001" classname="AGlslEffect" />
    <testcase name="acceptsLoopsInShaders" status="run" time="0" classname="AGlslEffect" />
    <testcase name="doesNotSupportExternalTextureExtension" status="run" time="0" classname="AGlslEffect" />
    <testcase name="doesNotSupportFloatTextureExtension" status="run" time="0.001" classname="AGlslEffect" />
    <testcase name="doesNotSupport3DTextureExtension" status="run" time="0" classname="AGlslEffect" />
    <testcase name="treatsUniformDeclaredInBothStagesWithSameNameAsSingleUniform" status="run" time="0.001" classname="AGlslEffect" />
    <testcase name="rejectsEffectWithUniformDeclaredInBothStagesWithSameNameButDifferentDataType" status="run" time="0" classname="AGlslEffect" />
    <testcase name="DISABLED_acceptsActiveAsKeyword" status="notrun" time="0" classname="AGlslEffect" />
    <testcase name="canRetrieveGLSLErrorMessage" status="run" time="0" classname="AGlslEffect" />
  </testsuite>
  <testsuite name="GlslLimitsTest" tests="4" failures="0" disabled="0" errors="0" time="0">
    <testcase name="parseGlslVersionFromString" status="run" time="0" classname="GlslLimitsTest" />
    <testcase name="testLimitsOpenGL_20" status="run" time="0" classname="GlslLimitsTest" />
    <testcase name="testLimitsOpenGL_ES_30" status="run" time="0" classname="GlslLimitsTest" />
    <testcase name="testLimitsOpenGL_42" status="run" time="0" classname="GlslLimitsTest" />
  </testsuite>
  <testsuite name="AGlyphTextureAtlas" tests="17" failures="0" disabled="0" errors="0" time="0.008">
    <testcase name="MapsGlyphWhichFitsEntirelyInOneTextureAndLeavesLotsOfFreeSpace" status="run" time="0.001" classname="AGlyphTextureAtlas" />
    <testcase name="MapsGlyphWhichBarelyFitsInOneTexture" status="run" time="0" classname="AGlyphTextureAtlas" />
    <testcase name="MapsTwoGlyphsWhichFitInOneTextureHorizontally" status="run" time="0" classname="AGlyphTextureAtlas" />
    <testcase name="MapsTwoGlyphsWhichFitInOneTextureButSecondGlyphIsTooWideToFitHorizontally" status="run" time="0" classname="AGlyphTextureAtlas" />
    <testcase name="MapsTwoGlyphsWhichDontFitInASingleTexture" status="run" time="0.001" classname="AGlyphTextureAtlas" />
    <testcase name="MapsZeroAreaGlyphAndDoesNotCreateGeometryForIt" status="run" time="0" classname="AGlyphTextureAtlas" />
    <testcase name="CreatesGeometryForSingleGlyph" status="run" time="0.001" classname="AGlyphTextureAtlas" />
    <testcase name="CreatesGeometryForSingleGlyphWithOffsetNotZero" status="run" time="0" classname="AGlyphTextureAtlas" />
    <testcase name="CreatesMultipleGeometriesForGlyphsInSamePage" status="run" time="0" classname="AGlyphTextureAtlas" />
    <testcase name="CreatesMultipleGeometriesForGlyphsInSamePageWhenOffsetIsNotZero" status="run" time="0" classname="AGlyphTextureAtlas" />
    <testcase name="CreatesGeometryForStringWithSomeEmptyChars" status="run" time="0" classname="AGlyphTextureAtlas" />
    <testcase name="CreatesGeometryForStringWithSomeEmptyCharsWithZeroAdvance" status="run" time="0.001" classname="AGlyphTextureAtlas" />
    <testcase name="ReleasesGlyphFromPageAfterUnmappingAsOftenAsMappingIt" status="run" time="0" classname="AGlyphTextureAtlas" />
    <testcase name="DoesNotReleaseGlyphAfterMappingItMoreThanUnmappingIt" status="run" time="0" classname="AGlyphTextureAtlas" />
    <testcase name="TreatsTheSameCharWithDifferentFontInstancesAsDifferentGlyphs" status="run" time="0.001" classname="AGlyphTextureAtlas" />
    <testcase name="CanMapFourOfTheSameGlyphsToTheSameSpace" status="run" time="0" classname="AGlyphTextureAtlas" />
    <testcase name="MapsNonFittingGlyphsToNewPageAndKeepsSpaceOnFirstPageOpen" status="run" time="0.003" classname="AGlyphTextureAtlas" />
  </testsuite>
  <testsuite name="AGlyphTexturePage" tests="22" failures="0" disabled="0" errors="0" time="0.012">
    <testcase name="CreatesTexture2DBufferAndSamplerWhenConstructed" status="run" time="0.001" classname="AGlyphTexturePage" />
    <testcase name="DestroysTexture2DBufferAndSamplerWhenDestructed" status="run" time="0" classname="AGlyphTexturePage" />
    <testcase name="CreatesInternalDataCacheWithCorrectSizeAfterConstruction" status="run" time="0.003" classname="AGlyphTexturePage" />
    <testcase name="CopiesSourceDataToTargetQuadAndAddsOnePixelPadding" status="run" time="0.001" classname="AGlyphTexturePage" />
    <testcase name="NewGlyphPageHasOneFreeAreaWithWidthTimesHeightArea" status="run" time="0" classname="AGlyphTexturePage" />
    <testcase name="claimingAZeroSpaceIsANoop" status="run" time="0.003" classname="AGlyphTexturePage" />
    <testcase name="claimingSpaceOnceIsCorrectAndRevertable" status="run" time="0" classname="AGlyphTexturePage" />
    <testcase name="claimingSpaceTwiceWithSameWidthOrHeightLeadsToMergeOnRevert" status="run" time="0" classname="AGlyphTexturePage" />
    <testcase name="claimingSpaceAndOnlyPartiallyReleaseIt_ConnectedToFreeSpace" status="run" time="0.001" classname="AGlyphTexturePage" />
    <testcase name="claimingSpaceAndOnlyPartiallyReleaseIt_DisconnectedToFreeSpace" status="run" time="0" classname="AGlyphTexturePage" />
    <testcase name="MapsSingleGlyphWhichExactlyFitsPageSize" status="run" time="0" classname="AGlyphTexturePage" />
    <testcase name="CanNotCreateAnotherGlyphWhenPageIsFull" status="run" time="0" classname="AGlyphTexturePage" />
    <testcase name="MapsSecondGlyphWhenSpaceStillAvailableInPage" status="run" time="0.001" classname="AGlyphTexturePage" />
    <testcase name="confidence_MapsFourGlyphs_WhichHaveQuarterPageSize_InOnePage" status="run" time="0" classname="AGlyphTexturePage" />
    <testcase name="confidence_MapsAMosaicOfGlyphsWithHeterogeneousSizes_SoThatNewGlyphDoesNotFitOnPage" status="run" time="0" classname="AGlyphTexturePage" />
    <testcase name="ReleasesSpaceInPageAndMapsANewGlyph" status="run" time="0" classname="AGlyphTexturePage" />
    <testcase name="ReleaseFourGlyphsAndMapNewGlyphWhichIsFourTimesBigger" status="run" time="0" classname="AGlyphTexturePage" />
    <testcase name="FindsFreeSpaceForSizeEqualToPageSizeIfEmpty" status="run" time="0.001" classname="AGlyphTexturePage" />
    <testcase name="FindsNoFreeSpaceForSizeTooBigForLeftoverSpace" status="run" time="0" classname="AGlyphTexturePage" />
    <testcase name="FindsNoFreeSpaceForSizeTooBigForAllFreespaceQuads" status="run" time="0" classname="AGlyphTexturePage" />
    <testcase name="ChoosesExactFitFreespaceQuadWithFindFreespace" status="run" time="0" classname="AGlyphTexturePage" />
    <testcase name="ChoosesBestFitFreespaceQuadWithFindFreespace" status="run" time="0" classname="AGlyphTexturePage" />
  </testsuite>
  <testsuite name="AHarfbuzzFontInstance" tests="10" failures="0" disabled="0" errors="0" time="0">
    <testcase name="ComputesHeightFromFontData" status="run" time="0" classname="AHarfbuzzFontInstance" />
    <testcase name="ComputesAscenderFromFontData" status="run" time="0" classname="AHarfbuzzFontInstance" />
    <testcase name="ComputesDescenderFromFontData" status="run" time="0" classname="AHarfbuzzFontInstance" />
    <testcase name="ObtainsGlyphMetrics" status="run" time="0" classname="AHarfbuzzFontInstance" />
    <testcase name="ObtainsMultipleGlyphMetrics" status="run" time="0" classname="AHarfbuzzFontInstance" />
    <testcase name="ObtainsMultipleGlyphMetricsFromInstancesWithDifferentSizes" status="run" time="0" classname="AHarfbuzzFontInstance" />
    <testcase name="CanLoadACharacterGlyphBitmapData" status="run" time="0" classname="AHarfbuzzFontInstance" />
    <testcase name="ReportsUnsupportedCharCode" status="run" time="0" classname="AHarfbuzzFontInstance" />
    <testcase name="ObtainsMultipleGlyphMetricsWithReshaping" status="run" time="0" classname="AHarfbuzzFontInstance" />
    <testcase name="ObtainsMultipleGlyphMetricsWithReshaping2" status="run" time="0" classname="AHarfbuzzFontInstance" />
  </testsuite>
  <testsuite name="IteratorTest" tests="1" failures="0" disabled="0" errors="0" time="0.006">
    <testcase name="iteratesOverAllObjects" status="run" time="0.006" classname="IteratorTest" />
  </testsuite>
  <testsuite name="ALayoutUtils" tests="20" failures="0" disabled="0" errors="0" time="0.001">
    <testcase name="EmptyBBoxForEmptyString" status="run" time="0" classname="ALayoutUtils" />
    <testcase name="EmptyBBoxForInvalidRange" status="run" time="0.001" classname="ALayoutUtils" />
    <testcase name="GetsBBoxForString" status="run" time="0" classname="ALayoutUtils" />
    <testcase name="GetsBBoxForStringInReverse" status="run" time="0" classname="ALayoutUtils" />
    <testcase name="GetsBBoxForSubString" status="run" time="0" classname="ALayoutUtils" />
    <testcase name="GetsBBoxForSubStringInReverse" status="run" time="0" classname="ALayoutUtils" />
    <testcase name="FindsNoFittingForEmptyString" status="run" time="0" classname="ALayoutUtils" />
    <testcase name="FindsNoFittingForInvalidRange" status="run" time="0" classname="ALayoutUtils" />
    <testcase name="FindsNoFittingForZeroMaxWidth" status="run" time="0" classname="ALayoutUtils" />
    <testcase name="ReportsWholeGivenStringAsFittingIfMaxWidthEqualsItsWidth" status="run" time="0" classname="ALayoutUtils" />
    <testcase name="ReportsWholeGivenStringAsNOTFittingIfMaxWidthJustBelowItsWidth" status="run" time="0" classname="ALayoutUtils" />
    <testcase name="FindsFittingSubstringForGivenMaxWidth" status="run" time="0" classname="ALayoutUtils" />
    <testcase name="FindsNoFittingIfFirstCharExceedsMaxWidth" status="run" time="0" classname="ALayoutUtils" />
    <testcase name="FindsFittingFirstCharIfItsWidthEqualsMaxWidth" status="run" time="0" classname="ALayoutUtils" />
    <testcase name="EmptyGlyphsAtBeginningContributeToOffsetAndAdvanceOfBoundingBox" status="run" time="0" classname="ALayoutUtils" />
    <testcase name="EmptyGlyphsAtEndContributeOnlyToAdvanceOfBoundingBox" status="run" time="0" classname="ALayoutUtils" />
    <testcase name="StringWithEmptyGlyphsAlwaysFits" status="run" time="0" classname="ALayoutUtils" />
    <testcase name="EmptyGlyphsAtBeginningOfStringAlwaysFit" status="run" time="0" classname="ALayoutUtils" />
    <testcase name="EmptyGlyphsAtBeginningOfStringAffectFittingOfNonEmptyGlyphsDueToAdvancing" status="run" time="0" classname="ALayoutUtils" />
    <testcase name="EmptyGlyphsAtEndOfStringHasNoAffectOnFitting" status="run" time="0" classname="ALayoutUtils" />
  </testsuite>
  <testsuite name="MeshNodeTest" tests="26" failures="0" disabled="0" errors="0" time="0.155">
    <testcase name="canValidate" status="run" time="0.006" classname="MeshNodeTest" />
    <testcase name="failsValidationIfNoAppearanceWasSet" status="run" time="0.006" classname="MeshNodeTest" />
    <testcase name="failsValidationIfNoGeometryWasSet" status="run" time="0.006" classname="MeshNodeTest" />
    <testcase name="failsValidationIfStartIndexExeedsSizeOfIndexArray" status="run" time="0.006" classname="MeshNodeTest" />
    <testcase name="failsValidationIfIndexCountExeedsSizeOfIndexArray" status="run" time="0.006" classname="MeshNodeTest" />
    <testcase name="failsValidationIfStartIndexPlusIndexCountExeedsSizeOfIndexArray" status="run" time="0.006" classname="MeshNodeTest" />
    <testcase name="getsNullPointerForInitalAppearanceAndGeometry" status="run" time="0.005" classname="MeshNodeTest" />
    <testcase name="setsAndGetsSameAppearance" status="run" time="0.005" classname="MeshNodeTest" />
    <testcase name="reportsErrorWhenSetAppearanceFromAnotherScene" status="run" time="0.006" classname="MeshNodeTest" />
    <testcase name="setsAndGetsSameGeometry" status="run" time="0.006" classname="MeshNodeTest" />
    <testcase name="reportsErrorWhenSetGeometryFromAnotherScene" status="run" time="0.006" classname="MeshNodeTest" />
    <testcase name="settingGeometryWithIndicesSetsIndicesCount" status="run" time="0.006" classname="MeshNodeTest" />
    <testcase name="settingGeometryHavingDifferentEffectFromAppearanceReportsError" status="run" time="0.006" classname="MeshNodeTest" />
    <testcase name="settingAppearanceHavingDifferentEffectFromGeometryReportsError" status="run" time="0.006" classname="MeshNodeTest" />
    <testcase name="setsAppearanceMultipleTimesAndChecksInScene" status="run" time="0.007" classname="MeshNodeTest" />
    <testcase name="setsGeometryMultipleTimesAndChecksInScene" status="run" time="0.007" classname="MeshNodeTest" />
    <testcase name="removeAppearanceAndGeometryRemovesTheseFromMeshNode" status="run" time="0.006" classname="MeshNodeTest" />
    <testcase name="canSetNewAppearanceAndGeometryWhichAreIncompatibleWithThePrevious" status="run" time="0.005" classname="MeshNodeTest" />
    <testcase name="checksIfMeshNodeIsInitiallyVisible" status="run" time="0.006" classname="MeshNodeTest" />
    <testcase name="setsAndGetsSameStartIndex" status="run" time="0.005" classname="MeshNodeTest" />
    <testcase name="setsAndGetsSameStartVertex" status="run" time="0.006" classname="MeshNodeTest" />
    <testcase name="setsAndGetsSameIndexCount" status="run" time="0.005" classname="MeshNodeTest" />
    <testcase name="setsAndGetsSameInstanceCount" status="run" time="0.005" classname="MeshNodeTest" />
    <testcase name="doesNotAllowNoInstances" status="run" time="0.005" classname="MeshNodeTest" />
    <testcase name="succeedsValidationIfNotUsingIndexArray" status="run" time="0.007" classname="MeshNodeTest" />
    <testcase name="failsValidationIfNotUsingIndexArrayAndIndexCountNotSet" status="run" time="0.007" classname="MeshNodeTest" />
  </testsuite>
  <testsuite name="NodeLazyTransformTest/0" tests="10" failures="0" disabled="0" errors="0" time="0.055">
    <testcase name="instantiationCreatesNoTransform" type_param="ramses::Node" status="run" time="0.005" classname="NodeLazyTransformTest/0" />
    <testcase name="callingSetterWithIdentityCreatesNoTransform" type_param="ramses::Node" status="run" time="0.005" classname="NodeLazyTransformTest/0" />
    <testcase name="callingGettersWithoutTransformReturnIdentity" type_param="ramses::Node" status="run" time="0.006" classname="NodeLazyTransformTest/0" />
    <testcase name="callingSetTranslationWithValueCreatesTransform" type_param="ramses::Node" status="run" time="0.005" classname="NodeLazyTransformTest/0" />
    <testcase name="callingTranslateWithValueCreatesTransform" type_param="ramses::Node" status="run" time="0.006" classname="NodeLazyTransformTest/0" />
    <testcase name="callingSetRotationWithValueCreatesTransform" type_param="ramses::Node" status="run" time="0.005" classname="NodeLazyTransformTest/0" />
    <testcase name="callingRotateWithValueCreatesTransform" type_param="ramses::Node" status="run" time="0.006" classname="NodeLazyTransformTest/0" />
    <testcase name="callingSetScalingWithValueCreatesTransform" type_param="ramses::Node" status="run" time="0.005" classname="NodeLazyTransformTest/0" />
    <testcase name="callingScaleWithValueCreatesTransform" type_param="ramses::Node" status="run" time="0.006" classname="NodeLazyTransformTest/0" />
    <testcase name="destructionDestroysTransform" type_param="ramses::Node" status="run" time="0.005" classname="NodeLazyTransformTest/0" />
  </testsuite>
  <testsuite name="NodeLazyTransformTest/1" tests="10" failures="0" disabled="0" errors="0" time="0.055">
    <testcase name="instantiationCreatesNoTransform" type_param="ramses::MeshNode" status="run" time="0.006" classname="NodeLazyTransformTest/1" />
    <testcase name="callingSetterWithIdentityCreatesNoTransform" type_param="ramses::MeshNode" status="run" time="0.005" classname="NodeLazyTransformTest/1" />
    <testcase name="callingGettersWithoutTransformReturnIdentity" type_param="ramses::MeshNode" status="run" time="0.006" classname="NodeLazyTransformTest/1" />
    <testcase name="callingSetTranslationWithValueCreatesTransform" type_param="ramses::MeshNode" status="run" time="0.005" classname="NodeLazyTransformTest/1" />
    <testcase name="callingTranslateWithValueCreatesTransform" type_param="ramses::MeshNode" status="run" time="0.006" classname="NodeLazyTransformTest/1" />
    <testcase name="callingSetRotationWithValueCreatesTransform" type_param="ramses::MeshNode" status="run" time="0.005" classname="NodeLazyTransformTest/1" />
    <testcase name="callingRotateWithValueCreatesTransform" type_param="ramses::MeshNode" status="run" time="0.006" classname="NodeLazyTransformTest/1" />
    <testcase name="callingSetScalingWithValueCreatesTransform" type_param="ramses::MeshNode" status="run" time="0.005" classname="NodeLazyTransformTest/1" />
    <testcase name="callingScaleWithValueCreatesTransform" type_param="ramses::MeshNode" status="run" time="0.006" classname="NodeLazyTransformTest/1" />
    <testcase name="destructionDestroysTransform" type_param="ramses::MeshNode" status="run" time="0.005" classname="NodeLazyTransformTest/1" />
  </testsuite>
  <testsuite name="NodeLazyTransformTest/2" tests="10" failures="0" disabled="0" errors="0" time="0.056">
    <testcase name="instantiationCreatesNoTransform" type_param="ramses::RemoteCamera" status="run" time="0.006" classname="NodeLazyTransformTest/2" />
    <testcase name="callingSetterWithIdentityCreatesNoTransform" type_param="ramses::RemoteCamera" status="run" time="0.005" classname="NodeLazyTransformTest/2" />
    <testcase name="callingGettersWithoutTransformReturnIdentity" type_param="ramses::RemoteCamera" status="run" time="0.006" classname="NodeLazyTransformTest/2" />
    <testcase name="callingSetTranslationWithValueCreatesTransform" type_param="ramses::RemoteCamera" status="run" time="0.006" classname="NodeLazyTransformTest/2" />
    <testcase name="callingTranslateWithValueCreatesTransform" type_param="ramses::RemoteCamera" status="run" time="0.005" classname="NodeLazyTransformTest/2" />
    <testcase name="callingSetRotationWithValueCreatesTransform" type_param="ramses::RemoteCamera" status="run" time="0.006" classname="NodeLazyTransformTest/2" />
    <testcase name="callingRotateWithValueCreatesTransform" type_param="ramses::RemoteCamera" status="run" time="0.005" classname="NodeLazyTransformTest/2" />
    <testcase name="callingSetScalingWithValueCreatesTransform" type_param="ramses::RemoteCamera" status="run" time="0.006" classname="NodeLazyTransformTest/2" />
    <testcase name="callingScaleWithValueCreatesTransform" type_param="ramses::RemoteCamera" status="run" time="0.005" classname="NodeLazyTransformTest/2" />
    <testcase name="destructionDestroysTransform" type_param="ramses::RemoteCamera" status="run" time="0.006" classname="NodeLazyTransformTest/2" />
  </testsuite>
  <testsuite name="NodeLazyTransformTest/3" tests="10" failures="0" disabled="0" errors="0" time="0.055">
    <testcase name="instantiationCreatesNoTransform" type_param="ramses::PerspectiveCamera" status="run" time="0.005" classname="NodeLazyTransformTest/3" />
    <testcase name="callingSetterWithIdentityCreatesNoTransform" type_param="ramses::PerspectiveCamera" status="run" time="0.006" classname="NodeLazyTransformTest/3" />
    <testcase name="callingGettersWithoutTransformReturnIdentity" type_param="ramses::PerspectiveCamera" status="run" time="0.005" classname="NodeLazyTransformTest/3" />
    <testcase name="callingSetTranslationWithValueCreatesTransform" type_param="ramses::PerspectiveCamera" status="run" time="0.006" classname="NodeLazyTransformTest/3" />
    <testcase name="callingTranslateWithValueCreatesTransform" type_param="ramses::PerspectiveCamera" status="run" time="0.005" classname="NodeLazyTransformTest/3" />
    <testcase name="callingSetRotationWithValueCreatesTransform" type_param="ramses::PerspectiveCamera" status="run" time="0.005" classname="NodeLazyTransformTest/3" />
    <testcase name="callingRotateWithValueCreatesTransform" type_param="ramses::PerspectiveCamera" status="run" time="0.006" classname="NodeLazyTransformTest/3" />
    <testcase name="callingSetScalingWithValueCreatesTransform" type_param="ramses::PerspectiveCamera" status="run" time="0.005" classname="NodeLazyTransformTest/3" />
    <testcase name="callingScaleWithValueCreatesTransform" type_param="ramses::PerspectiveCamera" status="run" time="0.006" classname="NodeLazyTransformTest/3" />
    <testcase name="destructionDestroysTransform" type_param="ramses::PerspectiveCamera" status="run" time="0.005" classname="NodeLazyTransformTest/3" />
  </testsuite>
  <testsuite name="NodeLazyTransformTest/4" tests="10" failures="0" disabled="0" errors="0" time="0.054">
    <testcase name="instantiationCreatesNoTransform" type_param="ramses::OrthographicCamera" status="run" time="0.006" classname="NodeLazyTransformTest/4" />
    <testcase name="callingSetterWithIdentityCreatesNoTransform" type_param="ramses::OrthographicCamera" status="run" time="0.005" classname="NodeLazyTransformTest/4" />
    <testcase name="callingGettersWithoutTransformReturnIdentity" type_param="ramses::OrthographicCamera" status="run" time="0.006" classname="NodeLazyTransformTest/4" />
    <testcase name="callingSetTranslationWithValueCreatesTransform" type_param="ramses::OrthographicCamera" status="run" time="0.005" classname="NodeLazyTransformTest/4" />
    <testcase name="callingTranslateWithValueCreatesTransform" type_param="ramses::OrthographicCamera" status="run" time="0.005" classname="NodeLazyTransformTest/4" />
    <testcase name="callingSetRotationWithValueCreatesTransform" type_param="ramses::OrthographicCamera" status="run" time="0.006" classname="NodeLazyTransformTest/4" />
    <testcase name="callingRotateWithValueCreatesTransform" type_param="ramses::OrthographicCamera" status="run" time="0.005" classname="NodeLazyTransformTest/4" />
    <testcase name="callingSetScalingWithValueCreatesTransform" type_param="ramses::OrthographicCamera" status="run" time="0.005" classname="NodeLazyTransformTest/4" />
    <testcase name="callingScaleWithValueCreatesTransform" type_param="ramses::OrthographicCamera" status="run" time="0.006" classname="NodeLazyTransformTest/4" />
    <testcase name="destructionDestroysTransform" type_param="ramses::OrthographicCamera" status="run" time="0.005" classname="NodeLazyTransformTest/4" />
  </testsuite>
  <testsuite name="NodeLazyTransformTest/5" tests="10" failures="0" disabled="0" errors="0" time="0.055">
    <testcase name="instantiationCreatesNoTransform" type_param="ramses::PickableObject" status="run" time="0.005" classname="NodeLazyTransformTest/5" />
    <testcase name="callingSetterWithIdentityCreatesNoTransform" type_param="ramses::PickableObject" status="run" time="0.006" classname="NodeLazyTransformTest/5" />
    <testcase name="callingGettersWithoutTransformReturnIdentity" type_param="ramses::PickableObject" status="run" time="0.005" classname="NodeLazyTransformTest/5" />
    <testcase name="callingSetTranslationWithValueCreatesTransform" type_param="ramses::PickableObject" status="run" time="0.005" classname="NodeLazyTransformTest/5" />
    <testcase name="callingTranslateWithValueCreatesTransform" type_param="ramses::PickableObject" status="run" time="0.005" classname="NodeLazyTransformTest/5" />
    <testcase name="callingSetRotationWithValueCreatesTransform" type_param="ramses::PickableObject" status="run" time="0.006" classname="NodeLazyTransformTest/5" />
    <testcase name="callingRotateWithValueCreatesTransform" type_param="ramses::PickableObject" status="run" time="0.005" classname="NodeLazyTransformTest/5" />
    <testcase name="callingSetScalingWithValueCreatesTransform" type_param="ramses::PickableObject" status="run" time="0.006" classname="NodeLazyTransformTest/5" />
    <testcase name="callingScaleWithValueCreatesTransform" type_param="ramses::PickableObject" status="run" time="0.005" classname="NodeLazyTransformTest/5" />
    <testcase name="destructionDestroysTransform" type_param="ramses::PickableObject" status="run" time="0.006" classname="NodeLazyTransformTest/5" />
  </testsuite>
  <testsuite name="NodeTest/0" tests="35" failures="0" disabled="0" errors="0" time="0.193">
    <testcase name="hasChild" type_param="ramses::Node" status="run" time="0.005" classname="NodeTest/0" />
    <testcase name="hasParent" type_param="ramses::Node" status="run" time="0.006" classname="NodeTest/0" />
    <testcase name="shouldAddChildrenToNodeAndCountThemCorrectly" type_param="ramses::Node" status="run" time="0.005" classname="NodeTest/0" />
    <testcase name="shouldNotAddNodeFromOneSceneAsChildToNodeInOtherScene" type_param="ramses::Node" status="run" time="0.006" classname="NodeTest/0" />
    <testcase name="shouldAddChildToNodeAndGetParent" type_param="ramses::Node" status="run" time="0.005" classname="NodeTest/0" />
    <testcase name="constGetChildAndGetParentBehaveAsNonConstVersion" type_param="ramses::Node" status="run" time="0.005" classname="NodeTest/0" />
    <testcase name="shouldRemoveChildOnDestruction" type_param="ramses::Node" status="run" time="0.006" classname="NodeTest/0" />
    <testcase name="shouldRemoveParentOnItsDestruction" type_param="ramses::Node" status="run" time="0.005" classname="NodeTest/0" />
    <testcase name="shouldRemoveChild" type_param="ramses::Node" status="run" time="0.006" classname="NodeTest/0" />
    <testcase name="shouldAddParentToNodeAndGetChild" type_param="ramses::Node" status="run" time="0.005" classname="NodeTest/0" />
    <testcase name="shouldRemoveParent" type_param="ramses::Node" status="run" time="0.006" classname="NodeTest/0" />
    <testcase name="confidenceTest_shouldRemoveAllChildren" type_param="ramses::Node" status="run" time="0.005" classname="NodeTest/0" />
    <testcase name="reportsErrorWhenRemovinNonExistingParent" type_param="ramses::Node" status="run" time="0.006" classname="NodeTest/0" />
    <testcase name="shouldReplaceParentWithaddChild" type_param="ramses::Node" status="run" time="0.005" classname="NodeTest/0" />
    <testcase name="shouldReplaceParentWithSetParent" type_param="ramses::Node" status="run" time="0.006" classname="NodeTest/0" />
    <testcase name="shouldOrderChildrenAccordingToTheirAddingToTheirParent" type_param="ramses::Node" status="run" time="0.005" classname="NodeTest/0" />
    <testcase name="shouldAdaptChildOrderWhenChildrenAreRemovedFromParent" type_param="ramses::Node" status="run" time="0.006" classname="NodeTest/0" />
    <testcase name="canBeConvertedToNode" type_param="ramses::Node" status="run" time="0.005" classname="NodeTest/0" />
    <testcase name="reportsErrorWhenSettingParentToItself" type_param="ramses::Node" status="run" time="0.006" classname="NodeTest/0" />
    <testcase name="reportsErrorWhenSettingParaentFromAnotherScene" type_param="ramses::Node" status="run" time="0.005" classname="NodeTest/0" />
    <testcase name="reportsErrorWhenSettingChildToItself" type_param="ramses::Node" status="run" time="0.006" classname="NodeTest/0" />
    <testcase name="isNotDirtyInitially" type_param="ramses::Node" status="run" time="0.005" classname="NodeTest/0" />
    <testcase name="canBeMarkedDirty" type_param="ramses::Node" status="run" time="0.006" classname="NodeTest/0" />
    <testcase name="isMarkedDirtyWhenSettingParent" type_param="ramses::Node" status="run" time="0.005" classname="NodeTest/0" />
    <testcase name="isMarkedDirtyWhenAddingToParent" type_param="ramses::Node" status="run" time="0.006" classname="NodeTest/0" />
    <testcase name="isMarkedDirtyWhenRemovedFromParent" type_param="ramses::Node" status="run" time="0.005" classname="NodeTest/0" />
    <testcase name="staysCleanWhenSettingChild" type_param="ramses::Node" status="run" time="0.006" classname="NodeTest/0" />
    <testcase name="isMarkedDirtyWhenParentDestroyed" type_param="ramses::Node" status="run" time="0.006" classname="NodeTest/0" />
    <testcase name="staysCleanWhenRemovingNonExistingParent" type_param="ramses::Node" status="run" time="0.005" classname="NodeTest/0" />
    <testcase name="getsIdentityModelMatrixInitially" type_param="ramses::Node" status="run" time="0.006" classname="NodeTest/0" />
    <testcase name="getsIdentityInverseModelMatrixInitially" type_param="ramses::Node" status="run" time="0.005" classname="NodeTest/0" />
    <testcase name="getsModelMatrixComputedFromTransformationChain" type_param="ramses::Node" status="run" time="0.006" classname="NodeTest/0" />
    <testcase name="getsInverseModelMatrixComputedFromTransformationChain" type_param="ramses::Node" status="run" time="0.005" classname="NodeTest/0" />
    <testcase name="instantiationDoesNotCreateMultipleLLNodes" type_param="ramses::Node" status="run" time="0.006" classname="NodeTest/0" />
    <testcase name="destructionDestroysLLNode" type_param="ramses::Node" status="run" time="0.005" classname="NodeTest/0" />
  </testsuite>
  <testsuite name="NodeTest/1" tests="35" failures="0" disabled="0" errors="0" time="0.193">
    <testcase name="hasChild" type_param="ramses::MeshNode" status="run" time="0.006" classname="NodeTest/1" />
    <testcase name="hasParent" type_param="ramses::MeshNode" status="run" time="0.005" classname="NodeTest/1" />
    <testcase name="shouldAddChildrenToNodeAndCountThemCorrectly" type_param="ramses::MeshNode" status="run" time="0.006" classname="NodeTest/1" />
    <testcase name="shouldNotAddNodeFromOneSceneAsChildToNodeInOtherScene" type_param="ramses::MeshNode" status="run" time="0.005" classname="NodeTest/1" />
    <testcase name="shouldAddChildToNodeAndGetParent" type_param="ramses::MeshNode" status="run" time="0.006" classname="NodeTest/1" />
    <testcase name="constGetChildAndGetParentBehaveAsNonConstVersion" type_param="ramses::MeshNode" status="run" time="0.005" classname="NodeTest/1" />
    <testcase name="shouldRemoveChildOnDestruction" type_param="ramses::MeshNode" status="run" time="0.006" classname="NodeTest/1" />
    <testcase name="shouldRemoveParentOnItsDestruction" type_param="ramses::MeshNode" status="run" time="0.005" classname="NodeTest/1" />
    <testcase name="shouldRemoveChild" type_param="ramses::MeshNode" status="run" time="0.006" classname="NodeTest/1" />
    <testcase name="shouldAddParentToNodeAndGetChild" type_param="ramses::MeshNode" status="run" time="0.005" classname="NodeTest/1" />
    <testcase name="shouldRemoveParent" type_param="ramses::MeshNode" status="run" time="0.006" classname="NodeTest/1" />
    <testcase name="confidenceTest_shouldRemoveAllChildren" type_param="ramses::MeshNode" status="run" time="0.005" classname="NodeTest/1" />
    <testcase name="reportsErrorWhenRemovinNonExistingParent" type_param="ramses::MeshNode" status="run" time="0.006" classname="NodeTest/1" />
    <testcase name="shouldReplaceParentWithaddChild" type_param="ramses::MeshNode" status="run" time="0.005" classname="NodeTest/1" />
    <testcase name="shouldReplaceParentWithSetParent" type_param="ramses::MeshNode" status="run" time="0.006" classname="NodeTest/1" />
    <testcase name="shouldOrderChildrenAccordingToTheirAddingToTheirParent" type_param="ramses::MeshNode" status="run" time="0.005" classname="NodeTest/1" />
    <testcase name="shouldAdaptChildOrderWhenChildrenAreRemovedFromParent" type_param="ramses::MeshNode" status="run" time="0.006" classname="NodeTest/1" />
    <testcase name="canBeConvertedToNode" type_param="ramses::MeshNode" status="run" time="0.005" classname="NodeTest/1" />
    <testcase name="reportsErrorWhenSettingParentToItself" type_param="ramses::MeshNode" status="run" time="0.006" classname="NodeTest/1" />
    <testcase name="reportsErrorWhenSettingParaentFromAnotherScene" type_param="ramses::MeshNode" status="run" time="0.005" classname="NodeTest/1" />
    <testcase name="reportsErrorWhenSettingChildToItself" type_param="ramses::MeshNode" status="run" time="0.006" classname="NodeTest/1" />
    <testcase name="isNotDirtyInitially" type_param="ramses::MeshNode" status="run" time="0.006" classname="NodeTest/1" />
    <testcase name="canBeMarkedDirty" type_param="ramses::MeshNode" status="run" time="0.005" classname="NodeTest/1" />
    <testcase name="isMarkedDirtyWhenSettingParent" type_param="ramses::MeshNode" status="run" time="0.006" classname="NodeTest/1" />
    <testcase name="isMarkedDirtyWhenAddingToParent" type_param="ramses::MeshNode" status="run" time="0.005" classname="NodeTest/1" />
    <testcase name="isMarkedDirtyWhenRemovedFromParent" type_param="ramses::MeshNode" status="run" time="0.005" classname="NodeTest/1" />
    <testcase name="staysCleanWhenSettingChild" type_param="ramses::MeshNode" status="run" time="0.006" classname="NodeTest/1" />
    <testcase name="isMarkedDirtyWhenParentDestroyed" type_param="ramses::MeshNode" status="run" time="0.006" classname="NodeTest/1" />
    <testcase name="staysCleanWhenRemovingNonExistingParent" type_param="ramses::MeshNode" status="run" time="0.005" classname="NodeTest/1" />
    <testcase name="getsIdentityModelMatrixInitially" type_param="ramses::MeshNode" status="run" time="0.006" classname="NodeTest/1" />
    <testcase name="getsIdentityInverseModelMatrixInitially" type_param="ramses::MeshNode" status="run" time="0.005" classname="NodeTest/1" />
    <testcase name="getsModelMatrixComputedFromTransformationChain" type_param="ramses::MeshNode" status="run" time="0.005" classname="NodeTest/1" />
    <testcase name="getsInverseModelMatrixComputedFromTransformationChain" type_param="ramses::MeshNode" status="run" time="0.005" classname="NodeTest/1" />
    <testcase name="instantiationDoesNotCreateMultipleLLNodes" type_param="ramses::MeshNode" status="run" time="0.006" classname="NodeTest/1" />
    <testcase name="destructionDestroysLLNode" type_param="ramses::MeshNode" status="run" time="0.005" classname="NodeTest/1" />
  </testsuite>
  <testsuite name="NodeTest/2" tests="35" failures="0" disabled="0" errors="0" time="0.189">
    <testcase name="hasChild" type_param="ramses::RemoteCamera" status="run" time="0.006" classname="NodeTest/2" />
    <testcase name="hasParent" type_param="ramses::RemoteCamera" status="run" time="0.005" classname="NodeTest/2" />
    <testcase name="shouldAddChildrenToNodeAndCountThemCorrectly" type_param="ramses::RemoteCamera" status="run" time="0.006" classname="NodeTest/2" />
    <testcase name="shouldNotAddNodeFromOneSceneAsChildToNodeInOtherScene" type_param="ramses::RemoteCamera" status="run" time="0.005" classname="NodeTest/2" />
    <testcase name="shouldAddChildToNodeAndGetParent" type_param="ramses::RemoteCamera" status="run" time="0.006" classname="NodeTest/2" />
    <testcase name="constGetChildAndGetParentBehaveAsNonConstVersion" type_param="ramses::RemoteCamera" status="run" time="0.006" classname="NodeTest/2" />
    <testcase name="shouldRemoveChildOnDestruction" type_param="ramses::RemoteCamera" status="run" time="0.005" classname="NodeTest/2" />
    <testcase name="shouldRemoveParentOnItsDestruction" type_param="ramses::RemoteCamera" status="run" time="0.006" classname="NodeTest/2" />
    <testcase name="shouldRemoveChild" type_param="ramses::RemoteCamera" status="run" time="0.005" classname="NodeTest/2" />
    <testcase name="shouldAddParentToNodeAndGetChild" type_param="ramses::RemoteCamera" status="run" time="0.006" classname="NodeTest/2" />
[...]
    <testcase name="canCreateATextureProviderDataSlot" status="run" time="0.005" classname="AScene" />
    <testcase name="canUpdateATextureProviderDataSlot" status="run" time="0.005" classname="AScene" />
    <testcase name="canCreateATextureConsumerDataSlot" status="run" time="0.006" classname="AScene" />
    <testcase name="canNotCreateATextureConsumerDataSlotIfOtherThan2DTextureAssigned" status="run" time="0.005" classname="AScene" />
    <testcase name="removesDataSlotsOfTextureSamplerOnDestruction" status="run" time="0.005" classname="AScene" />
    <testcase name="canNotCreateMoreThanOneConsumerForATextureSampler" status="run" time="0.005" classname="AScene" />
    <testcase name="canNotCreateMoreThanOneProviderForATexture" status="run" time="0.006" classname="AScene" />
    <testcase name="canNotCreateMoreThanOneTextureConsumerOrProviderWithTheSameId" status="run" time="0.005" classname="AScene" />
    <testcase name="canNotUpdateTextureProviderWhichWasNotCreatedBefore" status="run" time="0.005" classname="AScene" />
    <testcase name="canCreateStreamTextureWithFallbackTextureAndStreamSource" status="run" time="0.005" classname="AScene" />
    <testcase name="cannotCreateStreamTextureWithFallbackTextureFromDifferentClient" status="run" time="0.005" classname="AScene" />
    <testcase name="canCreateTextureSamplerForTexture2DWithDefaultAnisotropyLevel" status="run" time="0.005" classname="AScene" />
    <testcase name="canCreateTextureSamplerForRenderBufferWithDefaultAnisotropyLevel" status="run" time="0.005" classname="AScene" />
    <testcase name="canCreateTextureSamplerForTextureCubeWithDefaultAnisotropyLevel" status="run" time="0.006" classname="AScene" />
    <testcase name="cantCreateTextureSamplerForTexture2DWithWrongAnisotropyValue" status="run" time="0.005" classname="AScene" />
    <testcase name="cantCreateTextureSamplerForTextureCubeWithWrongAnisotropyValue" status="run" time="0.005" classname="AScene" />
    <testcase name="cantCreateTextureSamplerForRenderBufferWithWrongAnisotropyValue" status="run" time="0.005" classname="AScene" />
    <testcase name="cantCreateTextureSamplerWithWrongMagSamplingMethod" status="run" time="0.006" classname="AScene" />
    <testcase name="canCreateBlitPass" status="run" time="0.005" classname="AScene" />
    <testcase name="cannotCreateBlitPass_WithSourceRenderBufferFromDifferentScene" status="run" time="0.005" classname="AScene" />
    <testcase name="cannotCreateBlitPass_WithSourceAndDestinationRenderBufferFromDifferentScenes" status="run" time="0.005" classname="AScene" />
    <testcase name="cannotCreateBlitPass_WithSourceAndDestinationRenderBuffersHavingDifferentType" status="run" time="0.006" classname="AScene" />
    <testcase name="cannotCreateBlitPass_WithSourceAndDestinationRenderBuffersHavingDifferentFormat" status="run" time="0.005" classname="AScene" />
    <testcase name="cannotCreateBlitPass_WithSourceAndDestinationRenderBuffersHavinghDifferentWidth" status="run" time="0.005" classname="AScene" />
    <testcase name="cannotCreateBlitPass_WithSourceAndDestinationRenderBuffersHavingDifferentHeight" status="run" time="0.006" classname="AScene" />
    <testcase name="cannotCreateBlitPass_WithSameSourceAndDestinationRenderBuffers" status="run" time="0.005" classname="AScene" />
    <testcase name="canCreatePickableObject" status="run" time="0.005" classname="AScene" />
    <testcase name="cannotCreatePickableObjectWithGeometryBufferOfAnotherScene" status="run" time="0.005" classname="AScene" />
    <testcase name="cannotCreatePickableObjectWithWrongGeometryBufferSize" status="run" time="0.006" classname="AScene" />
    <testcase name="cannotCreatePickableObjectWithWrongGeometryBuffer" status="run" time="0.005" classname="AScene" />
    <testcase name="canCreateIndexDataBufferWithIntegralTypes" status="run" time="0.005" classname="AScene" />
    <testcase name="cannotCreateIndexDataBufferWithNonIntegralType" status="run" time="0.006" classname="AScene" />
    <testcase name="canCreateVertexDataBufferWithFloatTypes" status="run" time="0.005" classname="AScene" />
    <testcase name="cannotCreateVertexDataBufferWithNonFloatType" status="run" time="0.005" classname="AScene" />
    <testcase name="flushIncreasesStatisticCounter" status="run" time="0.005" classname="AScene" />
  </testsuite>
  <testsuite name="ASceneWithContent" tests="24" failures="0" disabled="0" errors="0" time="0.129">
    <testcase name="checksMeshVisibilityChangedByParentVisibilityNode" status="run" time="0.006" classname="ASceneWithContent" />
    <testcase name="checksMeshVisibilityAddedToInvisibleParent" status="run" time="0.005" classname="ASceneWithContent" />
    <testcase name="checksMeshVisibilityAddedToOffParent" status="run" time="0.005" classname="ASceneWithContent" />
    <testcase name="checksMeshVisibilityChangedByGrandParentVisibilityNode" status="run" time="0.006" classname="ASceneWithContent" />
    <testcase name="subTreeStaysInvisibleIfSettingVisibilityNodeVisibleParentedByInvisibleNode" status="run" time="0.005" classname="ASceneWithContent" />
    <testcase name="nodesStayVisibleWhenRemovedVisibleParent" status="run" time="0.005" classname="ASceneWithContent" />
    <testcase name="nodesBecomeVisibleWhenRemovedInvisibleParent" status="run" time="0.005" classname="ASceneWithContent" />
    <testcase name="nodesBecomeVisibleWhenRemovedOffParent" status="run" time="0.006" classname="ASceneWithContent" />
    <testcase name="visibleMeshBecomesInvisibleWhenMovedUnderInvisibleNode" status="run" time="0.005" classname="ASceneWithContent" />
    <testcase name="visibleMeshBecomesOffWhenMovedUnderOffNode" status="run" time="0.005" classname="ASceneWithContent" />
    <testcase name="visibleMeshWithoutParentBecomesInvisibleWhenSetInvisibleNodeAsParent" status="run" time="0.006" classname="ASceneWithContent" />
    <testcase name="visibleMeshWithoutParentBecomesOffWhenSetOffNodeAsParent" status="run" time="0.005" classname="ASceneWithContent" />
    <testcase name="visibleMeshWithoutParentBecomesInvisibleWhenMovedUnderInvisibleNode" status="run" time="0.005" classname="ASceneWithContent" />
    <testcase name="visibleMeshWithoutParentBecomesOffWhenMovedUnderOffNode" status="run" time="0.005" classname="ASceneWithContent" />
    <testcase name="meshInInvisibleBranchBecomesVisibleWhenMovedUnderVisibleNode" status="run" time="0.006" classname="ASceneWithContent" />
    <testcase name="meshInOffBranchBecomesVisibleWhenMovedUnderVisibleNode" status="run" time="0.005" classname="ASceneWithContent" />
    <testcase name="nodesStayVisibleIfParentBecomesInvisibleAndIsDeletedInSameCommit" status="run" time="0.005" classname="ASceneWithContent" />
    <testcase name="nodesStayVisibleIfParentBecomesOffAndIsDeletedInSameCommit" status="run" time="0.006" classname="ASceneWithContent" />
    <testcase name="nodeBecomesVisibleIfInvisibleParentIsRemovedFromIt" status="run" time="0.005" classname="ASceneWithContent" />
    <testcase name="nodeBecomesVisibleIfOffParentIsRemovedFromIt" status="run" time="0.006" classname="ASceneWithContent" />
    <testcase name="nodeBecomesInvisibleIfAnyOfItsAncestorsIsInvisible" status="run" time="0.006" classname="ASceneWithContent" />
    <testcase name="nodeBecomesOffIfAnyOfItsAncestorsIsOff" status="run" time="0.005" classname="ASceneWithContent" />
    <testcase name="nodeBecomesOffIfAnyOfItsAncestorsIsOffAndInvisible" status="run" time="0.006" classname="ASceneWithContent" />
    <testcase name="offNodeStaysOffIndependentOfParentVisibility" status="run" time="0.005" classname="ASceneWithContent" />
  </testsuite>
  <testsuite name="SerializationHelperObjectTest/0" tests="3" failures="0" disabled="0" errors="0" time="0">
    <testcase name="CanGetCount" type_param="std::vector&lt;ramses::RamsesObject*, std::allocator&lt;ramses::RamsesObject*&gt; &gt;" status="run" time="0" classname="SerializationHelperObjectTest/0" />
    <testcase name="CanSerializeContainer" type_param="std::vector&lt;ramses::RamsesObject*, std::allocator&lt;ramses::RamsesObject*&gt; &gt;" status="run" time="0" classname="SerializationHelperObjectTest/0" />
    <testcase name="CanDeserializeIdsInContainer" type_param="std::vector&lt;ramses::RamsesObject*, std::allocator&lt;ramses::RamsesObject*&gt; &gt;" status="run" time="0" classname="SerializationHelperObjectTest/0" />
  </testsuite>
  <testsuite name="SerializationHelperObjectTest/1" tests="3" failures="0" disabled="0" errors="0" time="0">
    <testcase name="CanGetCount" type_param="ramses_internal::HashSet&lt;ramses::RamsesObject*&gt;" status="run" time="0" classname="SerializationHelperObjectTest/1" />
    <testcase name="CanSerializeContainer" type_param="ramses_internal::HashSet&lt;ramses::RamsesObject*&gt;" status="run" time="0" classname="SerializationHelperObjectTest/1" />
    <testcase name="CanDeserializeIdsInContainer" type_param="ramses_internal::HashSet&lt;ramses::RamsesObject*&gt;" status="run" time="0" classname="SerializationHelperObjectTest/1" />
  </testsuite>
  <testsuite name="SerializationHelperImplTest/0" tests="3" failures="0" disabled="0" errors="0" time="0">
    <testcase name="CanGetCount" type_param="std::vector&lt;ramses::RamsesObjectImpl*, std::allocator&lt;ramses::RamsesObjectImpl*&gt; &gt;" status="run" time="0" classname="SerializationHelperImplTest/0" />
    <testcase name="CanSerializeContainer" type_param="std::vector&lt;ramses::RamsesObjectImpl*, std::allocator&lt;ramses::RamsesObjectImpl*&gt; &gt;" status="run" time="0" classname="SerializationHelperImplTest/0" />
    <testcase name="CanDeserializeIdsInContainer" type_param="std::vector&lt;ramses::RamsesObjectImpl*, std::allocator&lt;ramses::RamsesObjectImpl*&gt; &gt;" status="run" time="0" classname="SerializationHelperImplTest/0" />
  </testsuite>
  <testsuite name="SerializationHelperImplTest/1" tests="3" failures="0" disabled="0" errors="0" time="0">
    <testcase name="CanGetCount" type_param="ramses_internal::HashSet&lt;ramses::RamsesObjectImpl*&gt;" status="run" time="0" classname="SerializationHelperImplTest/1" />
    <testcase name="CanSerializeContainer" type_param="ramses_internal::HashSet&lt;ramses::RamsesObjectImpl*&gt;" status="run" time="0" classname="SerializationHelperImplTest/1" />
    <testcase name="CanDeserializeIdsInContainer" type_param="ramses_internal::HashSet&lt;ramses::RamsesObjectImpl*&gt;" status="run" time="0" classname="SerializationHelperImplTest/1" />
  </testsuite>
  <testsuite name="StreamTextureTest" tests="4" failures="0" disabled="0" errors="0" time="0.022">
    <testcase name="createStreamTexture" status="run" time="0.005" classname="StreamTextureTest" />
    <testcase name="reportsErrorWhenValidatedWithInvalidFallbackTexture" status="run" time="0.006" classname="StreamTextureTest" />
    <testcase name="canToggleForceFallbackImage" status="run" time="0.005" classname="StreamTextureTest" />
    <testcase name="canGetStreamSourceId" status="run" time="0.006" classname="StreamTextureTest" />
  </testsuite>
  <testsuite name="ATextCache" tests="15" failures="0" disabled="0" errors="0" time="0.018">
    <testcase name="getsPositionedGlyphs" status="run" time="0.001" classname="ATextCache" />
    <testcase name="getsPositionedGlyphsWithMultipleFontsUsingFontOffsets" status="run" time="0.001" classname="ATextCache" />
    <testcase name="getsPositionedGlyphsWithMultipleFontsInlcudingInvalidFontUsingFontOffsets" status="run" time="0" classname="ATextCache" />
    <testcase name="getsNullTextLineForNonExistingTextLineId" status="run" time="0.001" classname="ATextCache" />
    <testcase name="failsToDeleteNonExistingTextLineId" status="run" time="0" classname="ATextCache" />
    <testcase name="createsTextLine" status="run" time="0.002" classname="ATextCache" />
    <testcase name="createsMultipleTextLines" status="run" time="0.002" classname="ATextCache" />
    <testcase name="deletesTextLine" status="run" time="0.002" classname="ATextCache" />
    <testcase name="failsToDoubleDeleteTextLine" status="run" time="0.001" classname="ATextCache" />
    <testcase name="deletesMultipleTextLines" status="run" time="0.002" classname="ATextCache" />
    <testcase name="failsToCreateTextLineFromEmptyString" status="run" time="0.001" classname="ATextCache" />
    <testcase name="failsToCreateTextLineUsingNonTextEffect" status="run" time="0.001" classname="ATextCache" />
    <testcase name="failsToCreateTextLineIfFontInstanceNeededForAGlyphIsNotAvailable" status="run" time="0.001" classname="ATextCache" />
    <testcase name="failsToCreateTextLineIfStringDoesNotFitToAtlas" status="run" time="0.002" classname="ATextCache" />
    <testcase name="failsToCreateTextLineIfEffectComesFromAnotherClient" status="run" time="0.001" classname="ATextCache" />
  </testsuite>
  <testsuite name="ATexture2DBuffer" tests="14" failures="0" disabled="0" errors="0" time="0.075">
    <testcase name="IsAllocatedOnInternalSceneAfterCreation" status="run" time="0.005" classname="ATexture2DBuffer" />
    <testcase name="CanGetTexelFormat" status="run" time="0.006" classname="ATexture2DBuffer" />
    <testcase name="PropagatesItsPropertiesToInternalScene" status="run" time="0.005" classname="ATexture2DBuffer" />
    <testcase name="CanBeCreatedSoThatTheLastMipLevelHasSize1x1" status="run" time="0.005" classname="ATexture2DBuffer" />
    <testcase name="CanNotBeCreatedIfMipLevelsWouldResultInTwoConsecutiveMipsWithSize1x1" status="run" time="0.006" classname="ATexture2DBuffer" />
    <testcase name="PropagatesDataUpdatesToInternalScene" status="run" time="0.005" classname="ATexture2DBuffer" />
    <testcase name="CanGetDataUpdates" status="run" time="0.005" classname="ATexture2DBuffer" />
    <testcase name="GetsDataUpToBufferSize" status="run" time="0.005" classname="ATexture2DBuffer" />
    <testcase name="CanNotBeUpdatedWithEmptySubregion" status="run" time="0.006" classname="ATexture2DBuffer" />
    <testcase name="CanNotBeUpdatedWithDataSizeBiggerThanMaximumSize" status="run" time="0.005" classname="ATexture2DBuffer" />
    <testcase name="CanNotBeUpdatedForUnexistingMipMapLevel" status="run" time="0.006" classname="ATexture2DBuffer" />
    <testcase name="RetrievesMipMapCount" status="run" time="0.005" classname="ATexture2DBuffer" />
    <testcase name="RetrievesMipMapSize" status="run" time="0.006" classname="ATexture2DBuffer" />
    <testcase name="FailsToRetrieveMipMapSizeForInvalidMipLevel" status="run" time="0.005" classname="ATexture2DBuffer" />
  </testsuite>
  <testsuite name="TextureSamplerTest" tests="21" failures="0" disabled="0" errors="0" time="0.111">
    <testcase name="createSamplerForTexture2D" status="run" time="0.006" classname="TextureSamplerTest" />
    <testcase name="createSamplerForTexture2DWithAnisotropy" status="run" time="0.005" classname="TextureSamplerTest" />
    <testcase name="createSamplerForTexture3D" status="run" time="0.006" classname="TextureSamplerTest" />
    <testcase name="createSamplerForTextureCube" status="run" time="0.005" classname="TextureSamplerTest" />
    <testcase name="createSamplerForTextureCubeWithAnisotropy" status="run" time="0.006" classname="TextureSamplerTest" />
    <testcase name="createSamplerForRenderBuffer" status="run" time="0.005" classname="TextureSamplerTest" />
    <testcase name="createSamplerForStreamTexture" status="run" time="0.006" classname="TextureSamplerTest" />
    <testcase name="reportsErrorWhenValidatedWithInvalidTexture2D" status="run" time="0.005" classname="TextureSamplerTest" />
    <testcase name="reportsErrorWhenValidatedWithInvalidTexture3D" status="run" time="0.006" classname="TextureSamplerTest" />
    <testcase name="reportsErrorWhenValidatedWithInvalidTextureCube" status="run" time="0.005" classname="TextureSamplerTest" />
    <testcase name="reportsErrorWhenValidatedWithInvalidRenderBuffer" status="run" time="0.006" classname="TextureSamplerTest" />
    <testcase name="reportsErrorWhenValidatedWithInvalidStreamTexture" status="run" time="0.006" classname="TextureSamplerTest" />
    <testcase name="setTextureDataToTexture2D" status="run" time="0.005" classname="TextureSamplerTest" />
    <testcase name="setTextureDataFromTexture3DToAnotherTexture3D" status="run" time="0.006" classname="TextureSamplerTest" />
    <testcase name="failsToSetTextureDataFromTexture2DToTexture3D" status="run" time="0.005" classname="TextureSamplerTest" />
    <testcase name="setTextureDataToTextureCube" status="run" time="0.006" classname="TextureSamplerTest" />
    <testcase name="setTextureDataToTexture2DBuffer" status="run" time="0.005" classname="TextureSamplerTest" />
    <testcase name="setTextureDataToRenderBuffer" status="run" time="0.006" classname="TextureSamplerTest" />
    <testcase name="setTextureDataToStreamTexture" status="run" time="0.005" classname="TextureSamplerTest" />
    <testcase name="failsToSetTextureDataToSamplerMarkedAsConsumer" status="run" time="0.006" classname="TextureSamplerTest" />
    <testcase name="failsToSetTextureDataFromOtherSceneThanSampler" status="run" time="0" classname="TextureSamplerTest" />
  </testsuite>
  <testsuite name="UtfUtils" tests="18" failures="0" disabled="0" errors="0" time="0.001">
    <testcase name="CanConvertUTF32ToUTF8differentOuputByteCounts" status="run" time="0" classname="UtfUtils" />
    <testcase name="CanConvertCharUTF32ToUTF8differentOuputByteCounts" status="run" time="0" classname="UtfUtils" />
    <testcase name="CanConvertUTF32ToUTF8emptyStr" status="run" time="0" classname="UtfUtils" />
    <testcase name="CanConvertUTF32ToUTF8ByteBounds" status="run" time="0" classname="UtfUtils" />
    <testcase name="CanConvertUTF32ToUTF8UpperBound" status="run" time="0" classname="UtfUtils" />
    <testcase name="CanConvertUTF32ToUTF8zeroInput" status="run" time="0" classname="UtfUtils" />
    <testcase name="CanConvertUTF32ToUTF8outOfUpperUnicodeRange" status="run" time="0" classname="UtfUtils" />
    <testcase name="CanConvertUTF32ToUTF8containingInvalidChars" status="run" time="0" classname="UtfUtils" />
    <testcase name="CanReadDifferentLengthUTF8Char" status="run" time="0" classname="UtfUtils" />
    <testcase name="HandlesTwoBytesUTF8Errors" status="run" time="0" classname="UtfUtils" />
    <testcase name="HandlesThreeBytesUTF8Errors" status="run" time="0" classname="UtfUtils" />
    <testcase name="HandlesFourBytesUTF8Errors" status="run" time="0" classname="UtfUtils" />
    <testcase name="HandlesInvalidUTF8Byte" status="run" time="0" classname="UtfUtils" />
    <testcase name="ReadsZeroUTF8Byte" status="run" time="0" classname="UtfUtils" />
    <testcase name="HandlesUTF16Errors" status="run" time="0" classname="UtfUtils" />
    <testcase name="ReadsZeroUTF16Word" status="run" time="0" classname="UtfUtils" />
    <testcase name="FailsExtractionFromEmptyOrInvalidRange_UTF16" status="run" time="0" classname="UtfUtils" />
    <testcase name="FailsExtractionFromEmptyOrInvalidRange_UTF8" status="run" time="0" classname="UtfUtils" />
  </testsuite>
  <testsuite name="SceneCommandBufferTest" tests="3" failures="0" disabled="0" errors="0" time="0.022">
    <testcase name="BufferIsInitiallyEmpty" status="run" time="0" classname="SceneCommandBufferTest" />
    <testcase name="CanAddAndGetCommands" status="run" time="0" classname="SceneCommandBufferTest" />
    <testcase name="AccessBufferFromMultipleThreads" status="run" time="0.022" classname="SceneCommandBufferTest" />
  </testsuite>
  <testsuite name="SceneCommandContainerTest" tests="3" failures="0" disabled="0" errors="0" time="0">
    <testcase name="ContainerIsInitiallyEmpty" status="run" time="0" classname="SceneCommandContainerTest" />
    <testcase name="CanAddAndGetCommands" status="run" time="0" classname="SceneCommandContainerTest" />
    <testcase name="CanSwapContainer" status="run" time="0" classname="SceneCommandContainerTest" />
  </testsuite>
</testsuites>
