<?xml version="1.0" encoding="UTF-8"?>
<testsuites tests="109" failures="0" disabled="3" errors="0" timestamp="2020-04-28T17:30:21" time="0.027" name="AllTests">
  <testsuite name="CapuDefaultHashFunctionTest" tests="1" failures="0" disabled="0" errors="0" time="0">
    <testcase name="useTraitsToFindCorrectHashFunction" status="run" time="0" classname="CapuDefaultHashFunctionTest" />
  </testsuite>
  <testsuite name="HashSet" tests="18" failures="0" disabled="0" errors="0" time="0">
    <testcase name="Constructor_Default" status="run" time="0" classname="HashSet" />
    <testcase name="copyConstructor" status="run" time="0" classname="HashSet" />
    <testcase name="put" status="run" time="0" classname="HashSet" />
    <testcase name="count" status="run" time="0" classname="HashSet" />
    <testcase name="clear" status="run" time="0" classname="HashSet" />
    <testcase name="remove" status="run" time="0" classname="HashSet" />
    <testcase name="hasElement" status="run" time="0" classname="HashSet" />
    <testcase name="findsContainedElement" status="run" time="0" classname="HashSet" />
    <testcase name="doesNotFindElementNotContained" status="run" time="0" classname="HashSet" />
    <testcase name="returnedIteratorPointsToNextElementAfterDeletion" status="run" time="0" classname="HashSet" />
    <testcase name="canRemoveElementsDuringCycle" status="run" time="0" classname="HashSet" />
    <testcase name="HashSetWithComplexType" status="run" time="0" classname="HashSet" />
    <testcase name="swapMemberFunction" status="run" time="0" classname="HashSet" />
    <testcase name="swapGlobal" status="run" time="0" classname="HashSet" />
    <testcase name="TestMoveConstructor" status="run" time="0" classname="HashSet" />
    <testcase name="TestAssign" status="run" time="0" classname="HashSet" />
    <testcase name="TestMoveAssign" status="run" time="0" classname="HashSet" />
    <testcase name="TestReserve" status="run" time="0" classname="HashSet" />
  </testsuite>
  <testsuite name="HashSetIterator" tests="3" failures="0" disabled="0" errors="0" time="0">
    <testcase name="hasNext" status="run" time="0" classname="HashSetIterator" />
    <testcase name="next" status="run" time="0" classname="HashSetIterator" />
    <testcase name="ForEach" status="run" time="0" classname="HashSetIterator" />
  </testsuite>
  <testsuite name="HashTableTest" tests="40" failures="0" disabled="0" errors="0" time="0.008">
    <testcase name="TestWithEnum" status="run" time="0" classname="HashTableTest" />
    <testcase name="TestCopyConstructor" status="run" time="0" classname="HashTableTest" />
    <testcase name="TestMoveConstructor" status="run" time="0" classname="HashTableTest" />
    <testcase name="TestMoveAssign" status="run" time="0" classname="HashTableTest" />
    <testcase name="TestReserve" status="run" time="0" classname="HashTableTest" />
    <testcase name="CanInsertWithoutRehashWhenConstructedWithCapacity" status="run" time="0.004" classname="HashTableTest" />
    <testcase name="CanInsertWithoutRehashWhenReservedToCapacity" status="run" time="0.004" classname="HashTableTest" />
    <testcase name="AssignmentOperator" status="run" time="0" classname="HashTableTest" />
    <testcase name="TestMapRehashWithObjects" status="run" time="0" classname="HashTableTest" />
    <testcase name="TestClear" status="run" time="0" classname="HashTableTest" />
    <testcase name="TestClear2" status="run" time="0" classname="HashTableTest" />
    <testcase name="TestContains" status="run" time="0" classname="HashTableTest" />
    <testcase name="IteratorRemove" status="run" time="0" classname="HashTableTest" />
    <testcase name="find" status="run" time="0" classname="HashTableTest" />
    <testcase name="operator_subscript_read" status="run" time="0" classname="HashTableTest" />
    <testcase name="operator_subscript_assign" status="run" time="0" classname="HashTableTest" />
    <testcase name="TestAddGet2" status="run" time="0" classname="HashTableTest" />
    <testcase name="TestAddGet" status="run" time="0" classname="HashTableTest" />
    <testcase name="TestRemove1" status="run" time="0" classname="HashTableTest" />
    <testcase name="TestRemove" status="run" time="0" classname="HashTableTest" />
    <testcase name="TestIterator1" status="run" time="0" classname="HashTableTest" />
    <testcase name="TestIterator2" status="run" time="0" classname="HashTableTest" />
    <testcase name="TestConstIterator1" status="run" time="0" classname="HashTableTest" />
    <testcase name="TestConstIterator2" status="run" time="0" classname="HashTableTest" />
    <testcase name="IteratorPrimitiveKeyComplexValue" status="run" time="0" classname="HashTableTest" />
    <testcase name="IteratorPrimitiveKeyComplexPtrValue" status="run" time="0" classname="HashTableTest" />
    <testcase name="IteratorMethodCall" status="run" time="0" classname="HashTableTest" />
    <testcase name="TestRehasing" status="run" time="0" classname="HashTableTest" />
    <testcase name="TestWildRemoving" status="run" time="0" classname="HashTableTest" />
    <testcase name="ForEach" status="run" time="0" classname="HashTableTest" />
    <testcase name="HashTableWithComplexKey" status="run" time="0" classname="HashTableTest" />
    <testcase name="swapMemberFunction" status="run" time="0" classname="HashTableTest" />
    <testcase name="swapGlobal" status="run" time="0" classname="HashTableTest" />
    <testcase name="basicRefCountLifecycle" status="run" time="0" classname="HashTableTest" />
    <testcase name="clearDestructsAllElements" status="run" time="0" classname="HashTableTest" />
    <testcase name="copyCtorCopyConstructsObjects" status="run" time="0" classname="HashTableTest" />
    <testcase name="assignmentCopiesObjects" status="run" time="0" classname="HashTableTest" />
    <testcase name="arrayAccessOperatorConstructsNewElementIfNotExisting" status="run" time="0" classname="HashTableTest" />
    <testcase name="arrayAccessOperatorReusesElementIfExisting" status="run" time="0" classname="HashTableTest" />
    <testcase name="swapKeepsNumberOfObjectsUnchanged" status="run" time="0" classname="HashTableTest" />
  </testsuite>
  <testsuite name="HashTest" tests="10" failures="0" disabled="0" errors="0" time="0">
    <testcase name="HashInt32" status="run" time="0" classname="HashTest" />
    <testcase name="HashInt64" status="run" time="0" classname="HashTest" />
    <testcase name="HashPointer" status="run" time="0" classname="HashTest" />
    <testcase name="HashEnum" status="run" time="0" classname="HashTest" />
    <testcase name="HashArrayUsesAllElementsForPrimitiveType" status="run" time="0" classname="HashTest" />
    <testcase name="HashArrayUsesAllElementsForComplexType" status="run" time="0" classname="HashTest" />
    <testcase name="HashingArrayOfPrimitivesIsSameAsCombiningArrayValues" status="run" time="0" classname="HashTest" />
    <testcase name="HashingArrayOfComplexTypesIsSameAsCombiningArrayValues" status="run" time="0" classname="HashTest" />
    <testcase name="HashMemoryRangeRespectLength" status="run" time="0" classname="HashTest" />
    <testcase name="HashMemoryRangeWorksForEmptyRange" status="run" time="0" classname="HashTest" />
  </testsuite>
  <testsuite name="HashResizerTest" tests="4" failures="0" disabled="0" errors="0" time="0">
    <testcase name="resizeToOneBit" status="run" time="0" classname="HashResizerTest" />
    <testcase name="resizeTo4Bits" status="run" time="0" classname="HashResizerTest" />
    <testcase name="resizeToMoreBitsThanPossible" status="run" time="0" classname="HashResizerTest" />
    <testcase name="resizeToExactMatchingBits" status="run" time="0" classname="HashResizerTest" />
  </testsuite>
  <testsuite name="HashCombine" tests="2" failures="0" disabled="0" errors="0" time="0">
    <testcase name="usesSeedAndValue" status="run" time="0" classname="HashCombine" />
    <testcase name="usesExtraArguments" status="run" time="0" classname="HashCombine" />
  </testsuite>
  <testsuite name="HashValue" tests="1" failures="0" disabled="0" errors="0" time="0">
    <testcase name="givesSameResultAsHashCombine" status="run" time="0" classname="HashValue" />
  </testsuite>
  <testsuite name="ConsoleTest" tests="3" failures="0" disabled="3" errors="0" time="0">
    <testcase name="DISABLED_ReadChar" status="notrun" time="0" classname="ConsoleTest" />
    <testcase name="DISABLED_ReadCharFromPreviouslyClosedStdin" status="notrun" time="0" classname="ConsoleTest" />
    <testcase name="DISABLED_ReadChar_Interupt" status="notrun" time="0" classname="ConsoleTest" />
  </testsuite>
  <testsuite name="File" tests="19" failures="0" disabled="0" errors="0" time="0.019">
    <testcase name="ConstructorTest" status="run" time="0" classname="File" />
    <testcase name="CantOpenNonExistingFile" status="run" time="0" classname="File" />
    <testcase name="ReadableFileCanBeOpened" status="run" time="0" classname="File" />
    <testcase name="WriteTest" status="run" time="0.018" classname="File" />
    <testcase name="WriteSubstring" status="run" time="0" classname="File" />
    <testcase name="CantWriteToFileOpenedReadOnly" status="run" time="0" classname="File" />
    <testcase name="ReadTest" status="run" time="0" classname="File" />
    <testcase name="ReadWriteBinaryTest" status="run" time="0" classname="File" />
    <testcase name="Seek" status="run" time="0" classname="File" />
    <testcase name="getCurrentPositionWithinFile" status="run" time="0" classname="File" />
    <testcase name="OpenBinaryFileCanBeOpenedForReadAgain" status="run" time="0" classname="File" />
    <testcase name="TestCreateAndDelete" status="run" time="0" classname="File" />
    <testcase name="TestExists" status="run" time="0" classname="File" />
    <testcase name="TestGetFilename" status="run" time="0" classname="File" />
    <testcase name="TestGetExtension" status="run" time="0" classname="File" />
    <testcase name="TestGetPath" status="run" time="0" classname="File" />
    <testcase name="TestGetFileSize" status="run" time="0" classname="File" />
    <testcase name="TestIsDirectory" status="run" time="0" classname="File" />
    <testcase name="CreateAndRemoveDirectory" status="run" time="0" classname="File" />
  </testsuite>
  <testsuite name="Memory" tests="3" failures="0" disabled="0" errors="0" time="0">
    <testcase name="compare" status="run" time="0" classname="Memory" />
    <testcase name="set" status="run" time="0" classname="Memory" />
    <testcase name="copy" status="run" time="0" classname="Memory" />
  </testsuite>
  <testsuite name="StringUtils" tests="2" failures="0" disabled="0" errors="0" time="0">
    <testcase name="Strncpy" status="run" time="0" classname="StringUtils" />
    <testcase name="Strncpy2" status="run" time="0" classname="StringUtils" />
  </testsuite>
  <testsuite name="Traits" tests="3" failures="0" disabled="0" errors="0" time="0">
    <testcase name="TestTypeIdentifier" status="run" time="0" classname="Traits" />
    <testcase name="TestPrimitiveTypes" status="run" time="0" classname="Traits" />
    <testcase name="TestPointerAndReferences" status="run" time="0" classname="Traits" />
  </testsuite>
</testsuites>
