<?xml version="1.0" encoding="UTF-8"?>
<testsuites tests="733" failures="0" disabled="0" errors="0" timestamp="2020-04-28T17:30:39" time="0.502" name="AllTests">
  <testsuite name="ADcsmRendererConfig" tests="6" failures="0" disabled="0" errors="0" time="0">
    <testcase name="canBeEmpty" status="run" time="0" classname="ADcsmRendererConfig" />
    <testcase name="canBeContructedWithCategories" status="run" time="0" classname="ADcsmRendererConfig" />
    <testcase name="returnsNullWhenFindingUnregisteredCategory" status="run" time="0" classname="ADcsmRendererConfig" />
    <testcase name="canAddCategoryAfterConstructing" status="run" time="0" classname="ADcsmRendererConfig" />
    <testcase name="ignoresDupliciteCategoryGivenToConstructor" status="run" time="0" classname="ADcsmRendererConfig" />
    <testcase name="ignoresDupliciteCategoryAdded" status="run" time="0" classname="ADcsmRendererConfig" />
  </testsuite>
  <testsuite name="ADcsmRenderer" tests="55" failures="0" disabled="0" errors="0" time="0.008">
    <testcase name="handlesDcsmOffered" status="run" time="0" classname="ADcsmRenderer" />
    <testcase name="doesNotReportOfferedWhenDcsmOfferedContentForUnregisteredCategory" status="run" time="0" classname="ADcsmRenderer" />
    <testcase name="handlesDcsmOfferedForMultipleContentsAndCategories" status="run" time="0" classname="ADcsmRenderer" />
    <testcase name="requestsContentReady" status="run" time="0" classname="ADcsmRenderer" />
    <testcase name="handlesContentAndSceneReady" status="run" time="0" classname="ADcsmRenderer" />
    <testcase name="handlesContentAndSceneReadyForMultipleContentsSharingSingleScene" status="run" time="0" classname="ADcsmRenderer" />
    <testcase name="failsUpdateIfTimeNotContinuous" status="run" time="0" classname="ADcsmRenderer" />
    <testcase name="canGetContentRenderedAtGivenTime" status="run" time="0" classname="ADcsmRenderer" />
    <testcase name="canGetContentRenderedAndThenHiddenAtGivenTime" status="run" time="0.001" classname="ADcsmRenderer" />
    <testcase name="hideContentAtGivenTimeAndThenOverrideWithEarlierTiming" status="run" time="0" classname="ADcsmRenderer" />
    <testcase name="hideContentAtGivenTimeAndThenOverrideWithLaterTiming" status="run" time="0" classname="ADcsmRenderer" />
    <testcase name="canGetContentRenderedAndThenSwitchToAnotherContentAtGivenTime" status="run" time="0" classname="ADcsmRenderer" />
    <testcase name="canGetContentRenderedAndThenSwitchToAnotherContentAtGivenTime_sharingScene" status="run" time="0" classname="ADcsmRenderer" />
    <testcase name="forcedStopOfferIsPropagatedAsEventAndMakesContentInvalid" status="run" time="0.001" classname="ADcsmRenderer" />
    <testcase name="forcedStopOfferedContentCanBecomeOfferedAgain" status="run" time="0" classname="ADcsmRenderer" />
    <testcase name="forcedStopOfferForUnknownContentIsIgnored" status="run" time="0" classname="ADcsmRenderer" />
    <testcase name="propagatesFocusChangeRequestAsEvent" status="run" time="0" classname="ADcsmRenderer" />
    <testcase name="focusChangeRequestForUnknownContentIsIgnored" status="run" time="0" classname="ADcsmRenderer" />
    <testcase name="stopOfferRequestForUnknownContentIsAcceptedRightAway" status="run" time="0" classname="ADcsmRenderer" />
    <testcase name="stopOfferRequestCanBeAccepted" status="run" time="0" classname="ADcsmRenderer" />
    <testcase name="scheduleContentHideBeforeAcceptingStopOfferRequest" status="run" time="0.001" classname="ADcsmRenderer" />
    <testcase name="contentCanBeReofferedAfterStopOfferRequestAccepted" status="run" time="0" classname="ADcsmRenderer" />
    <testcase name="failsToSetSizeOfUnknownCategory" status="run" time="0" classname="ADcsmRenderer" />
    <testcase name="sendsCategorySizeChangeToAllContentsAssociatedWithIt" status="run" time="0" classname="ADcsmRenderer" />
    <testcase name="sendsLatestCategorySizeToNewContentOfferedForItEvenIfNotReachedTheFinishTimeForTheSizeChange" status="run" time="0" classname="ADcsmRenderer" />
    <testcase name="failsToShowAfterReleasingContent" status="run" time="0" classname="ADcsmRenderer" />
    <testcase name="canRequestReadyAgainAfterReleasingContent" status="run" time="0.001" classname="ADcsmRenderer" />
    <testcase name="canRequestReadyButReleaseBeforeReadyConfirmedFromDcsmProvider" status="run" time="0" classname="ADcsmRenderer" />
    <testcase name="canRequestReadyButReleaseBeforeReadyConfirmedFromDM" status="run" time="0" classname="ADcsmRenderer" />
    <testcase name="canRequestReadyButReleaseBeforeDcsmReadyConfirmedAndThenMakeReadyAgain" status="run" time="0" classname="ADcsmRenderer" />
    <testcase name="canRequestReadyButReleaseBeforeDMReadyConfirmedAndThenMakeReadyAgain" status="run" time="0" classname="ADcsmRenderer" />
    <testcase name="willNotTryToMapSceneIfReadyRequestedButForcedStopOfferedBeforeProviderReady" status="run" time="0.001" classname="ADcsmRenderer" />
    <testcase name="willNotTryToMapSceneIfReadyRequestedButAcceptedStopOfferBeforeProviderReady" status="run" time="0" classname="ADcsmRenderer" />
    <testcase name="handlesTimeOutWhenRequestReadyButNotReachedDcsmReady" status="run" time="0" classname="ADcsmRenderer" />
    <testcase name="handlesTimeOutWhenRequestReadyButNotReachedDMReady" status="run" time="0" classname="ADcsmRenderer" />
    <testcase name="failsToDataLinkUnknownProviderContent" status="run" time="0" classname="ADcsmRenderer" />
    <testcase name="failsToDataLinkUnknownConsumerContent" status="run" time="0" classname="ADcsmRenderer" />
    <testcase name="failsToDataLinkProviderContentWithUnknownScene" status="run" time="0" classname="ADcsmRenderer" />
    <testcase name="failsToDataLinkConsumerContentWithUnknownScene" status="run" time="0.001" classname="ADcsmRenderer" />
    <testcase name="requestsDataLinkFromDisplayManager" status="run" time="0" classname="ADcsmRenderer" />
    <testcase name="reportsDataLinkedWithCorrectContents" status="run" time="0" classname="ADcsmRenderer" />
    <testcase name="reportsDataLinkedWithZeroContentIfContentGoneBeforeEvent" status="run" time="0" classname="ADcsmRenderer" />
    <testcase name="handlesDcsmMetadataUpdate" status="run" time="0" classname="ADcsmRenderer" />
    <testcase name="ignoresDcsmMetadataUpdateForUnknownContent" status="run" time="0" classname="ADcsmRenderer" />
    <testcase name="canAssignContentToDisplayBuffer" status="run" time="0.001" classname="ADcsmRenderer" />
    <testcase name="failsToAssignUnknownContentToDisplayBuffer" status="run" time="0" classname="ADcsmRenderer" />
    <testcase name="failsToAssignNotReadyContentToDisplayBuffer" status="run" time="0" classname="ADcsmRenderer" />
    <testcase name="failsToAssignContentToDisplayBufferIfInternalRequestFails" status="run" time="0" classname="ADcsmRenderer" />
    <testcase name="failsToOffscreenBufferLinkUnknownConsumerContent" status="run" time="0" classname="ADcsmRenderer" />
    <testcase name="failsToOffscreenBufferLinkConsumerContentWithUnknownScene" status="run" time="0" classname="ADcsmRenderer" />
    <testcase name="requestsOffscreenBufferLinkFromDisplayManager" status="run" time="0" classname="ADcsmRenderer" />
    <testcase name="reportsOffscreenBufferLinkedWithCorrectContents" status="run" time="0" classname="ADcsmRenderer" />
    <testcase name="reportsOffscreenBufferLinkedWithZeroContentIfContentGoneBeforeEvent" status="run" time="0" classname="ADcsmRenderer" />
    <testcase name="canSetClearColorOfDisplayBuffer" status="run" time="0.001" classname="ADcsmRenderer" />
    <testcase name="failsToSetClearColorIfInternalRequestFails" status="run" time="0" classname="ADcsmRenderer" />
  </testsuite>
  <testsuite name="ADisplayConfig" tests="35" failures="0" disabled="0" errors="0" time="0">
    <testcase name="hasDefaultValuesUponConstruction" status="run" time="0" classname="ADisplayConfig" />
    <testcase name="setsFullscreenState" status="run" time="0" classname="ADisplayConfig" />
    <testcase name="setsBorderlessState" status="run" time="0" classname="ADisplayConfig" />
    <testcase name="setsWindowRect" status="run" time="0" classname="ADisplayConfig" />
    <testcase name="failsToSetInvalidWindowRect" status="run" time="0" classname="ADisplayConfig" />
    <testcase name="setsAndGetsViewPosition" status="run" time="0" classname="ADisplayConfig" />
    <testcase name="setsAndGetsViewRotation" status="run" time="0" classname="ADisplayConfig" />
    <testcase name="failsToSetUnsupportedMultisampling" status="run" time="0" classname="ADisplayConfig" />
    <testcase name="setsAndGetsMultisampling" status="run" time="0" classname="ADisplayConfig" />
    <testcase name="enablesWarping" status="run" time="0" classname="ADisplayConfig" />
    <testcase name="disablesKeepingOfEffectsInVRAM" status="run" time="0" classname="ADisplayConfig" />
    <testcase name="enablesStereoDisplay" status="run" time="0" classname="ADisplayConfig" />
    <testcase name="setsNativeDisplayID" status="run" time="0" classname="ADisplayConfig" />
    <testcase name="setsWindowIVIVisible" status="run" time="0" classname="ADisplayConfig" />
    <testcase name="setsAndGetsWaylandDisplay" status="run" time="0" classname="ADisplayConfig" />
    <testcase name="setsPerspectiveProjection" status="run" time="0" classname="ADisplayConfig" />
    <testcase name="setsAlternativePerspectiveProjection" status="run" time="0" classname="ADisplayConfig" />
    <testcase name="doesNotChangeAspectRatioIfViewportIsSet" status="run" time="0" classname="ADisplayConfig" />
    <testcase name="setsOrthographicProjection" status="run" time="0" classname="ADisplayConfig" />
    <testcase name="IsValidUponConstruction" status="run" time="0" classname="ADisplayConfig" />
    <testcase name="doesNearFarPlaneValidationOnSetting" status="run" time="0" classname="ADisplayConfig" />
    <testcase name="doesFovYAndAspectRatioValidationOnSetting" status="run" time="0" classname="ADisplayConfig" />
    <testcase name="doesOrthoProjectionParamsValidationOnSetting" status="run" time="0" classname="ADisplayConfig" />
    <testcase name="doesPerspectiveProjectionParamsValidationOnSetting" status="run" time="0" classname="ADisplayConfig" />
    <testcase name="validatesStereoDisplay" status="run" time="0" classname="ADisplayConfig" />
    <testcase name="failsValidationOfStereoDisplayWithWarping" status="run" time="0" classname="ADisplayConfig" />
    <testcase name="failsValidationOfStereoDisplayWithAntialiasing" status="run" time="0" classname="ADisplayConfig" />
    <testcase name="failsValidationIfCLIParamsForPerspectiveCameraAreInvalid" status="run" time="0" classname="ADisplayConfig" />
    <testcase name="failsValidationIfNoCLIParamsForOrthoCameraAreGiven" status="run" time="0" classname="ADisplayConfig" />
    <testcase name="failsValidationIfCLIParamsForOrthoCameraAreInvalid" status="run" time="0" classname="ADisplayConfig" />
    <testcase name="passValidationIfCLIParamsForPerspectiveCameraAreValid" status="run" time="0" classname="ADisplayConfig" />
    <testcase name="passValidationIfCLIParamsForOrthoCameraAreValid" status="run" time="0" classname="ADisplayConfig" />
    <testcase name="canBeCopyConstructed" status="run" time="0" classname="ADisplayConfig" />
    <testcase name="setClearColor" status="run" time="0" classname="ADisplayConfig" />
    <testcase name="setOffscreen" status="run" time="0" classname="ADisplayConfig" />
  </testsuite>
  <testsuite name="ADisplayManager" tests="55" failures="0" disabled="0" errors="0" time="0.037">
    <testcase name="willShowSceneWhenPublished" status="run" time="0.001" classname="ADisplayManager" />
    <testcase name="willShowSceneWhenPublishedAndLogsConfirmation" status="run" time="0.001" classname="ADisplayManager" />
    <testcase name="willLogConfirmationEvenIfSceneAlreadyRendered" status="run" time="0.001" classname="ADisplayManager" />
    <testcase name="willShowSceneAlreadyPublished" status="run" time="0.001" classname="ADisplayManager" />
    <testcase name="willRetryIfSubscribeFailed" status="run" time="0" classname="ADisplayManager" />
    <testcase name="willRetryIfMapFailed" status="run" time="0.001" classname="ADisplayManager" />
    <testcase name="willRetryIfShowFailed" status="run" time="0" classname="ADisplayManager" />
    <testcase name="willRetryIfHideFailed" status="run" time="0.001" classname="ADisplayManager" />
    <testcase name="willRetryIfUnmapFailed" status="run" time="0.001" classname="ADisplayManager" />
    <testcase name="willRetryIfUnsubscribeFailed" status="run" time="0" classname="ADisplayManager" />
    <testcase name="reportsDisplaySceneIsMappedToOnlyMapped" status="run" time="0.001" classname="ADisplayManager" />
    <testcase name="reportsInvalidDisplaySceneIsMappedToAfterUnmapped" status="run" time="0.001" classname="ADisplayManager" />
    <testcase name="hidesShownScene" status="run" time="0.001" classname="ADisplayManager" />
    <testcase name="unmapsShownScene" status="run" time="0" classname="ADisplayManager" />
    <testcase name="unmapsMappedScene" status="run" time="0.001" classname="ADisplayManager" />
    <testcase name="unsubscribesShownScene" status="run" time="0.001" classname="ADisplayManager" />
    <testcase name="unsubscribesMappedScene" status="run" time="0" classname="ADisplayManager" />
    <testcase name="unsubscribesSubscribedScene" status="run" time="0.001" classname="ADisplayManager" />
    <testcase name="handlesSceneUnpublishWhileProcessingSubscribe" status="run" time="0.001" classname="ADisplayManager" />
    <testcase name="handlesSceneUnpublishWhileProcessingMap" status="run" time="0.001" classname="ADisplayManager" />
    <testcase name="handlesSceneUnpublishWhileProcessingShow" status="run" time="0" classname="ADisplayManager" />
    <testcase name="failsToMakeSceneReadyOrRenderedIfNoMappingSet" status="run" time="0.001" classname="ADisplayManager" />
    <testcase name="failsToChangeMappingPropertiesIfSceneAlreadyReadyOrRendered" status="run" time="0.001" classname="ADisplayManager" />
    <testcase name="failsToChangeMappingPropertiesIfSceneAlreadySetToReadyOrRendered" status="run" time="0" classname="ADisplayManager" />
    <testcase name="canChangeMappingPropertiesWhenSceneAvailableAndNotSetToReadyOrRenderedYet" status="run" time="0.001" classname="ADisplayManager" />
    <testcase name="canChangeMappingPropertiesForReadySceneAfterGettingItToAvailableFirst" status="run" time="0.001" classname="ADisplayManager" />
    <testcase name="canShowASubscribedSceneOnAnotherDisplay" status="run" time="0" classname="ADisplayManager" />
    <testcase name="forwardsCommandForDisplayFrameBufferClearColorWithCorrectDisplayHandle" status="run" time="0.001" classname="ADisplayManager" />
    <testcase name="forwardsCommandForDisplayOffscreenBufferClearColorWithCorrectDisplayHandle" status="run" time="0.001" classname="ADisplayManager" />
    <testcase name="failsToSetDisplayBufferClearColorForUnknownBuffer" status="run" time="0" classname="ADisplayManager" />
    <testcase name="forwardsCommandForOffscreenBufferLink" status="run" time="0.001" classname="ADisplayManager" />
    <testcase name="forwardsCommandForDataLink" status="run" time="0.001" classname="ADisplayManager" />
    <testcase name="reportsCorrectSceneShowState" status="run" time="0" classname="ADisplayManager" />
    <testcase name="reportsCorrectDisplayCreationState" status="run" time="0.001" classname="ADisplayManager" />
    <testcase name="sceneWillBeShownWhenDisplayIsCreated" status="run" time="0.001" classname="ADisplayManager" />
    <testcase name="continuesToShowSceneAndLogsConfirmationAfterReconnect" status="run" time="0" classname="ADisplayManager" />
    <testcase name="recoversFromRepublishAfterFailedSubscribe" status="run" time="0.001" classname="ADisplayManager" />
    <testcase name="recoversFromRepublishAfterFailedMap" status="run" time="0.001" classname="ADisplayManager" />
    <testcase name="recoversFromRepublishAfterFailedShow" status="run" time="0" classname="ADisplayManager" />
    <testcase name="recoversFromRepublishBeforeFailedSubscribe" status="run" time="0.001" classname="ADisplayManager" />
    <testcase name="recoversFromRepublishBeforeFailedMap" status="run" time="0" classname="ADisplayManager" />
    <testcase name="recoversFromRepublishBeforeFailedShow" status="run" time="0.001" classname="ADisplayManager" />
    <testcase name="canRecoverFromRepublishAfterFailedUnsubscribe" status="run" time="0" classname="ADisplayManager" />
    <testcase name="canRecoverFromRepublishAfterFailedUnmap" status="run" time="0.001" classname="ADisplayManager" />
    <testcase name="canRecoverFromRepublishAfterFailedHide" status="run" time="0.001" classname="ADisplayManager" />
    <testcase name="canRecoverFromRepublishBeforeFailedUnsubscribe" status="run" time="0" classname="ADisplayManager" />
    <testcase name="canRecoverFromRepublishBeforeFailedUnmap" status="run" time="0.001" classname="ADisplayManager" />
    <testcase name="canRecoverFromRepublishBeforeFailedHide" status="run" time="0" classname="ADisplayManager" />
    <testcase name="failsToAssignSceneWithNoMappingInfo" status="run" time="0" classname="ADisplayManager" />
    <testcase name="assignsSceneToBufferAfterSceneIsMapped" status="run" time="0.001" classname="ADisplayManager" />
    <testcase name="assignsSceneToBufferRightAwayIfSceneIsMapped" status="run" time="0" classname="ADisplayManager" />
    <testcase name="failsToAssignSceneToUnknownBuffer" status="run" time="0.001" classname="ADisplayManager" />
    <testcase name="mappingSceneToAnotherDisplayResetsDisplayBufferAssignmentAndRenderOrder" status="run" time="0.001" classname="ADisplayManager" />
    <testcase name="willForwardOffscreenBufferLinkedEventFromRenderer" status="run" time="0.001" classname="ADisplayManager" />
    <testcase name="willForwardDataLinkedEventFromRenderer" status="run" time="0" classname="ADisplayManager" />
  </testsuite>
  <testsuite name="ADisplayManagerWithRenderer" tests="1" failures="0" disabled="0" errors="0" time="0">
    <testcase name="willShowSceneWhenPublished" status="run" time="0" classname="ADisplayManagerWithRenderer" />
  </testsuite>
  <testsuite name="ARamsesRendererDispatch" tests="50" failures="0" disabled="0" errors="0" time="0.051">
    <testcase name="generatesEventForScenePublish" status="run" time="0" classname="ARamsesRendererDispatch" />
    <testcase name="generatesEventForSceneUnpublish" status="run" time="0" classname="ARamsesRendererDispatch" />
    <testcase name="generatesEventAfterApplyingFlushWithVersionTag" status="run" time="0" classname="ARamsesRendererDispatch" />
    <testcase name="generatesTwoEventsAfterApplyingTwoFlushesWithDifferentVersionTag" status="run" time="0.002" classname="ARamsesRendererDispatch" />
    <testcase name="generatesTwoEventsAfterApplyingTwoFlushesWithSameVersionTag" status="run" time="0.001" classname="ARamsesRendererDispatch" />
    <testcase name="generatesEventsOnlyAfterApplyingFlushesWithValidVersionTag" status="run" time="0.001" classname="ARamsesRendererDispatch" />
    <testcase name="generatesEventForSceneExpired" status="run" time="0.001" classname="ARamsesRendererDispatch" />
    <testcase name="generatesEventForSceneRecoveredFromExpired" status="run" time="0.001" classname="ARamsesRendererDispatch" />
    <testcase name="generatesOKEventForSceneSubscribe" status="run" time="0.001" classname="ARamsesRendererDispatch" />
    <testcase name="generatesFAILEventForSceneSubscribe" status="run" time="0.001" classname="ARamsesRendererDispatch" />
    <testcase name="generatesOKEventForSceneUnsubscribe" status="run" time="0.001" classname="ARamsesRendererDispatch" />
    <testcase name="generatesFAILEventForSceneUnsubscribe" status="run" time="0.001" classname="ARamsesRendererDispatch" />
    <testcase name="generatesINDIRECTEventForSceneUnsubscribeAfterSceneUnpublished" status="run" time="0.001" classname="ARamsesRendererDispatch" />
    <testcase name="generatesOKEventForSceneMap" status="run" time="0.002" classname="ARamsesRendererDispatch" />
    <testcase name="generatesFAILEventForMapOfUnknownScene" status="run" time="0.001" classname="ARamsesRendererDispatch" />
    <testcase name="generatesFAILEventForSceneMapOnInvalidDisplay" status="run" time="0.001" classname="ARamsesRendererDispatch" />
    <testcase name="generatesOKEventForSceneUnmap" status="run" time="0.001" classname="ARamsesRendererDispatch" />
    <testcase name="generatesFAILEventForSceneUnmap" status="run" time="0.001" classname="ARamsesRendererDispatch" />
    <testcase name="generatesINDIRECTEventForSceneUnmapAfterSceneUnpublished" status="run" time="0.001" classname="ARamsesRendererDispatch" />
    <testcase name="generatesOKEventForSceneShow" status="run" time="0.001" classname="ARamsesRendererDispatch" />
    <testcase name="generatesFAILEventForSceneShow" status="run" time="0.001" classname="ARamsesRendererDispatch" />
    <testcase name="generatesOKEventForSceneHide" status="run" time="0.001" classname="ARamsesRendererDispatch" />
    <testcase name="generatesFAILEventForSceneHide" status="run" time="0.001" classname="ARamsesRendererDispatch" />
    <testcase name="generatesINDIRECTEventForSceneHideAfterSceneUnpublished" status="run" time="0.001" classname="ARamsesRendererDispatch" />
    <testcase name="generatesOKEventForDisplayCreation" status="run" time="0.001" classname="ARamsesRendererDispatch" />
    <testcase name="generatesFAILEventForDisplayCreation" status="run" time="0.001" classname="ARamsesRendererDispatch" />
    <testcase name="generatesEventForDisplayDestruction" status="run" time="0" classname="ARamsesRendererDispatch" />
    <testcase name="generatesFAILEventForInvalidDisplayDestruction" status="run" time="0.001" classname="ARamsesRendererDispatch" />
    <testcase name="generatesFAILEventForDisplayDestructionIfAnySceneMappedToIt" status="run" time="0.001" classname="ARamsesRendererDispatch" />
    <testcase name="generatesEventForDisplayDestructionAfterFailedAttemptDueToMappedScene" status="run" time="0" classname="ARamsesRendererDispatch" />
    <testcase name="generatesEventForWarpingMeshDataUpdate" status="run" time="0.002" classname="ARamsesRendererDispatch" />
    <testcase name="generatesFAILEventForWarpingMeshDataUpdateOfInvalidDisplay" status="run" time="0.001" classname="ARamsesRendererDispatch" />
    <testcase name="generatesEventForWarpingMeshDataUpdateOfDisplayWithoutWarping" status="run" time="0.001" classname="ARamsesRendererDispatch" />
    <testcase name="generatesEventForOffscreenBufferCreation" status="run" time="0.002" classname="ARamsesRendererDispatch" />
    <testcase name="generatesFAILEventForOffscreenBufferCreation" status="run" time="0.001" classname="ARamsesRendererDispatch" />
    <testcase name="generatesEventForOffscreenBufferDestruction" status="run" time="0.001" classname="ARamsesRendererDispatch" />
    <testcase name="generatesFAILEventForOffscreenBufferDestruction" status="run" time="0.001" classname="ARamsesRendererDispatch" />
    <testcase name="generatesEventForSceneAssignedToOffscreenBuffer" status="run" time="0.001" classname="ARamsesRendererDispatch" />
    <testcase name="generatesFAILEventForSceneAssignedToOffscreenBuffer" status="run" time="0.001" classname="ARamsesRendererDispatch" />
    <testcase name="generatesEventForSceneAssignedToFramebuffer" status="run" time="0.002" classname="ARamsesRendererDispatch" />
    <testcase name="generatesFAILEventForSceneAssignedToFramebuffer" status="run" time="0.001" classname="ARamsesRendererDispatch" />
    <testcase name="generatesEventForWindowClosed" status="run" time="0.001" classname="ARamsesRendererDispatch" />
    <testcase name="generatesEventForWindowResized" status="run" time="0.001" classname="ARamsesRendererDispatch" />
    <testcase name="generatesEventForWindowMoved" status="run" time="0.001" classname="ARamsesRendererDispatch" />
    <testcase name="generatesEventForKeyPressed" status="run" time="0.001" classname="ARamsesRendererDispatch" />
    <testcase name="generatesEventForKeyReleased" status="run" time="0.001" classname="ARamsesRendererDispatch" />
    <testcase name="generatesEventsForMouseActionsOnDisplay" status="run" time="0.001" classname="ARamsesRendererDispatch" />
    <testcase name="generatesEventForObjectsPicked" status="run" time="0.001" classname="ARamsesRendererDispatch" />
    <testcase name="generatesEventForObjectsPicked_regressionRoundingIssues" status="run" time="0.001" classname="ARamsesRendererDispatch" />
    <testcase name="canInvokeRendererCommandsinEventHandler" status="run" time="0.001" classname="ARamsesRendererDispatch" />
  </testsuite>
  <testsuite name="ARamsesRendererDispatchWithProviderConsumerScenes" tests="26" failures="0" disabled="0" errors="0" time="0.033">
    <testcase name="generatesEventForTransformationProviderCreation" status="run" time="0.001" classname="ARamsesRendererDispatchWithProviderConsumerScenes" />
    <testcase name="generatesEventForTransformationConsumerCreation" status="run" time="0.001" classname="ARamsesRendererDispatchWithProviderConsumerScenes" />
    <testcase name="generatesEventForTransformationProviderDestruction" status="run" time="0.001" classname="ARamsesRendererDispatchWithProviderConsumerScenes" />
    <testcase name="generatesEventForTransformationConsumerDestruction" status="run" time="0.002" classname="ARamsesRendererDispatchWithProviderConsumerScenes" />
    <testcase name="generatesEventForDataProviderCreation" status="run" time="0.001" classname="ARamsesRendererDispatchWithProviderConsumerScenes" />
    <testcase name="generatesEventForDataConsumerCreation" status="run" time="0" classname="ARamsesRendererDispatchWithProviderConsumerScenes" />
    <testcase name="generatesEventForDataProviderDestruction" status="run" time="0.001" classname="ARamsesRendererDispatchWithProviderConsumerScenes" />
    <testcase name="generatesEventForDataConsumerDestruction" status="run" time="0.001" classname="ARamsesRendererDispatchWithProviderConsumerScenes" />
    <testcase name="generatesEventForTextureProviderCreation" status="run" time="0.001" classname="ARamsesRendererDispatchWithProviderConsumerScenes" />
    <testcase name="generatesEventForTextureConsumerCreation" status="run" time="0.001" classname="ARamsesRendererDispatchWithProviderConsumerScenes" />
    <testcase name="generatesEventForTextureProviderDestruction" status="run" time="0" classname="ARamsesRendererDispatchWithProviderConsumerScenes" />
    <testcase name="generatesEventForTextureConsumerDestruction" status="run" time="0" classname="ARamsesRendererDispatchWithProviderConsumerScenes" />
    <testcase name="generatesOKEventForTransformationLink" status="run" time="0.001" classname="ARamsesRendererDispatchWithProviderConsumerScenes" />
    <testcase name="generatesFAILEventForLinkWithWrongParameters" status="run" time="0.001" classname="ARamsesRendererDispatchWithProviderConsumerScenes" />
    <testcase name="generatesOKEventForTransformationUnlink" status="run" time="0.001" classname="ARamsesRendererDispatchWithProviderConsumerScenes" />
    <testcase name="generatesFAILEventForUnlinkWithWrongParameters" status="run" time="0.002" classname="ARamsesRendererDispatchWithProviderConsumerScenes" />
    <testcase name="generatesINDIRECTEventForTransformationUnlinkAfterDataSlotRemovedFromScene" status="run" time="0.002" classname="ARamsesRendererDispatchWithProviderConsumerScenes" />
    <testcase name="generatesOKEventForDataLink" status="run" time="0.002" classname="ARamsesRendererDispatchWithProviderConsumerScenes" />
    <testcase name="generatesOKEventForDataUnlink" status="run" time="0.002" classname="ARamsesRendererDispatchWithProviderConsumerScenes" />
    <testcase name="generatesINDIRECTEventForDataUnlinkAfterDataSlotRemovedFromScene" status="run" time="0.001" classname="ARamsesRendererDispatchWithProviderConsumerScenes" />
    <testcase name="generatesOKEventForTextureLink" status="run" time="0.001" classname="ARamsesRendererDispatchWithProviderConsumerScenes" />
    <testcase name="generatesOKEventForTextureUnlink" status="run" time="0.002" classname="ARamsesRendererDispatchWithProviderConsumerScenes" />
    <testcase name="generatesINDIRECTEventForTextureUnlinkAfterDataSlotRemovedFromScene" status="run" time="0.001" classname="ARamsesRendererDispatchWithProviderConsumerScenes" />
    <testcase name="generatesOKEventForOffscreenBufferLink" status="run" time="0.002" classname="ARamsesRendererDispatchWithProviderConsumerScenes" />
    <testcase name="generatesFAILEventForOffscreenBufferLink" status="run" time="0.001" classname="ARamsesRendererDispatchWithProviderConsumerScenes" />
    <testcase name="confidenceTest_generatesAppropriateEventsForFullCycleOfSceneWithMapAndDataLink_commandsBatched" status="run" time="0.002" classname="ARamsesRendererDispatchWithProviderConsumerScenes" />
  </testsuite>
  <testsuite name="ARamsesRenderer" tests="22" failures="0" disabled="0" errors="0" time="0.059">
    <testcase name="hasNoCommandsOnStartUp" status="run" time="0.001" classname="ARamsesRenderer" />
    <testcase name="createsACommandForDisplayCreation" status="run" time="0" classname="ARamsesRenderer" />
    <testcase name="createsNoCommandForDisplayCreationWithInvalidConfig" status="run" time="0.001" classname="ARamsesRenderer" />
    <testcase name="createsMultipleCommandsForMultipleDisplayCreation" status="run" time="0.001" classname="ARamsesRenderer" />
    <testcase name="canQueryDisplayFramebufferIDs" status="run" time="0" classname="ARamsesRenderer" />
    <testcase name="displayFramebufferIDsAreUnique" status="run" time="0.001" classname="ARamsesRenderer" />
    <testcase name="displayFramebufferIsInvalidIfDisplayDestroyed" status="run" time="0" classname="ARamsesRenderer" />
    <testcase name="clearsAllPendingCommandsWhenCallingFlush" status="run" time="0.001" classname="ARamsesRenderer" />
    <testcase name="createsCommandForAnySceneSubscription" status="run" time="0.001" classname="ARamsesRenderer" />
    <testcase name="createsCommandForAnySceneUnsubscription" status="run" time="0.001" classname="ARamsesRenderer" />
    <testcase name="createsCommandForAnySceneShow" status="run" time="0.006" classname="ARamsesRenderer" />
    <testcase name="createsCommandForAnySceneHide" status="run" time="0.002" classname="ARamsesRenderer" />
    <testcase name="createsCommandForAnySceneUnmapping" status="run" time="0.001" classname="ARamsesRenderer" />
    <testcase name="createsNoCommandForTransformDataLinkingWithinTheSameScene" status="run" time="0.001" classname="ARamsesRenderer" />
    <testcase name="createsCommandForTransformDataLinkingBetweenDifferentScenes" status="run" time="0.002" classname="ARamsesRenderer" />
    <testcase name="createsCommandForHandlePickEvent" status="run" time="0.001" classname="ARamsesRenderer" />
    <testcase name="createsComandForUnlinkTransformDataLink" status="run" time="0.001" classname="ARamsesRenderer" />
    <testcase name="createsCommandForLoggingRenderInfo" status="run" time="0.001" classname="ARamsesRenderer" />
    <testcase name="createsNoCommandForWarpingDataUpdateOnInvalidDisplay" status="run" time="0.001" classname="ARamsesRenderer" />
    <testcase name="createsNoCommandForSystemCompositorControllerIfNotEnabledFromConfig" status="run" time="0.001" classname="ARamsesRenderer" />
    <testcase name="canRunRendererInItsOwnThread" status="run" time="0.018" classname="ARamsesRenderer" />
    <testcase name="canRunRendererInItsOwnThreadAndCallAPIMethods" status="run" time="0.017" classname="ARamsesRenderer" />
  </testsuite>
  <testsuite name="ARamsesRendererWithDisplay" tests="18" failures="0" disabled="0" errors="0" time="0.017">
    <testcase name="createsCommandForDisplayDestruction" status="run" time="0.001" classname="ARamsesRendererWithDisplay" />
    <testcase name="createsCommandForBufferClearColorSet" status="run" time="0.001" classname="ARamsesRendererWithDisplay" />
    <testcase name="createsCommandForFramebufferClearColorSetUsingDisplayBufferId" status="run" time="0.001" classname="ARamsesRendererWithDisplay" />
    <testcase name="createsCommandForFramebufferClearColorSetUsingDefaultArg" status="run" time="0.001" classname="ARamsesRendererWithDisplay" />
    <testcase name="createsCommandForSceneMapping" status="run" time="0.001" classname="ARamsesRendererWithDisplay" />
    <testcase name="createsNoCommandForWarpingDataUpdateOnDisplayWithoutWarping" status="run" time="0.001" classname="ARamsesRendererWithDisplay" />
    <testcase name="createsNoCommandForInvalidWarpingDataUpdateOnWarpingDisplay" status="run" time="0.001" classname="ARamsesRendererWithDisplay" />
    <testcase name="createsCommandForValidWarpingDataUpdateOnWarpingDisplay" status="run" time="0.001" classname="ARamsesRendererWithDisplay" />
    <testcase name="createsCommandForOffscreenBufferCreate" status="run" time="0.001" classname="ARamsesRendererWithDisplay" />
    <testcase name="createsCommandForOffscreenBufferDestroy" status="run" time="0.001" classname="ARamsesRendererWithDisplay" />
    <testcase name="failsToCreateOffscreenBufferWithUnsupportedResolution" status="run" time="0.001" classname="ARamsesRendererWithDisplay" />
    <testcase name="createsCommandForAssignSceneToOffscreenBuffer" status="run" time="0.001" classname="ARamsesRendererWithDisplay" />
    <testcase name="createsCommandForAssignSceneToFramebufferUsingDisplayBufferId" status="run" time="0.001" classname="ARamsesRendererWithDisplay" />
    <testcase name="createsCommandForAssignSceneToFramebufferUsingInvalidBufferID" status="run" time="0.001" classname="ARamsesRendererWithDisplay" />
    <testcase name="createsCommandForOffscreenBufferLink" status="run" time="0.001" classname="ARamsesRendererWithDisplay" />
    <testcase name="createsCommandForReadPixels" status="run" time="0" classname="ARamsesRendererWithDisplay" />
    <testcase name="createsCommandForSettingFrameTimerLimits" status="run" time="0.001" classname="ARamsesRendererWithDisplay" />
    <testcase name="createsCommandForSettingSkippingUnmodifiedBuffersFeature" status="run" time="0.001" classname="ARamsesRendererWithDisplay" />
  </testsuite>
  <testsuite name="ARamsesRendererWithSystemCompositorController" tests="6" failures="0" disabled="0" errors="0" time="0.004">
    <testcase name="createsCommandForSystemCompositorControllerSetSurfaceVisibility" status="run" time="0.001" classname="ARamsesRendererWithSystemCompositorController" />
    <testcase name="createsCommandForSystemCompositorControllerSetSurfaceOpacity" status="run" time="0" classname="ARamsesRendererWithSystemCompositorController" />
    <testcase name="createsCommandForSystemCompositorControllerSetSurfaceRectangle" status="run" time="0.001" classname="ARamsesRendererWithSystemCompositorController" />
    <testcase name="createsCommandForSystemCompositorControllerAddSurfaceToLayer" status="run" time="0.001" classname="ARamsesRendererWithSystemCompositorController" />
    <testcase name="createsCommandForSystemCompositorControllerSetLayerVisibility" status="run" time="0" classname="ARamsesRendererWithSystemCompositorController" />
    <testcase name="createsCommandForSystemCompositorControllerTakeScreenshot" status="run" time="0.001" classname="ARamsesRendererWithSystemCompositorController" />
  </testsuite>
  <testsuite name="ARamsesRendererWithSeparateRendererThread" tests="2" failures="0" disabled="0" errors="0" time="0.066">
    <testcase name="canNotifyPerWatchdog" status="run" time="0.034" classname="ARamsesRendererWithSeparateRendererThread" />
    <testcase name="firesRenderThreadPeriodTimingsEvent" status="run" time="0.032" classname="ARamsesRendererWithSeparateRendererThread" />
  </testsuite>
  <testsuite name="ARamsesFrameworkInARendererLib" tests="6" failures="0" disabled="0" errors="0" time="0.004">
    <testcase name="canCreateARenderer" status="run" time="0.001" classname="ARamsesFrameworkInARendererLib" />
    <testcase name="canNotCreateMultipleRenderer" status="run" time="0.001" classname="ARamsesFrameworkInARendererLib" />
    <testcase name="acceptsLocallyCreatedRendererForDestruction" status="run" time="0" classname="ARamsesFrameworkInARendererLib" />
    <testcase name="doesNotAcceptForeignCreatedRendererForDestruction" status="run" time="0.001" classname="ARamsesFrameworkInARendererLib" />
    <testcase name="doesNotAcceptSameRendererTwiceForDestruction" status="run" time="0.001" classname="ARamsesFrameworkInARendererLib" />
    <testcase name="canCreateDestroyAndRecreateARenderer" status="run" time="0" classname="ARamsesFrameworkInARendererLib" />
  </testsuite>
  <testsuite name="ARendererConfig" tests="12" failures="0" disabled="0" errors="0" time="0">
    <testcase name="hasDefaultValuesUponConstruction" status="run" time="0" classname="ARendererConfig" />
    <testcase name="canEnableSystemCompositor" status="run" time="0" classname="ARendererConfig" />
    <testcase name="canBeCopyConstructed" status="run" time="0" classname="ARendererConfig" />
    <testcase name="canSetBinaryShaderCache" status="run" time="0" classname="ARendererConfig" />
    <testcase name="canSetEmbeddedCompositingSocketPermissionsGroup" status="run" time="0" classname="ARendererConfig" />
    <testcase name="canSetEmbeddedCompositingSocketname" status="run" time="0" classname="ARendererConfig" />
    <testcase name="canSetEmbeddedCompositingSocketFD" status="run" time="0" classname="ARendererConfig" />
    <testcase name="defaultRendererConfigDoesntValidate" status="run" time="0" classname="ARendererConfig" />
    <testcase name="settingEmbeddedCompositingSocketnameValidatesTrue" status="run" time="0" classname="ARendererConfig" />
    <testcase name="settingEmbeddedCompositingSocketFDValidatesTrue" status="run" time="0" classname="ARendererConfig" />
    <testcase name="setsAndGetsWaylandDisplay" status="run" time="0" classname="ARendererConfig" />
    <testcase name="setsAndGetsLoopCountPeriod" status="run" time="0" classname="ARendererConfig" />
  </testsuite>
  <testsuite name="ASharedSceneState" tests="7" failures="0" disabled="0" errors="0" time="0.001">
    <testcase name="reportsUnavailableStateInitially" status="run" time="0.001" classname="ASharedSceneState" />
    <testcase name="reportsPreviouslySetActualStateRegardlessOfDesiredStates" status="run" time="0" classname="ASharedSceneState" />
    <testcase name="reportsConsolidatedDesiredStateAlwaysAsHighestOfDesiredStates" status="run" time="0" classname="ASharedSceneState" />
    <testcase name="reportsCorrectSceneStateForGivenContent_noSharing" status="run" time="0" classname="ASharedSceneState" />
    <testcase name="lastContentToHoldStateReportsActualStateWhenChangingDesiredStateDownwards" status="run" time="0" classname="ASharedSceneState" />
    <testcase name="lastContentToHoldStateReportsActualStateWhenChangingDesiredStateDownwards_swappedOrder" status="run" time="0" classname="ASharedSceneState" />
    <testcase name="reportsCorrectSceneStateForGivenContent_sharedByTwoContents" status="run" time="0" classname="ASharedSceneState" />
  </testsuite>
  <testsuite name="TargetToTarget/ADisplayManagerWithRenderer_TargetToTarget" tests="192" failures="0" disabled="0" errors="0" time="0.057">
    <testcase name="switchFromTargetStateToTargetStateAtEveryStep/0" value_param="0" status="run" time="0" classname="TargetToTarget/ADisplayManagerWithRenderer_TargetToTarget" />
    <testcase name="switchFromTargetStateToTargetStateAtEveryStep/1" value_param="1" status="run" time="0.001" classname="TargetToTarget/ADisplayManagerWithRenderer_TargetToTarget" />
    <testcase name="switchFromTargetStateToTargetStateAtEveryStep/2" value_param="2" status="run" time="0" classname="TargetToTarget/ADisplayManagerWithRenderer_TargetToTarget" />
    <testcase name="switchFromTargetStateToTargetStateAtEveryStep/3" value_param="3" status="run" time="0" classname="TargetToTarget/ADisplayManagerWithRenderer_TargetToTarget" />
    <testcase name="switchFromTargetStateToTargetStateAtEveryStep/4" value_param="4" status="run" time="0.001" classname="TargetToTarget/ADisplayManagerWithRenderer_TargetToTarget" />
    <testcase name="switchFromTargetStateToTargetStateAtEveryStep/5" value_param="5" status="run" time="0" classname="TargetToTarget/ADisplayManagerWithRenderer_TargetToTarget" />
    <testcase name="switchFromTargetStateToTargetStateAtEveryStep/6" value_param="6" status="run" time="0.001" classname="TargetToTarget/ADisplayManagerWithRenderer_TargetToTarget" />
    <testcase name="switchFromTargetStateToTargetStateAtEveryStep/7" value_param="7" status="run" time="0.001" classname="TargetToTarget/ADisplayManagerWithRenderer_TargetToTarget" />
    <testcase name="switchFromTargetStateToTargetStateAtEveryStep/8" value_param="8" status="run" time="0" classname="TargetToTarget/ADisplayManagerWithRenderer_TargetToTarget" />
    <testcase name="switchFromTargetStateToTargetStateAtEveryStep/9" value_param="9" status="run" time="0" classname="TargetToTarget/ADisplayManagerWithRenderer_TargetToTarget" />
    <testcase name="switchFromTargetStateToTargetStateAtEveryStep/10" value_param="10" status="run" time="0.001" classname="TargetToTarget/ADisplayManagerWithRenderer_TargetToTarget" />
    <testcase name="switchFromTargetStateToTargetStateAtEveryStep/11" value_param="11" status="run" time="0" classname="TargetToTarget/ADisplayManagerWithRenderer_TargetToTarget" />
    <testcase name="switchFromTargetStateToTargetStateAtEveryStep/12" value_param="12" status="run" time="0.001" classname="TargetToTarget/ADisplayManagerWithRenderer_TargetToTarget" />
    <testcase name="switchFromTargetStateToTargetStateAtEveryStep/13" value_param="13" status="run" time="0" classname="TargetToTarget/ADisplayManagerWithRenderer_TargetToTarget" />
    <testcase name="switchFromTargetStateToTargetStateAtEveryStep/14" value_param="14" status="run" time="0.001" classname="TargetToTarget/ADisplayManagerWithRenderer_TargetToTarget" />
    <testcase name="switchFromTargetStateToTargetStateAtEveryStep/15" value_param="15" status="run" time="0" classname="TargetToTarget/ADisplayManagerWithRenderer_TargetToTarget" />
    <testcase name="switchFromTargetStateToTargetStateAtEveryStep/16" value_param="16" status="run" time="0.001" classname="TargetToTarget/ADisplayManagerWithRenderer_TargetToTarget" />
    <testcase name="switchFromTargetStateToTargetStateAtEveryStep/17" value_param="17" status="run" time="0" classname="TargetToTarget/ADisplayManagerWithRenderer_TargetToTarget" />
    <testcase name="switchFromTargetStateToTargetStateAtEveryStep/18" value_param="18" status="run" time="0.001" classname="TargetToTarget/ADisplayManagerWithRenderer_TargetToTarget" />
    <testcase name="switchFromTargetStateToTargetStateAtEveryStep/19" value_param="19" status="run" time="0" classname="TargetToTarget/ADisplayManagerWithRenderer_TargetToTarget" />
    <testcase name="switchFromTargetStateToTargetStateAtEveryStep/20" value_param="20" status="run" time="0" classname="TargetToTarget/ADisplayManagerWithRenderer_TargetToTarget" />
    <testcase name="switchFromTargetStateToTargetStateAtEveryStep/21" value_param="21" status="run" time="0.001" classname="TargetToTarget/ADisplayManagerWithRenderer_TargetToTarget" />
    <testcase name="switchFromTargetStateToTargetStateAtEveryStep/22" value_param="22" status="run" time="0" classname="TargetToTarget/ADisplayManagerWithRenderer_TargetToTarget" />
    <testcase name="switchFromTargetStateToTargetStateAtEveryStep/23" value_param="23" status="run" time="0.001" classname="TargetToTarget/ADisplayManagerWithRenderer_TargetToTarget" />
    <testcase name="switchFromTargetStateToTargetStateAtEveryStep/24" value_param="24" status="run" time="0" classname="TargetToTarget/ADisplayManagerWithRenderer_TargetToTarget" />
    <testcase name="switchFromTargetStateToTargetStateAtEveryStep/25" value_param="25" status="run" time="0.001" classname="TargetToTarget/ADisplayManagerWithRenderer_TargetToTarget" />
    <testcase name="switchFromTargetStateToTargetStateAtEveryStep/26" value_param="26" status="run" time="0" classname="TargetToTarget/ADisplayManagerWithRenderer_TargetToTarget" />
    <testcase name="switchFromTargetStateToTargetStateAtEveryStep/27" value_param="27" status="run" time="0.001" classname="TargetToTarget/ADisplayManagerWithRenderer_TargetToTarget" />
    <testcase name="switchFromTargetStateToTargetStateAtEveryStep/28" value_param="28" status="run" time="0" classname="TargetToTarget/ADisplayManagerWithRenderer_TargetToTarget" />
    <testcase name="switchFromTargetStateToTargetStateAtEveryStep/29" value_param="29" status="run" time="0" classname="TargetToTarget/ADisplayManagerWithRenderer_TargetToTarget" />
    <testcase name="switchFromTargetStateToTargetStateAtEveryStep/30" value_param="30" status="run" time="0" classname="TargetToTarget/ADisplayManagerWithRenderer_TargetToTarget" />
    <testcase name="switchFromTargetStateToTargetStateAtEveryStep/31" value_param="31" status="run" time="0.001" classname="TargetToTarget/ADisplayManagerWithRenderer_TargetToTarget" />
    <testcase name="switchFromTargetStateToTargetStateAtEveryStep/32" value_param="32" status="run" time="0" classname="TargetToTarget/ADisplayManagerWithRenderer_TargetToTarget" />
    <testcase name="switchFromTargetStateToTargetStateAtEveryStep/33" value_param="33" status="run" time="0" classname="TargetToTarget/ADisplayManagerWithRenderer_TargetToTarget" />
    <testcase name="switchFromTargetStateToTargetStateAtEveryStep/34" value_param="34" status="run" time="0.001" classname="TargetToTarget/ADisplayManagerWithRenderer_TargetToTarget" />
    <testcase name="switchFromTargetStateToTargetStateAtEveryStep/35" value_param="35" status="run" time="0" classname="TargetToTarget/ADisplayManagerWithRenderer_TargetToTarget" />
    <testcase name="switchFromTargetStateToTargetStateAtEveryStep/36" value_param="36" status="run" time="0" classname="TargetToTarget/ADisplayManagerWithRenderer_TargetToTarget" />
    <testcase name="switchFromTargetStateToTargetStateAtEveryStep/37" value_param="37" status="run" time="0.001" classname="TargetToTarget/ADisplayManagerWithRenderer_TargetToTarget" />
    <testcase name="switchFromTargetStateToTargetStateAtEveryStep/38" value_param="38" status="run" time="0" classname="TargetToTarget/ADisplayManagerWithRenderer_TargetToTarget" />
    <testcase name="switchFromTargetStateToTargetStateAtEveryStep/39" value_param="39" status="run" time="0" classname="TargetToTarget/ADisplayManagerWithRenderer_TargetToTarget" />
    <testcase name="switchFromTargetStateToTargetStateAtEveryStep/40" value_param="40" status="run" time="0.001" classname="TargetToTarget/ADisplayManagerWithRenderer_TargetToTarget" />
    <testcase name="switchFromTargetStateToTargetStateAtEveryStep/41" value_param="41" status="run" time="0" classname="TargetToTarget/ADisplayManagerWithRenderer_TargetToTarget" />
    <testcase name="switchFromTargetStateToTargetStateAtEveryStep/42" value_param="42" status="run" time="0.001" classname="TargetToTarget/ADisplayManagerWithRenderer_TargetToTarget" />
    <testcase name="switchFromTargetStateToTargetStateAtEveryStep/43" value_param="43" status="run" time="0" classname="TargetToTarget/ADisplayManagerWithRenderer_TargetToTarget" />
    <testcase name="switchFromTargetStateToTargetStateAtEveryStep/44" value_param="44" status="run" time="0" classname="TargetToTarget/ADisplayManagerWithRenderer_TargetToTarget" />
    <testcase name="switchFromTargetStateToTargetStateAtEveryStep/45" value_param="45" status="run" time="0.001" classname="TargetToTarget/ADisplayManagerWithRenderer_TargetToTarget" />
    <testcase name="switchFromTargetStateToTargetStateAtEveryStep/46" value_param="46" status="run" time="0" classname="TargetToTarget/ADisplayManagerWithRenderer_TargetToTarget" />
    <testcase name="switchFromTargetStateToTargetStateAtEveryStep/47" value_param="47" status="run" time="0" classname="TargetToTarget/ADisplayManagerWithRenderer_TargetToTarget" />
    <testcase name="switchFromTargetStateToTargetStateAtEveryStep/48" value_param="48" status="run" time="0" classname="TargetToTarget/ADisplayManagerWithRenderer_TargetToTarget" />
    <testcase name="switchFromTargetStateToTargetStateAtEveryStep/49" value_param="49" status="run" time="0.001" classname="TargetToTarget/ADisplayManagerWithRenderer_TargetToTarget" />
    <testcase name="switchFromTargetStateToTargetStateAtEveryStep/50" value_param="50" status="run" time="0" classname="TargetToTarget/ADisplayManagerWithRenderer_TargetToTarget" />
    <testcase name="switchFromTargetStateToTargetStateAtEveryStep/51" value_param="51" status="run" time="0" classname="TargetToTarget/ADisplayManagerWithRenderer_TargetToTarget" />
    <testcase name="switchFromTargetStateToTargetStateAtEveryStep/52" value_param="52" status="run" time="0.001" classname="TargetToTarget/ADisplayManagerWithRenderer_TargetToTarget" />
    <testcase name="switchFromTargetStateToTargetStateAtEveryStep/53" value_param="53" status="run" time="0" classname="TargetToTarget/ADisplayManagerWithRenderer_TargetToTarget" />
    <testcase name="switchFromTargetStateToTargetStateAtEveryStep/54" value_param="54" status="run" time="0" classname="TargetToTarget/ADisplayManagerWithRenderer_TargetToTarget" />
    <testcase name="switchFromTargetStateToTargetStateAtEveryStep/55" value_param="55" status="run" time="0.001" classname="TargetToTarget/ADisplayManagerWithRenderer_TargetToTarget" />
    <testcase name="switchFromTargetStateToTargetStateAtEveryStep/56" value_param="56" status="run" time="0" classname="TargetToTarget/ADisplayManagerWithRenderer_TargetToTarget" />
    <testcase name="switchFromTargetStateToTargetStateAtEveryStep/57" value_param="57" status="run" time="0" classname="TargetToTarget/ADisplayManagerWithRenderer_TargetToTarget" />
    <testcase name="switchFromTargetStateToTargetStateAtEveryStep/58" value_param="58" status="run" time="0.001" classname="TargetToTarget/ADisplayManagerWithRenderer_TargetToTarget" />
    <testcase name="switchFromTargetStateToTargetStateAtEveryStep/59" value_param="59" status="run" time="0" classname="TargetToTarget/ADisplayManagerWithRenderer_TargetToTarget" />
    <testcase name="switchFromTargetStateToTargetStateAtEveryStep/60" value_param="60" status="run" time="0" classname="TargetToTarget/ADisplayManagerWithRenderer_TargetToTarget" />
    <testcase name="switchFromTargetStateToTargetStateAtEveryStep/61" value_param="61" status="run" time="0" classname="TargetToTarget/ADisplayManagerWithRenderer_TargetToTarget" />
    <testcase name="switchFromTargetStateToTargetStateAtEveryStep/62" value_param="62" status="run" time="0.001" classname="TargetToTarget/ADisplayManagerWithRenderer_TargetToTarget" />
    <testcase name="switchFromTargetStateToTargetStateAtEveryStep/63" value_param="63" status="run" time="0" classname="TargetToTarget/ADisplayManagerWithRenderer_TargetToTarget" />
    <testcase name="switchFromTargetStateToTargetStateAtEveryStep/64" value_param="64" status="run" time="0" classname="TargetToTarget/ADisplayManagerWithRenderer_TargetToTarget" />
    <testcase name="switchFromTargetStateToTargetStateAtEveryStep/65" value_param="65" status="run" time="0" classname="TargetToTarget/ADisplayManagerWithRenderer_TargetToTarget" />
    <testcase name="switchFromTargetStateToTargetStateAtEveryStep/66" value_param="66" status="run" time="0.001" classname="TargetToTarget/ADisplayManagerWithRenderer_TargetToTarget" />
    <testcase name="switchFromTargetStateToTargetStateAtEveryStep/67" value_param="67" status="run" time="0" classname="TargetToTarget/ADisplayManagerWithRenderer_TargetToTarget" />
    <testcase name="switchFromTargetStateToTargetStateAtEveryStep/68" value_param="68" status="run" time="0" classname="TargetToTarget/ADisplayManagerWithRenderer_TargetToTarget" />
    <testcase name="switchFromTargetStateToTargetStateAtEveryStep/69" value_param="69" status="run" time="0" classname="TargetToTarget/ADisplayManagerWithRenderer_TargetToTarget" />
    <testcase name="switchFromTargetStateToTargetStateAtEveryStep/70" value_param="70" status="run" time="0.001" classname="TargetToTarget/ADisplayManagerWithRenderer_TargetToTarget" />
    <testcase name="switchFromTargetStateToTargetStateAtEveryStep/71" value_param="71" status="run" time="0" classname="TargetToTarget/ADisplayManagerWithRenderer_TargetToTarget" />
    <testcase name="switchFromTargetStateToTargetStateAtEveryStep/72" value_param="72" status="run" time="0" classname="TargetToTarget/ADisplayManagerWithRenderer_TargetToTarget" />
    <testcase name="switchFromTargetStateToTargetStateAtEveryStep/73" value_param="73" status="run" time="0" classname="TargetToTarget/ADisplayManagerWithRenderer_TargetToTarget" />
    <testcase name="switchFromTargetStateToTargetStateAtEveryStep/74" value_param="74" status="run" time="0.001" classname="TargetToTarget/ADisplayManagerWithRenderer_TargetToTarget" />
    <testcase name="switchFromTargetStateToTargetStateAtEveryStep/75" value_param="75" status="run" time="0" classname="TargetToTarget/ADisplayManagerWithRenderer_TargetToTarget" />
    <testcase name="switchFromTargetStateToTargetStateAtEveryStep/76" value_param="76" status="run" time="0" classname="TargetToTarget/ADisplayManagerWithRenderer_TargetToTarget" />
    <testcase name="switchFromTargetStateToTargetStateAtEveryStep/77" value_param="77" status="run" time="0" classname="TargetToTarget/ADisplayManagerWithRenderer_TargetToTarget" />
    <testcase name="switchFromTargetStateToTargetStateAtEveryStep/78" value_param="78" status="run" time="0.001" classname="TargetToTarget/ADisplayManagerWithRenderer_TargetToTarget" />
    <testcase name="switchFromTargetStateToTargetStateAtEveryStep/79" value_param="79" status="run" time="0" classname="TargetToTarget/ADisplayManagerWithRenderer_TargetToTarget" />
    <testcase name="switchFromTargetStateToTargetStateAtEveryStep/80" value_param="80" status="run" time="0" classname="TargetToTarget/ADisplayManagerWithRenderer_TargetToTarget" />
    <testcase name="switchFromTargetStateToTargetStateAtEveryStep/81" value_param="81" status="run" time="0.001" classname="TargetToTarget/ADisplayManagerWithRenderer_TargetToTarget" />
    <testcase name="switchFromTargetStateToTargetStateAtEveryStep/82" value_param="82" status="run" time="0" classname="TargetToTarget/ADisplayManagerWithRenderer_TargetToTarget" />
    <testcase name="switchFromTargetStateToTargetStateAtEveryStep/83" value_param="83" status="run" time="0" classname="TargetToTarget/ADisplayManagerWithRenderer_TargetToTarget" />
    <testcase name="switchFromTargetStateToTargetStateAtEveryStep/84" value_param="84" status="run" time="0" classname="TargetToTarget/ADisplayManagerWithRenderer_TargetToTarget" />
    <testcase name="switchFromTargetStateToTargetStateAtEveryStep/85" value_param="85" status="run" time="0.001" classname="TargetToTarget/ADisplayManagerWithRenderer_TargetToTarget" />
    <testcase name="switchFromTargetStateToTargetStateAtEveryStep/86" value_param="86" status="run" time="0" classname="TargetToTarget/ADisplayManagerWithRenderer_TargetToTarget" />
    <testcase name="switchFromTargetStateToTargetStateAtEveryStep/87" value_param="87" status="run" time="0" classname="TargetToTarget/ADisplayManagerWithRenderer_TargetToTarget" />
    <testcase name="switchFromTargetStateToTargetStateAtEveryStep/88" value_param="88" status="run" time="0" classname="TargetToTarget/ADisplayManagerWithRenderer_TargetToTarget" />
    <testcase name="switchFromTargetStateToTargetStateAtEveryStep/89" value_param="89" status="run" time="0.001" classname="TargetToTarget/ADisplayManagerWithRenderer_TargetToTarget" />
    <testcase name="switchFromTargetStateToTargetStateAtEveryStep/90" value_param="90" status="run" time="0" classname="TargetToTarget/ADisplayManagerWithRenderer_TargetToTarget" />
    <testcase name="switchFromTargetStateToTargetStateAtEveryStep/91" value_param="91" status="run" time="0" classname="TargetToTarget/ADisplayManagerWithRenderer_TargetToTarget" />
    <testcase name="switchFromTargetStateToTargetStateAtEveryStep/92" value_param="92" status="run" time="0" classname="TargetToTarget/ADisplayManagerWithRenderer_TargetToTarget" />
    <testcase name="switchFromTargetStateToTargetStateAtEveryStep/93" value_param="93" status="run" time="0.001" classname="TargetToTarget/ADisplayManagerWithRenderer_TargetToTarget" />
    <testcase name="switchFromTargetStateToTargetStateAtEveryStep/94" value_param="94" status="run" time="0" classname="TargetToTarget/ADisplayManagerWithRenderer_TargetToTarget" />
    <testcase name="switchFromTargetStateToTargetStateAtEveryStep/95" value_param="95" status="run" time="0" classname="TargetToTarget/ADisplayManagerWithRenderer_TargetToTarget" />
    <testcase name="switchFromTargetStateToTargetStateAtEveryStep/96" value_param="96" status="run" time="0.001" classname="TargetToTarget/ADisplayManagerWithRenderer_TargetToTarget" />
    <testcase name="switchFromTargetStateToTargetStateAtEveryStep/97" value_param="97" status="run" time="0" classname="TargetToTarget/ADisplayManagerWithRenderer_TargetToTarget" />
    <testcase name="switchFromTargetStateToTargetStateAtEveryStep/98" value_param="98" status="run" time="0" classname="TargetToTarget/ADisplayManagerWithRenderer_TargetToTarget" />
    <testcase name="switchFromTargetStateToTargetStateAtEveryStep/99" value_param="99" status="run" time="0" classname="TargetToTarget/ADisplayManagerWithRenderer_TargetToTarget" />
    <testcase name="switchFromTargetStateToTargetStateAtEveryStep/100" value_param="100" status="run" time="0.001" classname="TargetToTarget/ADisplayManagerWithRenderer_TargetToTarget" />
    <testcase name="switchFromTargetStateToTargetStateAtEveryStep/101" value_param="101" status="run" time="0" classname="TargetToTarget/ADisplayManagerWithRenderer_TargetToTarget" />
    <testcase name="switchFromTargetStateToTargetStateAtEveryStep/102" value_param="102" status="run" time="0" classname="TargetToTarget/ADisplayManagerWithRenderer_TargetToTarget" />
    <testcase name="switchFromTargetStateToTargetStateAtEveryStep/103" value_param="103" status="run" time="0" classname="TargetToTarget/ADisplayManagerWithRenderer_TargetToTarget" />
    <testcase name="switchFromTargetStateToTargetStateAtEveryStep/104" value_param="104" status="run" time="0.001" classname="TargetToTarget/ADisplayManagerWithRenderer_TargetToTarget" />
    <testcase name="switchFromTargetStateToTargetStateAtEveryStep/105" value_param="105" status="run" time="0" classname="TargetToTarget/ADisplayManagerWithRenderer_TargetToTarget" />
    <testcase name="switchFromTargetStateToTargetStateAtEveryStep/106" value_param="106" status="run" time="0" classname="TargetToTarget/ADisplayManagerWithRenderer_TargetToTarget" />
    <testcase name="switchFromTargetStateToTargetStateAtEveryStep/107" value_param="107" status="run" time="0" classname="TargetToTarget/ADisplayManagerWithRenderer_TargetToTarget" />
    <testcase name="switchFromTargetStateToTargetStateAtEveryStep/108" value_param="108" status="run" time="0.001" classname="TargetToTarget/ADisplayManagerWithRenderer_TargetToTarget" />
    <testcase name="switchFromTargetStateToTargetStateAtEveryStep/109" value_param="109" status="run" time="0" classname="TargetToTarget/ADisplayManagerWithRenderer_TargetToTarget" />
    <testcase name="switchFromTargetStateToTargetStateAtEveryStep/110" value_param="110" status="run" time="0" classname="TargetToTarget/ADisplayManagerWithRenderer_TargetToTarget" />
    <testcase name="switchFromTargetStateToTargetStateAtEveryStep/111" value_param="111" status="run" time="0" classname="TargetToTarget/ADisplayManagerWithRenderer_TargetToTarget" />
    <testcase name="switchFromTargetStateToTargetStateAtEveryStep/112" value_param="112" status="run" time="0.001" classname="TargetToTarget/ADisplayManagerWithRenderer_TargetToTarget" />
    <testcase name="switchFromTargetStateToTargetStateAtEveryStep/113" value_param="113" status="run" time="0" classname="TargetToTarget/ADisplayManagerWithRenderer_TargetToTarget" />
    <testcase name="switchFromTargetStateToTargetStateAtEveryStep/114" value_param="114" status="run" time="0" classname="TargetToTarget/ADisplayManagerWithRenderer_TargetToTarget" />
    <testcase name="switchFromTargetStateToTargetStateAtEveryStep/115" value_param="115" status="run" time="0" classname="TargetToTarget/ADisplayManagerWithRenderer_TargetToTarget" />
    <testcase name="switchFromTargetStateToTargetStateAtEveryStep/116" value_param="116" status="run" time="0.001" classname="TargetToTarget/ADisplayManagerWithRenderer_TargetToTarget" />
    <testcase name="switchFromTargetStateToTargetStateAtEveryStep/117" value_param="117" status="run" time="0" classname="TargetToTarget/ADisplayManagerWithRenderer_TargetToTarget" />
    <testcase name="switchFromTargetStateToTargetStateAtEveryStep/118" value_param="118" status="run" time="0" classname="TargetToTarget/ADisplayManagerWithRenderer_TargetToTarget" />
    <testcase name="switchFromTargetStateToTargetStateAtEveryStep/119" value_param="119" status="run" time="0" classname="TargetToTarget/ADisplayManagerWithRenderer_TargetToTarget" />
    <testcase name="switchFromTargetStateToTargetStateAtEveryStep/120" value_param="120" status="run" time="0.001" classname="TargetToTarget/ADisplayManagerWithRenderer_TargetToTarget" />
    <testcase name="switchFromTargetStateToTargetStateAtEveryStep/121" value_param="121" status="run" time="0" classname="TargetToTarget/ADisplayManagerWithRenderer_TargetToTarget" />
    <testcase name="switchFromTargetStateToTargetStateAtEveryStep/122" value_param="122" status="run" time="0" classname="TargetToTarget/ADisplayManagerWithRenderer_TargetToTarget" />
    <testcase name="switchFromTargetStateToTargetStateAtEveryStep/123" value_param="123" status="run" time="0.001" classname="TargetToTarget/ADisplayManagerWithRenderer_TargetToTarget" />
    <testcase name="switchFromTargetStateToTargetStateAtEveryStep/124" value_param="124" status="run" time="0" classname="TargetToTarget/ADisplayManagerWithRenderer_TargetToTarget" />
    <testcase name="switchFromTargetStateToTargetStateAtEveryStep/125" value_param="125" status="run" time="0" classname="TargetToTarget/ADisplayManagerWithRenderer_TargetToTarget" />
    <testcase name="switchFromTargetStateToTargetStateAtEveryStep/126" value_param="126" status="run" time="0" classname="TargetToTarget/ADisplayManagerWithRenderer_TargetToTarget" />
    <testcase name="switchFromTargetStateToTargetStateAtEveryStep/127" value_param="127" status="run" time="0.001" classname="TargetToTarget/ADisplayManagerWithRenderer_TargetToTarget" />
    <testcase name="switchFromTargetStateToTargetStateAtEveryStep/128" value_param="128" status="run" time="0" classname="TargetToTarget/ADisplayManagerWithRenderer_TargetToTarget" />
    <testcase name="switchFromTargetStateToTargetStateAtEveryStep/129" value_param="129" status="run" time="0" classname="TargetToTarget/ADisplayManagerWithRenderer_TargetToTarget" />
    <testcase name="switchFromTargetStateToTargetStateAtEveryStep/130" value_param="130" status="run" time="0" classname="TargetToTarget/ADisplayManagerWithRenderer_TargetToTarget" />
    <testcase name="switchFromTargetStateToTargetStateAtEveryStep/131" value_param="131" status="run" time="0.001" classname="TargetToTarget/ADisplayManagerWithRenderer_TargetToTarget" />
    <testcase name="switchFromTargetStateToTargetStateAtEveryStep/132" value_param="132" status="run" time="0" classname="TargetToTarget/ADisplayManagerWithRenderer_TargetToTarget" />
    <testcase name="switchFromTargetStateToTargetStateAtEveryStep/133" value_param="133" status="run" time="0" classname="TargetToTarget/ADisplayManagerWithRenderer_TargetToTarget" />
    <testcase name="switchFromTargetStateToTargetStateAtEveryStep/134" value_param="134" status="run" time="0" classname="TargetToTarget/ADisplayManagerWithRenderer_TargetToTarget" />
    <testcase name="switchFromTargetStateToTargetStateAtEveryStep/135" value_param="135" status="run" time="0.001" classname="TargetToTarget/ADisplayManagerWithRenderer_TargetToTarget" />
    <testcase name="switchFromTargetStateToTargetStateAtEveryStep/136" value_param="136" status="run" time="0" classname="TargetToTarget/ADisplayManagerWithRenderer_TargetToTarget" />
    <testcase name="switchFromTargetStateToTargetStateAtEveryStep/137" value_param="137" status="run" time="0" classname="TargetToTarget/ADisplayManagerWithRenderer_TargetToTarget" />
    <testcase name="switchFromTargetStateToTargetStateAtEveryStep/138" value_param="138" status="run" time="0.001" classname="TargetToTarget/ADisplayManagerWithRenderer_TargetToTarget" />
    <testcase name="switchFromTargetStateToTargetStateAtEveryStep/139" value_param="139" status="run" time="0" classname="TargetToTarget/ADisplayManagerWithRenderer_TargetToTarget" />
    <testcase name="switchFromTargetStateToTargetStateAtEveryStep/140" value_param="140" status="run" time="0" classname="TargetToTarget/ADisplayManagerWithRenderer_TargetToTarget" />
    <testcase name="switchFromTargetStateToTargetStateAtEveryStep/141" value_param="141" status="run" time="0" classname="TargetToTarget/ADisplayManagerWithRenderer_TargetToTarget" />
    <testcase name="switchFromTargetStateToTargetStateAtEveryStep/142" value_param="142" status="run" time="0.001" classname="TargetToTarget/ADisplayManagerWithRenderer_TargetToTarget" />
    <testcase name="switchFromTargetStateToTargetStateAtEveryStep/143" value_param="143" status="run" time="0" classname="TargetToTarget/ADisplayManagerWithRenderer_TargetToTarget" />
    <testcase name="switchFromTargetStateToTargetStateAtEveryStep/144" value_param="144" status="run" time="0" classname="TargetToTarget/ADisplayManagerWithRenderer_TargetToTarget" />
    <testcase name="switchFromTargetStateToTargetStateAtEveryStep/145" value_param="145" status="run" time="0" classname="TargetToTarget/ADisplayManagerWithRenderer_TargetToTarget" />
    <testcase name="switchFromTargetStateToTargetStateAtEveryStep/146" value_param="146" status="run" time="0.001" classname="TargetToTarget/ADisplayManagerWithRenderer_TargetToTarget" />
    <testcase name="switchFromTargetStateToTargetStateAtEveryStep/147" value_param="147" status="run" time="0" classname="TargetToTarget/ADisplayManagerWithRenderer_TargetToTarget" />
    <testcase name="switchFromTargetStateToTargetStateAtEveryStep/148" value_param="148" status="run" time="0" classname="TargetToTarget/ADisplayManagerWithRenderer_TargetToTarget" />
    <testcase name="switchFromTargetStateToTargetStateAtEveryStep/149" value_param="149" status="run" time="0" classname="TargetToTarget/ADisplayManagerWithRenderer_TargetToTarget" />
    <testcase name="switchFromTargetStateToTargetStateAtEveryStep/150" value_param="150" status="run" time="0.001" classname="TargetToTarget/ADisplayManagerWithRenderer_TargetToTarget" />
    <testcase name="switchFromTargetStateToTargetStateAtEveryStep/151" value_param="151" status="run" time="0" classname="TargetToTarget/ADisplayManagerWithRenderer_TargetToTarget" />
    <testcase name="switchFromTargetStateToTargetStateAtEveryStep/152" value_param="152" status="run" time="0" classname="TargetToTarget/ADisplayManagerWithRenderer_TargetToTarget" />
    <testcase name="switchFromTargetStateToTargetStateAtEveryStep/153" value_param="153" status="run" time="0" classname="TargetToTarget/ADisplayManagerWithRenderer_TargetToTarget" />
    <testcase name="switchFromTargetStateToTargetStateAtEveryStep/154" value_param="154" status="run" time="0.001" classname="TargetToTarget/ADisplayManagerWithRenderer_TargetToTarget" />
    <testcase name="switchFromTargetStateToTargetStateAtEveryStep/155" value_param="155" status="run" time="0" classname="TargetToTarget/ADisplayManagerWithRenderer_TargetToTarget" />
    <testcase name="switchFromTargetStateToTargetStateAtEveryStep/156" value_param="156" status="run" time="0" classname="TargetToTarget/ADisplayManagerWithRenderer_TargetToTarget" />
    <testcase name="switchFromTargetStateToTargetStateAtEveryStep/157" value_param="157" status="run" time="0" classname="TargetToTarget/ADisplayManagerWithRenderer_TargetToTarget" />
    <testcase name="switchFromTargetStateToTargetStateAtEveryStep/158" value_param="158" status="run" time="0.001" classname="TargetToTarget/ADisplayManagerWithRenderer_TargetToTarget" />
    <testcase name="switchFromTargetStateToTargetStateAtEveryStep/159" value_param="159" status="run" time="0" classname="TargetToTarget/ADisplayManagerWithRenderer_TargetToTarget" />
    <testcase name="switchFromTargetStateToTargetStateAtEveryStep/160" value_param="160" status="run" time="0" classname="TargetToTarget/ADisplayManagerWithRenderer_TargetToTarget" />
    <testcase name="switchFromTargetStateToTargetStateAtEveryStep/161" value_param="161" status="run" time="0" classname="TargetToTarget/ADisplayManagerWithRenderer_TargetToTarget" />
    <testcase name="switchFromTargetStateToTargetStateAtEveryStep/162" value_param="162" status="run" time="0.001" classname="TargetToTarget/ADisplayManagerWithRenderer_TargetToTarget" />
    <testcase name="switchFromTargetStateToTargetStateAtEveryStep/163" value_param="163" status="run" time="0" classname="TargetToTarget/ADisplayManagerWithRenderer_TargetToTarget" />
    <testcase name="switchFromTargetStateToTargetStateAtEveryStep/164" value_param="164" status="run" time="0" classname="TargetToTarget/ADisplayManagerWithRenderer_TargetToTarget" />
    <testcase name="switchFromTargetStateToTargetStateAtEveryStep/165" value_param="165" status="run" time="0.001" classname="TargetToTarget/ADisplayManagerWithRenderer_TargetToTarget" />
    <testcase name="switchFromTargetStateToTargetStateAtEveryStep/166" value_param="166" status="run" time="0" classname="TargetToTarget/ADisplayManagerWithRenderer_TargetToTarget" />
    <testcase name="switchFromTargetStateToTargetStateAtEveryStep/167" value_param="167" status="run" time="0" classname="TargetToTarget/ADisplayManagerWithRenderer_TargetToTarget" />
    <testcase name="switchFromTargetStateToTargetStateAtEveryStep/168" value_param="168" status="run" time="0" classname="TargetToTarget/ADisplayManagerWithRenderer_TargetToTarget" />
    <testcase name="switchFromTargetStateToTargetStateAtEveryStep/169" value_param="169" status="run" time="0.001" classname="TargetToTarget/ADisplayManagerWithRenderer_TargetToTarget" />
    <testcase name="switchFromTargetStateToTargetStateAtEveryStep/170" value_param="170" status="run" time="0" classname="TargetToTarget/ADisplayManagerWithRenderer_TargetToTarget" />
    <testcase name="switchFromTargetStateToTargetStateAtEveryStep/171" value_param="171" status="run" time="0" classname="TargetToTarget/ADisplayManagerWithRenderer_TargetToTarget" />
    <testcase name="switchFromTargetStateToTargetStateAtEveryStep/172" value_param="172" status="run" time="0" classname="TargetToTarget/ADisplayManagerWithRenderer_TargetToTarget" />
    <testcase name="switchFromTargetStateToTargetStateAtEveryStep/173" value_param="173" status="run" time="0.001" classname="TargetToTarget/ADisplayManagerWithRenderer_TargetToTarget" />
    <testcase name="switchFromTargetStateToTargetStateAtEveryStep/174" value_param="174" status="run" time="0" classname="TargetToTarget/ADisplayManagerWithRenderer_TargetToTarget" />
    <testcase name="switchFromTargetStateToTargetStateAtEveryStep/175" value_param="175" status="run" time="0" classname="TargetToTarget/ADisplayManagerWithRenderer_TargetToTarget" />
    <testcase name="switchFromTargetStateToTargetStateAtEveryStep/176" value_param="176" status="run" time="0" classname="TargetToTarget/ADisplayManagerWithRenderer_TargetToTarget" />
    <testcase name="switchFromTargetStateToTargetStateAtEveryStep/177" value_param="177" status="run" time="0.001" classname="TargetToTarget/ADisplayManagerWithRenderer_TargetToTarget" />
    <testcase name="switchFromTargetStateToTargetStateAtEveryStep/178" value_param="178" status="run" time="0" classname="TargetToTarget/ADisplayManagerWithRenderer_TargetToTarget" />
    <testcase name="switchFromTargetStateToTargetStateAtEveryStep/179" value_param="179" status="run" time="0" classname="TargetToTarget/ADisplayManagerWithRenderer_TargetToTarget" />
    <testcase name="switchFromTargetStateToTargetStateAtEveryStep/180" value_param="180" status="run" time="0" classname="TargetToTarget/ADisplayManagerWithRenderer_TargetToTarget" />
    <testcase name="switchFromTargetStateToTargetStateAtEveryStep/181" value_param="181" status="run" time="0" classname="TargetToTarget/ADisplayManagerWithRenderer_TargetToTarget" />
    <testcase name="switchFromTargetStateToTargetStateAtEveryStep/182" value_param="182" status="run" time="0" classname="TargetToTarget/ADisplayManagerWithRenderer_TargetToTarget" />
    <testcase name="switchFromTargetStateToTargetStateAtEveryStep/183" value_param="183" status="run" time="0" classname="TargetToTarget/ADisplayManagerWithRenderer_TargetToTarget" />
    <testcase name="switchFromTargetStateToTargetStateAtEveryStep/184" value_param="184" status="run" time="0.001" classname="TargetToTarget/ADisplayManagerWithRenderer_TargetToTarget" />
    <testcase name="switchFromTargetStateToTargetStateAtEveryStep/185" value_param="185" status="run" time="0" classname="TargetToTarget/ADisplayManagerWithRenderer_TargetToTarget" />
    <testcase name="switchFromTargetStateToTargetStateAtEveryStep/186" value_param="186" status="run" time="0" classname="TargetToTarget/ADisplayManagerWithRenderer_TargetToTarget" />
    <testcase name="switchFromTargetStateToTargetStateAtEveryStep/187" value_param="187" status="run" time="0" classname="TargetToTarget/ADisplayManagerWithRenderer_TargetToTarget" />
    <testcase name="switchFromTargetStateToTargetStateAtEveryStep/188" value_param="188" status="run" time="0.001" classname="TargetToTarget/ADisplayManagerWithRenderer_TargetToTarget" />
    <testcase name="switchFromTargetStateToTargetStateAtEveryStep/189" value_param="189" status="run" time="0" classname="TargetToTarget/ADisplayManagerWithRenderer_TargetToTarget" />
    <testcase name="switchFromTargetStateToTargetStateAtEveryStep/190" value_param="190" status="run" time="0" classname="TargetToTarget/ADisplayManagerWithRenderer_TargetToTarget" />
    <testcase name="switchFromTargetStateToTargetStateAtEveryStep/191" value_param="191" status="run" time="0" classname="TargetToTarget/ADisplayManagerWithRenderer_TargetToTarget" />
  </testsuite>
  <testsuite name="ReachTargetStateWithUnpublish/ADisplayManagerWithRenderer_ReachTargetStateWithUnpublish" tests="240" failures="0" disabled="0" errors="0" time="0.16">
    <testcase name="unpublishAtEveryStepWhileReachingEveryState/0" value_param="0" status="run" time="0.001" classname="ReachTargetStateWithUnpublish/ADisplayManagerWithRenderer_ReachTargetStateWithUnpublish" />
    <testcase name="unpublishAtEveryStepWhileReachingEveryState/1" value_param="1" status="run" time="0" classname="ReachTargetStateWithUnpublish/ADisplayManagerWithRenderer_ReachTargetStateWithUnpublish" />
    <testcase name="unpublishAtEveryStepWhileReachingEveryState/2" value_param="2" status="run" time="0.001" classname="ReachTargetStateWithUnpublish/ADisplayManagerWithRenderer_ReachTargetStateWithUnpublish" />
    <testcase name="unpublishAtEveryStepWhileReachingEveryState/3" value_param="3" status="run" time="0" classname="ReachTargetStateWithUnpublish/ADisplayManagerWithRenderer_ReachTargetStateWithUnpublish" />
    <testcase name="unpublishAtEveryStepWhileReachingEveryState/4" value_param="4" status="run" time="0.001" classname="ReachTargetStateWithUnpublish/ADisplayManagerWithRenderer_ReachTargetStateWithUnpublish" />
    <testcase name="unpublishAtEveryStepWhileReachingEveryState/5" value_param="5" status="run" time="0.001" classname="ReachTargetStateWithUnpublish/ADisplayManagerWithRenderer_ReachTargetStateWithUnpublish" />
    <testcase name="unpublishAtEveryStepWhileReachingEveryState/6" value_param="6" status="run" time="0" classname="ReachTargetStateWithUnpublish/ADisplayManagerWithRenderer_ReachTargetStateWithUnpublish" />
    <testcase name="unpublishAtEveryStepWhileReachingEveryState/7" value_param="7" status="run" time="0.001" classname="ReachTargetStateWithUnpublish/ADisplayManagerWithRenderer_ReachTargetStateWithUnpublish" />
    <testcase name="unpublishAtEveryStepWhileReachingEveryState/8" value_param="8" status="run" time="0" classname="ReachTargetStateWithUnpublish/ADisplayManagerWithRenderer_ReachTargetStateWithUnpublish" />
    <testcase name="unpublishAtEveryStepWhileReachingEveryState/9" value_param="9" status="run" time="0.001" classname="ReachTargetStateWithUnpublish/ADisplayManagerWithRenderer_ReachTargetStateWithUnpublish" />
    <testcase name="unpublishAtEveryStepWhileReachingEveryState/10" value_param="10" status="run" time="0.001" classname="ReachTargetStateWithUnpublish/ADisplayManagerWithRenderer_ReachTargetStateWithUnpublish" />
    <testcase name="unpublishAtEveryStepWhileReachingEveryState/11" value_param="11" status="run" time="0" classname="ReachTargetStateWithUnpublish/ADisplayManagerWithRenderer_ReachTargetStateWithUnpublish" />
    <testcase name="unpublishAtEveryStepWhileReachingEveryState/12" value_param="12" status="run" time="0.001" classname="ReachTargetStateWithUnpublish/ADisplayManagerWithRenderer_ReachTargetStateWithUnpublish" />
    <testcase name="unpublishAtEveryStepWhileReachingEveryState/13" value_param="13" status="run" time="0" classname="ReachTargetStateWithUnpublish/ADisplayManagerWithRenderer_ReachTargetStateWithUnpublish" />
    <testcase name="unpublishAtEveryStepWhileReachingEveryState/14" value_param="14" status="run" time="0.001" classname="ReachTargetStateWithUnpublish/ADisplayManagerWithRenderer_ReachTargetStateWithUnpublish" />
    <testcase name="unpublishAtEveryStepWhileReachingEveryState/15" value_param="15" status="run" time="0.001" classname="ReachTargetStateWithUnpublish/ADisplayManagerWithRenderer_ReachTargetStateWithUnpublish" />
    <testcase name="unpublishAtEveryStepWhileReachingEveryState/16" value_param="16" status="run" time="0" classname="ReachTargetStateWithUnpublish/ADisplayManagerWithRenderer_ReachTargetStateWithUnpublish" />
    <testcase name="unpublishAtEveryStepWhileReachingEveryState/17" value_param="17" status="run" time="0.001" classname="ReachTargetStateWithUnpublish/ADisplayManagerWithRenderer_ReachTargetStateWithUnpublish" />
    <testcase name="unpublishAtEveryStepWhileReachingEveryState/18" value_param="18" status="run" time="0" classname="ReachTargetStateWithUnpublish/ADisplayManagerWithRenderer_ReachTargetStateWithUnpublish" />
    <testcase name="unpublishAtEveryStepWhileReachingEveryState/19" value_param="19" status="run" time="0.001" classname="ReachTargetStateWithUnpublish/ADisplayManagerWithRenderer_ReachTargetStateWithUnpublish" />
    <testcase name="unpublishAtEveryStepWhileReachingEveryState/20" value_param="20" status="run" time="0" classname="ReachTargetStateWithUnpublish/ADisplayManagerWithRenderer_ReachTargetStateWithUnpublish" />
    <testcase name="unpublishAtEveryStepWhileReachingEveryState/21" value_param="21" status="run" time="0.001" classname="ReachTargetStateWithUnpublish/ADisplayManagerWithRenderer_ReachTargetStateWithUnpublish" />
    <testcase name="unpublishAtEveryStepWhileReachingEveryState/22" value_param="22" status="run" time="0.001" classname="ReachTargetStateWithUnpublish/ADisplayManagerWithRenderer_ReachTargetStateWithUnpublish" />
    <testcase name="unpublishAtEveryStepWhileReachingEveryState/23" value_param="23" status="run" time="0" classname="ReachTargetStateWithUnpublish/ADisplayManagerWithRenderer_ReachTargetStateWithUnpublish" />
[...]
    <testcase name="unpublishAtEveryStepWhileReachingEveryState/147" value_param="147" status="run" time="0.001" classname="ReachTargetStateWithUnpublish/ADisplayManagerWithRenderer_ReachTargetStateWithUnpublish" />
    <testcase name="unpublishAtEveryStepWhileReachingEveryState/148" value_param="148" status="run" time="0" classname="ReachTargetStateWithUnpublish/ADisplayManagerWithRenderer_ReachTargetStateWithUnpublish" />
    <testcase name="unpublishAtEveryStepWhileReachingEveryState/149" value_param="149" status="run" time="0.001" classname="ReachTargetStateWithUnpublish/ADisplayManagerWithRenderer_ReachTargetStateWithUnpublish" />
    <testcase name="unpublishAtEveryStepWhileReachingEveryState/150" value_param="150" status="run" time="0" classname="ReachTargetStateWithUnpublish/ADisplayManagerWithRenderer_ReachTargetStateWithUnpublish" />
    <testcase name="unpublishAtEveryStepWhileReachingEveryState/151" value_param="151" status="run" time="0.001" classname="ReachTargetStateWithUnpublish/ADisplayManagerWithRenderer_ReachTargetStateWithUnpublish" />
    <testcase name="unpublishAtEveryStepWhileReachingEveryState/152" value_param="152" status="run" time="0.001" classname="ReachTargetStateWithUnpublish/ADisplayManagerWithRenderer_ReachTargetStateWithUnpublish" />
    <testcase name="unpublishAtEveryStepWhileReachingEveryState/153" value_param="153" status="run" time="0.001" classname="ReachTargetStateWithUnpublish/ADisplayManagerWithRenderer_ReachTargetStateWithUnpublish" />
    <testcase name="unpublishAtEveryStepWhileReachingEveryState/154" value_param="154" status="run" time="0.001" classname="ReachTargetStateWithUnpublish/ADisplayManagerWithRenderer_ReachTargetStateWithUnpublish" />
    <testcase name="unpublishAtEveryStepWhileReachingEveryState/155" value_param="155" status="run" time="0.001" classname="ReachTargetStateWithUnpublish/ADisplayManagerWithRenderer_ReachTargetStateWithUnpublish" />
    <testcase name="unpublishAtEveryStepWhileReachingEveryState/156" value_param="156" status="run" time="0.001" classname="ReachTargetStateWithUnpublish/ADisplayManagerWithRenderer_ReachTargetStateWithUnpublish" />
    <testcase name="unpublishAtEveryStepWhileReachingEveryState/157" value_param="157" status="run" time="0" classname="ReachTargetStateWithUnpublish/ADisplayManagerWithRenderer_ReachTargetStateWithUnpublish" />
    <testcase name="unpublishAtEveryStepWhileReachingEveryState/158" value_param="158" status="run" time="0.001" classname="ReachTargetStateWithUnpublish/ADisplayManagerWithRenderer_ReachTargetStateWithUnpublish" />
    <testcase name="unpublishAtEveryStepWhileReachingEveryState/159" value_param="159" status="run" time="0.001" classname="ReachTargetStateWithUnpublish/ADisplayManagerWithRenderer_ReachTargetStateWithUnpublish" />
    <testcase name="unpublishAtEveryStepWhileReachingEveryState/160" value_param="160" status="run" time="0" classname="ReachTargetStateWithUnpublish/ADisplayManagerWithRenderer_ReachTargetStateWithUnpublish" />
    <testcase name="unpublishAtEveryStepWhileReachingEveryState/161" value_param="161" status="run" time="0.001" classname="ReachTargetStateWithUnpublish/ADisplayManagerWithRenderer_ReachTargetStateWithUnpublish" />
    <testcase name="unpublishAtEveryStepWhileReachingEveryState/162" value_param="162" status="run" time="0" classname="ReachTargetStateWithUnpublish/ADisplayManagerWithRenderer_ReachTargetStateWithUnpublish" />
    <testcase name="unpublishAtEveryStepWhileReachingEveryState/163" value_param="163" status="run" time="0.001" classname="ReachTargetStateWithUnpublish/ADisplayManagerWithRenderer_ReachTargetStateWithUnpublish" />
    <testcase name="unpublishAtEveryStepWhileReachingEveryState/164" value_param="164" status="run" time="0" classname="ReachTargetStateWithUnpublish/ADisplayManagerWithRenderer_ReachTargetStateWithUnpublish" />
    <testcase name="unpublishAtEveryStepWhileReachingEveryState/165" value_param="165" status="run" time="0" classname="ReachTargetStateWithUnpublish/ADisplayManagerWithRenderer_ReachTargetStateWithUnpublish" />
    <testcase name="unpublishAtEveryStepWhileReachingEveryState/166" value_param="166" status="run" time="0.001" classname="ReachTargetStateWithUnpublish/ADisplayManagerWithRenderer_ReachTargetStateWithUnpublish" />
    <testcase name="unpublishAtEveryStepWhileReachingEveryState/167" value_param="167" status="run" time="0" classname="ReachTargetStateWithUnpublish/ADisplayManagerWithRenderer_ReachTargetStateWithUnpublish" />
    <testcase name="unpublishAtEveryStepWhileReachingEveryState/168" value_param="168" status="run" time="0.001" classname="ReachTargetStateWithUnpublish/ADisplayManagerWithRenderer_ReachTargetStateWithUnpublish" />
    <testcase name="unpublishAtEveryStepWhileReachingEveryState/169" value_param="169" status="run" time="0.001" classname="ReachTargetStateWithUnpublish/ADisplayManagerWithRenderer_ReachTargetStateWithUnpublish" />
    <testcase name="unpublishAtEveryStepWhileReachingEveryState/170" value_param="170" status="run" time="0" classname="ReachTargetStateWithUnpublish/ADisplayManagerWithRenderer_ReachTargetStateWithUnpublish" />
    <testcase name="unpublishAtEveryStepWhileReachingEveryState/171" value_param="171" status="run" time="0.001" classname="ReachTargetStateWithUnpublish/ADisplayManagerWithRenderer_ReachTargetStateWithUnpublish" />
    <testcase name="unpublishAtEveryStepWhileReachingEveryState/172" value_param="172" status="run" time="0" classname="ReachTargetStateWithUnpublish/ADisplayManagerWithRenderer_ReachTargetStateWithUnpublish" />
    <testcase name="unpublishAtEveryStepWhileReachingEveryState/173" value_param="173" status="run" time="0.001" classname="ReachTargetStateWithUnpublish/ADisplayManagerWithRenderer_ReachTargetStateWithUnpublish" />
    <testcase name="unpublishAtEveryStepWhileReachingEveryState/174" value_param="174" status="run" time="0.001" classname="ReachTargetStateWithUnpublish/ADisplayManagerWithRenderer_ReachTargetStateWithUnpublish" />
    <testcase name="unpublishAtEveryStepWhileReachingEveryState/175" value_param="175" status="run" time="0" classname="ReachTargetStateWithUnpublish/ADisplayManagerWithRenderer_ReachTargetStateWithUnpublish" />
    <testcase name="unpublishAtEveryStepWhileReachingEveryState/176" value_param="176" status="run" time="0.001" classname="ReachTargetStateWithUnpublish/ADisplayManagerWithRenderer_ReachTargetStateWithUnpublish" />
    <testcase name="unpublishAtEveryStepWhileReachingEveryState/177" value_param="177" status="run" time="0" classname="ReachTargetStateWithUnpublish/ADisplayManagerWithRenderer_ReachTargetStateWithUnpublish" />
    <testcase name="unpublishAtEveryStepWhileReachingEveryState/178" value_param="178" status="run" time="0.001" classname="ReachTargetStateWithUnpublish/ADisplayManagerWithRenderer_ReachTargetStateWithUnpublish" />
    <testcase name="unpublishAtEveryStepWhileReachingEveryState/179" value_param="179" status="run" time="0.001" classname="ReachTargetStateWithUnpublish/ADisplayManagerWithRenderer_ReachTargetStateWithUnpublish" />
    <testcase name="unpublishAtEveryStepWhileReachingEveryState/180" value_param="180" status="run" time="0" classname="ReachTargetStateWithUnpublish/ADisplayManagerWithRenderer_ReachTargetStateWithUnpublish" />
    <testcase name="unpublishAtEveryStepWhileReachingEveryState/181" value_param="181" status="run" time="0.001" classname="ReachTargetStateWithUnpublish/ADisplayManagerWithRenderer_ReachTargetStateWithUnpublish" />
    <testcase name="unpublishAtEveryStepWhileReachingEveryState/182" value_param="182" status="run" time="0" classname="ReachTargetStateWithUnpublish/ADisplayManagerWithRenderer_ReachTargetStateWithUnpublish" />
    <testcase name="unpublishAtEveryStepWhileReachingEveryState/183" value_param="183" status="run" time="0.001" classname="ReachTargetStateWithUnpublish/ADisplayManagerWithRenderer_ReachTargetStateWithUnpublish" />
    <testcase name="unpublishAtEveryStepWhileReachingEveryState/184" value_param="184" status="run" time="0.001" classname="ReachTargetStateWithUnpublish/ADisplayManagerWithRenderer_ReachTargetStateWithUnpublish" />
    <testcase name="unpublishAtEveryStepWhileReachingEveryState/185" value_param="185" status="run" time="0" classname="ReachTargetStateWithUnpublish/ADisplayManagerWithRenderer_ReachTargetStateWithUnpublish" />
    <testcase name="unpublishAtEveryStepWhileReachingEveryState/186" value_param="186" status="run" time="0.001" classname="ReachTargetStateWithUnpublish/ADisplayManagerWithRenderer_ReachTargetStateWithUnpublish" />
    <testcase name="unpublishAtEveryStepWhileReachingEveryState/187" value_param="187" status="run" time="0.001" classname="ReachTargetStateWithUnpublish/ADisplayManagerWithRenderer_ReachTargetStateWithUnpublish" />
    <testcase name="unpublishAtEveryStepWhileReachingEveryState/188" value_param="188" status="run" time="0.001" classname="ReachTargetStateWithUnpublish/ADisplayManagerWithRenderer_ReachTargetStateWithUnpublish" />
    <testcase name="unpublishAtEveryStepWhileReachingEveryState/189" value_param="189" status="run" time="0" classname="ReachTargetStateWithUnpublish/ADisplayManagerWithRenderer_ReachTargetStateWithUnpublish" />
    <testcase name="unpublishAtEveryStepWhileReachingEveryState/190" value_param="190" status="run" time="0.001" classname="ReachTargetStateWithUnpublish/ADisplayManagerWithRenderer_ReachTargetStateWithUnpublish" />
    <testcase name="unpublishAtEveryStepWhileReachingEveryState/191" value_param="191" status="run" time="0.001" classname="ReachTargetStateWithUnpublish/ADisplayManagerWithRenderer_ReachTargetStateWithUnpublish" />
    <testcase name="unpublishAtEveryStepWhileReachingEveryState/192" value_param="192" status="run" time="0" classname="ReachTargetStateWithUnpublish/ADisplayManagerWithRenderer_ReachTargetStateWithUnpublish" />
    <testcase name="unpublishAtEveryStepWhileReachingEveryState/193" value_param="193" status="run" time="0.001" classname="ReachTargetStateWithUnpublish/ADisplayManagerWithRenderer_ReachTargetStateWithUnpublish" />
    <testcase name="unpublishAtEveryStepWhileReachingEveryState/194" value_param="194" status="run" time="0.001" classname="ReachTargetStateWithUnpublish/ADisplayManagerWithRenderer_ReachTargetStateWithUnpublish" />
    <testcase name="unpublishAtEveryStepWhileReachingEveryState/195" value_param="195" status="run" time="0" classname="ReachTargetStateWithUnpublish/ADisplayManagerWithRenderer_ReachTargetStateWithUnpublish" />
    <testcase name="unpublishAtEveryStepWhileReachingEveryState/196" value_param="196" status="run" time="0.001" classname="ReachTargetStateWithUnpublish/ADisplayManagerWithRenderer_ReachTargetStateWithUnpublish" />
    <testcase name="unpublishAtEveryStepWhileReachingEveryState/197" value_param="197" status="run" time="0" classname="ReachTargetStateWithUnpublish/ADisplayManagerWithRenderer_ReachTargetStateWithUnpublish" />
    <testcase name="unpublishAtEveryStepWhileReachingEveryState/198" value_param="198" status="run" time="0.001" classname="ReachTargetStateWithUnpublish/ADisplayManagerWithRenderer_ReachTargetStateWithUnpublish" />
    <testcase name="unpublishAtEveryStepWhileReachingEveryState/199" value_param="199" status="run" time="0.001" classname="ReachTargetStateWithUnpublish/ADisplayManagerWithRenderer_ReachTargetStateWithUnpublish" />
    <testcase name="unpublishAtEveryStepWhileReachingEveryState/200" value_param="200" status="run" time="0" classname="ReachTargetStateWithUnpublish/ADisplayManagerWithRenderer_ReachTargetStateWithUnpublish" />
    <testcase name="unpublishAtEveryStepWhileReachingEveryState/201" value_param="201" status="run" time="0.001" classname="ReachTargetStateWithUnpublish/ADisplayManagerWithRenderer_ReachTargetStateWithUnpublish" />
    <testcase name="unpublishAtEveryStepWhileReachingEveryState/202" value_param="202" status="run" time="0" classname="ReachTargetStateWithUnpublish/ADisplayManagerWithRenderer_ReachTargetStateWithUnpublish" />
    <testcase name="unpublishAtEveryStepWhileReachingEveryState/203" value_param="203" status="run" time="0.001" classname="ReachTargetStateWithUnpublish/ADisplayManagerWithRenderer_ReachTargetStateWithUnpublish" />
    <testcase name="unpublishAtEveryStepWhileReachingEveryState/204" value_param="204" status="run" time="0.001" classname="ReachTargetStateWithUnpublish/ADisplayManagerWithRenderer_ReachTargetStateWithUnpublish" />
    <testcase name="unpublishAtEveryStepWhileReachingEveryState/205" value_param="205" status="run" time="0" classname="ReachTargetStateWithUnpublish/ADisplayManagerWithRenderer_ReachTargetStateWithUnpublish" />
    <testcase name="unpublishAtEveryStepWhileReachingEveryState/206" value_param="206" status="run" time="0.001" classname="ReachTargetStateWithUnpublish/ADisplayManagerWithRenderer_ReachTargetStateWithUnpublish" />
    <testcase name="unpublishAtEveryStepWhileReachingEveryState/207" value_param="207" status="run" time="0" classname="ReachTargetStateWithUnpublish/ADisplayManagerWithRenderer_ReachTargetStateWithUnpublish" />
    <testcase name="unpublishAtEveryStepWhileReachingEveryState/208" value_param="208" status="run" time="0.001" classname="ReachTargetStateWithUnpublish/ADisplayManagerWithRenderer_ReachTargetStateWithUnpublish" />
    <testcase name="unpublishAtEveryStepWhileReachingEveryState/209" value_param="209" status="run" time="0.001" classname="ReachTargetStateWithUnpublish/ADisplayManagerWithRenderer_ReachTargetStateWithUnpublish" />
    <testcase name="unpublishAtEveryStepWhileReachingEveryState/210" value_param="210" status="run" time="0" classname="ReachTargetStateWithUnpublish/ADisplayManagerWithRenderer_ReachTargetStateWithUnpublish" />
    <testcase name="unpublishAtEveryStepWhileReachingEveryState/211" value_param="211" status="run" time="0.001" classname="ReachTargetStateWithUnpublish/ADisplayManagerWithRenderer_ReachTargetStateWithUnpublish" />
    <testcase name="unpublishAtEveryStepWhileReachingEveryState/212" value_param="212" status="run" time="0.001" classname="ReachTargetStateWithUnpublish/ADisplayManagerWithRenderer_ReachTargetStateWithUnpublish" />
    <testcase name="unpublishAtEveryStepWhileReachingEveryState/213" value_param="213" status="run" time="0" classname="ReachTargetStateWithUnpublish/ADisplayManagerWithRenderer_ReachTargetStateWithUnpublish" />
    <testcase name="unpublishAtEveryStepWhileReachingEveryState/214" value_param="214" status="run" time="0.001" classname="ReachTargetStateWithUnpublish/ADisplayManagerWithRenderer_ReachTargetStateWithUnpublish" />
    <testcase name="unpublishAtEveryStepWhileReachingEveryState/215" value_param="215" status="run" time="0.001" classname="ReachTargetStateWithUnpublish/ADisplayManagerWithRenderer_ReachTargetStateWithUnpublish" />
    <testcase name="unpublishAtEveryStepWhileReachingEveryState/216" value_param="216" status="run" time="0" classname="ReachTargetStateWithUnpublish/ADisplayManagerWithRenderer_ReachTargetStateWithUnpublish" />
    <testcase name="unpublishAtEveryStepWhileReachingEveryState/217" value_param="217" status="run" time="0.001" classname="ReachTargetStateWithUnpublish/ADisplayManagerWithRenderer_ReachTargetStateWithUnpublish" />
    <testcase name="unpublishAtEveryStepWhileReachingEveryState/218" value_param="218" status="run" time="0.002" classname="ReachTargetStateWithUnpublish/ADisplayManagerWithRenderer_ReachTargetStateWithUnpublish" />
    <testcase name="unpublishAtEveryStepWhileReachingEveryState/219" value_param="219" status="run" time="0" classname="ReachTargetStateWithUnpublish/ADisplayManagerWithRenderer_ReachTargetStateWithUnpublish" />
    <testcase name="unpublishAtEveryStepWhileReachingEveryState/220" value_param="220" status="run" time="0.001" classname="ReachTargetStateWithUnpublish/ADisplayManagerWithRenderer_ReachTargetStateWithUnpublish" />
    <testcase name="unpublishAtEveryStepWhileReachingEveryState/221" value_param="221" status="run" time="0.002" classname="ReachTargetStateWithUnpublish/ADisplayManagerWithRenderer_ReachTargetStateWithUnpublish" />
    <testcase name="unpublishAtEveryStepWhileReachingEveryState/222" value_param="222" status="run" time="0.001" classname="ReachTargetStateWithUnpublish/ADisplayManagerWithRenderer_ReachTargetStateWithUnpublish" />
    <testcase name="unpublishAtEveryStepWhileReachingEveryState/223" value_param="223" status="run" time="0" classname="ReachTargetStateWithUnpublish/ADisplayManagerWithRenderer_ReachTargetStateWithUnpublish" />
    <testcase name="unpublishAtEveryStepWhileReachingEveryState/224" value_param="224" status="run" time="0.001" classname="ReachTargetStateWithUnpublish/ADisplayManagerWithRenderer_ReachTargetStateWithUnpublish" />
    <testcase name="unpublishAtEveryStepWhileReachingEveryState/225" value_param="225" status="run" time="0.001" classname="ReachTargetStateWithUnpublish/ADisplayManagerWithRenderer_ReachTargetStateWithUnpublish" />
    <testcase name="unpublishAtEveryStepWhileReachingEveryState/226" value_param="226" status="run" time="0" classname="ReachTargetStateWithUnpublish/ADisplayManagerWithRenderer_ReachTargetStateWithUnpublish" />
    <testcase name="unpublishAtEveryStepWhileReachingEveryState/227" value_param="227" status="run" time="0.001" classname="ReachTargetStateWithUnpublish/ADisplayManagerWithRenderer_ReachTargetStateWithUnpublish" />
    <testcase name="unpublishAtEveryStepWhileReachingEveryState/228" value_param="228" status="run" time="0" classname="ReachTargetStateWithUnpublish/ADisplayManagerWithRenderer_ReachTargetStateWithUnpublish" />
    <testcase name="unpublishAtEveryStepWhileReachingEveryState/229" value_param="229" status="run" time="0.001" classname="ReachTargetStateWithUnpublish/ADisplayManagerWithRenderer_ReachTargetStateWithUnpublish" />
    <testcase name="unpublishAtEveryStepWhileReachingEveryState/230" value_param="230" status="run" time="0.001" classname="ReachTargetStateWithUnpublish/ADisplayManagerWithRenderer_ReachTargetStateWithUnpublish" />
    <testcase name="unpublishAtEveryStepWhileReachingEveryState/231" value_param="231" status="run" time="0" classname="ReachTargetStateWithUnpublish/ADisplayManagerWithRenderer_ReachTargetStateWithUnpublish" />
    <testcase name="unpublishAtEveryStepWhileReachingEveryState/232" value_param="232" status="run" time="0.001" classname="ReachTargetStateWithUnpublish/ADisplayManagerWithRenderer_ReachTargetStateWithUnpublish" />
    <testcase name="unpublishAtEveryStepWhileReachingEveryState/233" value_param="233" status="run" time="0" classname="ReachTargetStateWithUnpublish/ADisplayManagerWithRenderer_ReachTargetStateWithUnpublish" />
    <testcase name="unpublishAtEveryStepWhileReachingEveryState/234" value_param="234" status="run" time="0.001" classname="ReachTargetStateWithUnpublish/ADisplayManagerWithRenderer_ReachTargetStateWithUnpublish" />
    <testcase name="unpublishAtEveryStepWhileReachingEveryState/235" value_param="235" status="run" time="0.001" classname="ReachTargetStateWithUnpublish/ADisplayManagerWithRenderer_ReachTargetStateWithUnpublish" />
    <testcase name="unpublishAtEveryStepWhileReachingEveryState/236" value_param="236" status="run" time="0" classname="ReachTargetStateWithUnpublish/ADisplayManagerWithRenderer_ReachTargetStateWithUnpublish" />
    <testcase name="unpublishAtEveryStepWhileReachingEveryState/237" value_param="237" status="run" time="0.001" classname="ReachTargetStateWithUnpublish/ADisplayManagerWithRenderer_ReachTargetStateWithUnpublish" />
    <testcase name="unpublishAtEveryStepWhileReachingEveryState/238" value_param="238" status="run" time="0.001" classname="ReachTargetStateWithUnpublish/ADisplayManagerWithRenderer_ReachTargetStateWithUnpublish" />
    <testcase name="unpublishAtEveryStepWhileReachingEveryState/239" value_param="239" status="run" time="0" classname="ReachTargetStateWithUnpublish/ADisplayManagerWithRenderer_ReachTargetStateWithUnpublish" />
  </testsuite>
</testsuites>
